Log file open, 09/11/16 14:07:46
LogInit:Display: Running engine for game: SubEarth
LogPlatformFile: Not using cached read wrapper
LogInit:Display: RandInit(-1039154527) SRandInit(-1039154527).
LogTaskGraph: Started task graph with 5 named threads and 6 total threads with 1 sets of task threads.
LogStats: Stats thread started at 0.635014
LogPluginManager: Loaded Plugin Paper2D, From C:/Program Files (x86)/Epic Games/4.13/Engine/Plugins/2D/Paper2D/Paper2D.uplugin
LogPluginManager: Loaded Plugin LightPropagationVolume, From C:/Program Files (x86)/Epic Games/4.13/Engine/Plugins/Blendables/LightPropagationVolume/LightPropagationVolume.uplugin
LogPluginManager: Loaded Plugin BlankPlugin, From C:/Program Files (x86)/Epic Games/4.13/Engine/Plugins/Developer/BlankPlugin/BlankPlugin.uplugin
LogPluginManager: Loaded Plugin CodeLiteSourceCodeAccess, From C:/Program Files (x86)/Epic Games/4.13/Engine/Plugins/Developer/CodeLiteSourceCodeAccess/CodeLiteSourceCodeAccess.uplugin
LogPluginManager: Loaded Plugin GitSourceControl, From C:/Program Files (x86)/Epic Games/4.13/Engine/Plugins/Developer/GitSourceControl/GitSourceControl.uplugin
LogPluginManager: Loaded Plugin KDevelopSourceCodeAccess, From C:/Program Files (x86)/Epic Games/4.13/Engine/Plugins/Developer/KDevelopSourceCodeAccess/KDevelopSourceCodeAccess.uplugin
LogPluginManager: Loaded Plugin NullSourceCodeAccess, From C:/Program Files (x86)/Epic Games/4.13/Engine/Plugins/Developer/NullSourceCodeAccess/NullSourceCodeAccess.uplugin
LogPluginManager: Loaded Plugin OneSkyLocalizationService, From C:/Program Files (x86)/Epic Games/4.13/Engine/Plugins/Developer/OneSkyLocalizationService/OneSkyLocalizationService.uplugin
LogPluginManager: Loaded Plugin PerforceSourceControl, From C:/Program Files (x86)/Epic Games/4.13/Engine/Plugins/Developer/PerforceSourceControl/PerforceSourceControl.uplugin
LogPluginManager: Loaded Plugin SubversionSourceControl, From C:/Program Files (x86)/Epic Games/4.13/Engine/Plugins/Developer/SubversionSourceControl/SubversionSourceControl.uplugin
LogPluginManager: Loaded Plugin UObjectPlugin, From C:/Program Files (x86)/Epic Games/4.13/Engine/Plugins/Developer/UObjectPlugin/UObjectPlugin.uplugin
LogPluginManager: Loaded Plugin VisualStudioSourceCodeAccess, From C:/Program Files (x86)/Epic Games/4.13/Engine/Plugins/Developer/VisualStudioSourceCodeAccess/VisualStudioSourceCodeAccess.uplugin
LogPluginManager: Loaded Plugin XCodeSourceCodeAccess, From C:/Program Files (x86)/Epic Games/4.13/Engine/Plugins/Developer/XCodeSourceCodeAccess/XCodeSourceCodeAccess.uplugin
LogPluginManager: Loaded Plugin EpicSurvey, From C:/Program Files (x86)/Epic Games/4.13/Engine/Plugins/Editor/EpicSurvey/EpicSurvey.uplugin
LogPluginManager: Loaded Plugin MacGraphicsSwitching, From C:/Program Files (x86)/Epic Games/4.13/Engine/Plugins/Editor/MacGraphicsSwitching/MacGraphicsSwitching.uplugin
LogPluginManager: Loaded Plugin MobileLauncherProfileWizard, From C:/Program Files (x86)/Epic Games/4.13/Engine/Plugins/Editor/MobileLauncherProfileWizard/MobileLauncherProfileWizard.uplugin
LogPluginManager: Loaded Plugin PluginBrowser, From C:/Program Files (x86)/Epic Games/4.13/Engine/Plugins/Editor/PluginBrowser/PluginBrowser.uplugin
LogPluginManager: Loaded Plugin SpeedTreeImporter, From C:/Program Files (x86)/Epic Games/4.13/Engine/Plugins/Editor/SpeedTreeImporter/SpeedTreeImporter.uplugin
LogPluginManager: Loaded Plugin SuperSearchEditor, From C:/Program Files (x86)/Epic Games/4.13/Engine/Plugins/Editor/SuperSearchEditor/SuperSearchEditor.uplugin
LogPluginManager: Loaded Plugin AlembicImporter, From C:/Program Files (x86)/Epic Games/4.13/Engine/Plugins/Experimental/AlembicImporter/AlembicImporter.uplugin
LogPluginManager: Loaded Plugin BlueprintStats, From C:/Program Files (x86)/Epic Games/4.13/Engine/Plugins/Experimental/BlueprintStats/BlueprintStats.uplugin
LogPluginManager: Loaded Plugin CharacterAI, From C:/Program Files (x86)/Epic Games/4.13/Engine/Plugins/Experimental/CharacterAI/CharacterAI.uplugin
LogPluginManager: Loaded Plugin CodeEditor, From C:/Program Files (x86)/Epic Games/4.13/Engine/Plugins/Experimental/CodeEditor/CodeEditor.uplugin
LogPluginManager: Loaded Plugin CodeView, From C:/Program Files (x86)/Epic Games/4.13/Engine/Plugins/Experimental/CodeView/CodeView.uplugin
LogPluginManager: Loaded Plugin HTML5Networking, From C:/Program Files (x86)/Epic Games/4.13/Engine/Plugins/Experimental/HTML5Networking/HTML5Networking.uplugin
LogPluginManager: Loaded Plugin LiveEditor, From C:/Program Files (x86)/Epic Games/4.13/Engine/Plugins/Experimental/LiveEditor/LiveEditor.uplugin
LogPluginManager: Loaded Plugin OSVR, From C:/Program Files (x86)/Epic Games/4.13/Engine/Plugins/Experimental/OSVR/OSVR.uplugin
LogPluginManager: Loaded Plugin Phya, From C:/Program Files (x86)/Epic Games/4.13/Engine/Plugins/Experimental/Phya/Phya.uplugin
LogPluginManager: Loaded Plugin SignificanceManager, From C:/Program Files (x86)/Epic Games/4.13/Engine/Plugins/Experimental/SignificanceManager/SignificanceManager.uplugin
LogPluginManager: Loaded Plugin SimpleHMD, From C:/Program Files (x86)/Epic Games/4.13/Engine/Plugins/Experimental/SimpleHMD/SimpleHMD.uplugin
LogPluginManager: Loaded Plugin StereoPanorama, From C:/Program Files (x86)/Epic Games/4.13/Engine/Plugins/Experimental/StereoPanorama/StereoPanorama.uplugin
LogPluginManager: Loaded Plugin StructBox, From C:/Program Files (x86)/Epic Games/4.13/Engine/Plugins/Experimental/StructBox/StructBox.uplugin
LogPluginManager: Loaded Plugin AndroidMedia, From C:/Program Files (x86)/Epic Games/4.13/Engine/Plugins/Media/AndroidMedia/AndroidMedia.uplugin
LogPluginManager: Loaded Plugin AvfMedia, From C:/Program Files (x86)/Epic Games/4.13/Engine/Plugins/Media/AvfMedia/AvfMedia.uplugin
LogPluginManager: Loaded Plugin MediaPlayerEditor, From C:/Program Files (x86)/Epic Games/4.13/Engine/Plugins/Media/MediaPlayerEditor/MediaPlayerEditor.uplugin
LogPluginManager: Loaded Plugin WmfMedia, From C:/Program Files (x86)/Epic Games/4.13/Engine/Plugins/Media/WmfMedia/WmfMedia.uplugin
LogPluginManager: Loaded Plugin MessagingDebugger, From C:/Program Files (x86)/Epic Games/4.13/Engine/Plugins/Messaging/MessagingDebugger/MessagingDebugger.uplugin
LogPluginManager: Loaded Plugin TcpMessaging, From C:/Program Files (x86)/Epic Games/4.13/Engine/Plugins/Messaging/TcpMessaging/TcpMessaging.uplugin
LogPluginManager: Loaded Plugin UdpMessaging, From C:/Program Files (x86)/Epic Games/4.13/Engine/Plugins/Messaging/UdpMessaging/UdpMessaging.uplugin
LogPluginManager: Loaded Plugin LevelSequenceEditor, From C:/Program Files (x86)/Epic Games/4.13/Engine/Plugins/MovieScene/LevelSequenceEditor/LevelSequenceEditor.uplugin
LogPluginManager: Loaded Plugin MatineeToLevelSequence, From C:/Program Files (x86)/Epic Games/4.13/Engine/Plugins/MovieScene/MatineeToLevelSequence/MatineeToLevelSequence.uplugin
LogPluginManager: Loaded Plugin NetcodeUnitTest, From C:/Program Files (x86)/Epic Games/4.13/Engine/Plugins/NetcodeUnitTest/NetcodeUnitTest/NetcodeUnitTest.uplugin
LogPluginManager: Loaded Plugin NUTUnrealEngine4, From C:/Program Files (x86)/Epic Games/4.13/Engine/Plugins/NetcodeUnitTest/NUTUnrealEngine4/NUTUnrealEngine4.uplugin
LogPluginManager: Loaded Plugin OnlineSubsystemGooglePlay, From C:/Program Files (x86)/Epic Games/4.13/Engine/Plugins/Online/Android/OnlineSubsystemGooglePlay/OnlineSubsystemGooglePlay.uplugin
LogPluginManager: Loaded Plugin OnlineSubsystemIOS, From C:/Program Files (x86)/Epic Games/4.13/Engine/Plugins/Online/IOS/OnlineSubsystemIOS/OnlineSubsystemIOS.uplugin
LogPluginManager: Loaded Plugin OnlineFramework, From C:/Program Files (x86)/Epic Games/4.13/Engine/Plugins/Online/OnlineFramework/OnlineFramework.uplugin
LogPluginManager: Loaded Plugin OnlineSubsystem, From C:/Program Files (x86)/Epic Games/4.13/Engine/Plugins/Online/OnlineSubsystem/OnlineSubsystem.uplugin
LogPluginManager: Loaded Plugin OnlineSubsystemAmazon, From C:/Program Files (x86)/Epic Games/4.13/Engine/Plugins/Online/OnlineSubsystemAmazon/OnlineSubsystemAmazon.uplugin
LogPluginManager: Loaded Plugin OnlineSubsystemFacebook, From C:/Program Files (x86)/Epic Games/4.13/Engine/Plugins/Online/OnlineSubsystemFacebook/OnlineSubsystemFacebook.uplugin
LogPluginManager: Loaded Plugin OnlineSubsystemNull, From C:/Program Files (x86)/Epic Games/4.13/Engine/Plugins/Online/OnlineSubsystemNull/OnlineSubsystemNull.uplugin
LogPluginManager: Loaded Plugin OnlineSubsystemOculus, From C:/Program Files (x86)/Epic Games/4.13/Engine/Plugins/Online/OnlineSubsystemOculus/OnlineSubsystemOculus.uplugin
LogPluginManager: Loaded Plugin OnlineSubsystemSteam, From C:/Program Files (x86)/Epic Games/4.13/Engine/Plugins/Online/OnlineSubsystemSteam/OnlineSubsystemSteam.uplugin
LogPluginManager: Loaded Plugin OnlineSubsystemUtils, From C:/Program Files (x86)/Epic Games/4.13/Engine/Plugins/Online/OnlineSubsystemUtils/OnlineSubsystemUtils.uplugin
LogPluginManager: Loaded Plugin IOSTapJoy, From C:/Program Files (x86)/Epic Games/4.13/Engine/Plugins/Runtime/Advertising/IOSTapJoy/IOSTapJoy.uplugin
LogPluginManager: Loaded Plugin AnalyticsBlueprintLibrary, From C:/Program Files (x86)/Epic Games/4.13/Engine/Plugins/Runtime/Analytics/AnalyticsBlueprintLibrary/AnalyticsBlueprintLibrary.uplugin
LogPluginManager: Loaded Plugin AnalyticsMulticast, From C:/Program Files (x86)/Epic Games/4.13/Engine/Plugins/Runtime/Analytics/AnalyticsMulticast/AnalyticsMulticast.uplugin
LogPluginManager: Loaded Plugin Apsalar, From C:/Program Files (x86)/Epic Games/4.13/Engine/Plugins/Runtime/Analytics/Apsalar/Apsalar.uplugin
LogPluginManager: Loaded Plugin FileLogging, From C:/Program Files (x86)/Epic Games/4.13/Engine/Plugins/Runtime/Analytics/FileLogging/FileLogging.uplugin
LogPluginManager: Loaded Plugin Flurry, From C:/Program Files (x86)/Epic Games/4.13/Engine/Plugins/Runtime/Analytics/Flurry/Flurry.uplugin
LogPluginManager: Loaded Plugin AndroidDeviceProfileSelector, From C:/Program Files (x86)/Epic Games/4.13/Engine/Plugins/Runtime/AndroidDeviceProfileSelector/AndroidDeviceProfileSelector.uplugin
LogPluginManager: Loaded Plugin AndroidMoviePlayer, From C:/Program Files (x86)/Epic Games/4.13/Engine/Plugins/Runtime/AndroidMoviePlayer/AndroidMoviePlayer.uplugin
LogPluginManager: Loaded Plugin AppleMoviePlayer, From C:/Program Files (x86)/Epic Games/4.13/Engine/Plugins/Runtime/AppleMoviePlayer/AppleMoviePlayer.uplugin
LogPluginManager: Loaded Plugin ArchVisCharacter, From C:/Program Files (x86)/Epic Games/4.13/Engine/Plugins/Runtime/ArchVisCharacter/ArchVisCharacter.uplugin
LogPluginManager: Loaded Plugin CableComponent, From C:/Program Files (x86)/Epic Games/4.13/Engine/Plugins/Runtime/CableComponent/CableComponent.uplugin
LogPluginManager: Loaded Plugin CustomMeshComponent, From C:/Program Files (x86)/Epic Games/4.13/Engine/Plugins/Runtime/CustomMeshComponent/CustomMeshComponent.uplugin
LogPluginManager: Loaded Plugin ExampleDeviceProfileSelector, From C:/Program Files (x86)/Epic Games/4.13/Engine/Plugins/Runtime/ExampleDeviceProfileSelector/ExampleDeviceProfileSelector.uplugin
LogPluginManager: Loaded Plugin GearVR, From C:/Program Files (x86)/Epic Games/4.13/Engine/Plugins/Runtime/GearVR/GearVR.uplugin
LogPluginManager: Loaded Plugin GoogleVRController, From C:/Program Files (x86)/Epic Games/4.13/Engine/Plugins/Runtime/GoogleVR/GoogleVRController/GoogleVRController.uplugin
LogPluginManager: Loaded Plugin GoogleVRHMD, From C:/Program Files (x86)/Epic Games/4.13/Engine/Plugins/Runtime/GoogleVR/GoogleVRHMD/GoogleVRHMD.uplugin
LogPluginManager: Loaded Plugin IOSDeviceProfileSelector, From C:/Program Files (x86)/Epic Games/4.13/Engine/Plugins/Runtime/IOSDeviceProfileSelector/IOSDeviceProfileSelector.uplugin
LogPluginManager: Loaded Plugin LeapMotion, From C:/Program Files (x86)/Epic Games/4.13/Engine/Plugins/Runtime/LeapMotion/LeapMotion.uplugin
LogPluginManager: Loaded Plugin LinuxDeviceProfileSelector, From C:/Program Files (x86)/Epic Games/4.13/Engine/Plugins/Runtime/LinuxDeviceProfileSelector/LinuxDeviceProfileSelector.uplugin
LogPluginManager: Loaded Plugin LiveEditorListenServer, From C:/Program Files (x86)/Epic Games/4.13/Engine/Plugins/Runtime/LiveEditorListenServer/LiveEditorListenServer.uplugin
LogPluginManager: Loaded Plugin OculusAudio, From C:/Program Files (x86)/Epic Games/4.13/Engine/Plugins/Runtime/OculusAudio/OculusAudio.uplugin
LogPluginManager: Loaded Plugin OculusInput, From C:/Program Files (x86)/Epic Games/4.13/Engine/Plugins/Runtime/OculusInput/OculusInput.uplugin
LogPluginManager: Loaded Plugin OculusLibrary, From C:/Program Files (x86)/Epic Games/4.13/Engine/Plugins/Runtime/OculusLibrary/OculusLibrary.uplugin
LogPluginManager: Loaded Plugin OculusRift, From C:/Program Files (x86)/Epic Games/4.13/Engine/Plugins/Runtime/OculusRift/OculusRift.uplugin
LogPluginManager: Loaded Plugin Oodle, From C:/Program Files (x86)/Epic Games/4.13/Engine/Plugins/Runtime/PacketHandlers/CompressionComponents/Oodle/Oodle.uplugin
LogPluginManager: Loaded Plugin ProceduralMeshComponent, From C:/Program Files (x86)/Epic Games/4.13/Engine/Plugins/Runtime/ProceduralMeshComponent/ProceduralMeshComponent.uplugin
LogPluginManager: Loaded Plugin SoundMod, From C:/Program Files (x86)/Epic Games/4.13/Engine/Plugins/Runtime/SoundMod/SoundMod.uplugin
LogPluginManager: Loaded Plugin SoundVisualizations, From C:/Program Files (x86)/Epic Games/4.13/Engine/Plugins/Runtime/SoundVisualizations/SoundVisualizations.uplugin
LogPluginManager: Loaded Plugin SteamController, From C:/Program Files (x86)/Epic Games/4.13/Engine/Plugins/Runtime/Steam/SteamController/SteamController.uplugin
LogPluginManager: Loaded Plugin SteamVR, From C:/Program Files (x86)/Epic Games/4.13/Engine/Plugins/Runtime/Steam/SteamVR/SteamVR.uplugin
LogPluginManager: Loaded Plugin WebBrowserWidget, From C:/Program Files (x86)/Epic Games/4.13/Engine/Plugins/Runtime/WebBrowserWidget/WebBrowserWidget.uplugin
LogPluginManager: Loaded Plugin WindowsDeviceProfileSelector, From C:/Program Files (x86)/Epic Games/4.13/Engine/Plugins/Runtime/WindowsDeviceProfileSelector/WindowsDeviceProfileSelector.uplugin
LogPluginManager: Loaded Plugin WindowsMoviePlayer, From C:/Program Files (x86)/Epic Games/4.13/Engine/Plugins/Runtime/WindowsMoviePlayer/WindowsMoviePlayer.uplugin
LogPluginManager: Loaded Plugin ScriptPlugin, From C:/Program Files (x86)/Epic Games/4.13/Engine/Plugins/ScriptPlugin/ScriptPlugin.uplugin
LogPluginManager: Loaded Plugin SlateRemote, From C:/Program Files (x86)/Epic Games/4.13/Engine/Plugins/Slate/SlateRemote/SlateRemote.uplugin
LogInit: Using libcurl 7.47.1
LogInit:  - built for x86_64-pc-win32
LogInit:  - supports SSL with WinSSL
LogInit:  - other features:
LogInit:      CURL_VERSION_SSL
LogInit:      CURL_VERSION_IPV6
LogInit:      CURL_VERSION_ASYNCHDNS
LogInit:      CURL_VERSION_LARGEFILE
LogInit:      CURL_VERSION_IDN
LogInit:  CurlRequestOptions (configurable via config and command line):
LogInit:  - bVerifyPeer = false  - Libcurl will NOT verify peer certificate
LogInit:  - bUseHttpProxy = false  - Libcurl will NOT use HTTP proxy
LogInit:  - bDontReuseConnections = false  - Libcurl will reuse connections
LogInit:  - CertBundlePath = nullptr  - Libcurl will use whatever was configured at build time.
LogInit: Build: ++UE4+Release-4.13-CL-3106830
LogInit: Engine Version: 4.13.0-3106830+++UE4+Release-4.13
LogInit: Compatible Engine Version: 4.13.0-3106830+++UE4+Release-4.13
LogInit: Net CL: 3106830
LogDevObjectVersion: Number of dev versions registered: 13
LogDevObjectVersion:   Dev-Blueprints (B0D832E4-1F89-4F0D-ACCF-7EB736FD4AA2): 5
LogDevObjectVersion:   Dev-Build (E1C64328-A22C-4D53-A36C-8E866417BD8C): 0
LogDevObjectVersion:   Dev-Core (375EC13C-06E4-48FB-B500-84F0262A717E): 1
LogDevObjectVersion:   Dev-Editor (E4B068ED-F494-42E9-A231-DA0B2E46BB41): 6
LogDevObjectVersion:   Dev-Framework (CFFC743F-43B0-4480-9391-14DF171D2073): 12
LogDevObjectVersion:   Dev-Mobile (B02B49B5-BB20-44E9-A304-32B752E40360): 0
LogDevObjectVersion:   Dev-Networking (A4E4105C-59A1-49B5-A7C5-40C4547EDFEE): 0
LogDevObjectVersion:   Dev-Online (39C831C9-5AE6-47DC-9A44-9C173E1C8E7C): 0
LogDevObjectVersion:   Dev-Physics (78F01B33-EBEA-4F98-B9B4-84EACCB95AA2): 0
LogDevObjectVersion:   Dev-Platform (6631380F-2D4D-43E0-8009-CF276956A95A): 0
LogDevObjectVersion:   Dev-Rendering (12F88B9F-8875-4AFC-A67C-D90C383ABD29): 4
LogDevObjectVersion:   Dev-Sequencer (7B5AE74C-D270-4C10-A958-57980B212A5A): 0
LogDevObjectVersion:   Dev-VR (D7296918-1DD6-4BDD-9DE2-64A83CC13884): 0
LogInit: Compiled (64-bit): Aug 30 2016 18:11:39
LogInit: Compiled with Visual C++: 19.00.23026.00
LogInit: Build Configuration: Development
LogInit: Branch Name: ++UE4+Release-4.13
LogInit: Command line: 
LogInit: Base directory: C:/Program Files (x86)/Epic Games/4.13/Engine/Binaries/Win64/
LogInit: Installed Engine Build: 1
LogInit: Presizing for max 8388607 objects, including 0 objects not considered by GC, pre-allocating 0 bytes for permanent pool.
LogInit: Object subsystem initialized
[2016.09.11-21.07.46:681][  0]LogInit: Selected Device Profile: [Windows]
[2016.09.11-21.07.46:681][  0]LogInit: Applying CVar settings loaded from the selected device profile: [Windows]
[2016.09.11-21.07.46:709][  0]LogInit: Computer: SEANBOOTCAMP-PC
[2016.09.11-21.07.46:709][  0]LogInit: User: SeanBootCamp
[2016.09.11-21.07.46:709][  0]LogInit: CPU Page size=65536, Cores=2
[2016.09.11-21.07.46:709][  0]LogInit: High frequency timer resolution =1.757890 MHz
[2016.09.11-21.07.46:710][  0]LogMemory: Memory total: Physical=3.9GB (4GB approx)
[2016.09.11-21.07.46:710][  0]LogMemory: Platform Memory Stats for Windows
[2016.09.11-21.07.46:710][  0]LogMemory: Process Physical Memory: 255.97 MB used, 255.97 MB peak
[2016.09.11-21.07.46:710][  0]LogMemory: Process Virtual Memory: 267.01 MB used, 267.01 MB peak
[2016.09.11-21.07.46:710][  0]LogMemory: Physical Memory: 2529.72 MB used, 4006.73 MB total
[2016.09.11-21.07.46:710][  0]LogMemory: Virtual Memory: 596.02 MB used, 8388608.00 MB total
[2016.09.11-21.07.47:109][  0]LogTextLocalizationManager: No specific translations for ('en-US') exist, so ('en') translations will be used.
[2016.09.11-21.07.48:715][  0]LogD3D11RHI: D3D11 adapters:
[2016.09.11-21.07.48:722][  0]LogD3D11RHI:    0. 'Intel(R) HD Graphics 3000' (Feature Level 10_0)
[2016.09.11-21.07.48:722][  0]LogD3D11RHI:       64/0/1632 MB DedicatedVideo/DedicatedSystem/SharedSystem, Outputs:1, VendorId:0x8086
[2016.09.11-21.07.48:722][  0]LogD3D11RHI: Chosen D3D11 Adapter: 0
[2016.09.11-21.07.48:727][  0]LogD3D11RHI: Creating new Direct3DDevice
[2016.09.11-21.07.48:728][  0]LogD3D11RHI:     GPU DeviceId: 0x116 (for the marketing name, search the web for "GPU Device Id")
[2016.09.11-21.07.48:728][  0]LogWindows: EnumDisplayDevices:
[2016.09.11-21.07.48:729][  0]LogWindows:    0. 'Intel(R) HD Graphics 3000' (P:1 D:1)
[2016.09.11-21.07.48:729][  0]LogWindows:    1. 'Intel(R) HD Graphics 3000' (P:0 D:0)
[2016.09.11-21.07.48:729][  0]LogWindows:    2. 'RDPDD Chained DD' (P:0 D:0)
[2016.09.11-21.07.48:729][  0]LogWindows:    3. 'RDP Encoder Mirror Driver' (P:0 D:0)
[2016.09.11-21.07.48:729][  0]LogWindows:    4. 'RDP Reflector Display Driver' (P:0 D:0)
[2016.09.11-21.07.48:730][  0]LogWindows: DebugString: GetVideoDriverDetailsInvalid PrimaryIsNotTheChoosenAdapter GetVideoDriverDetailsInvalid PrimaryIsNotTheChoosenAdapter GetVideoDriverDetailsInvalid PrimaryIsNotTheChoosenAdapter FoundDriverCount:2 
[2016.09.11-21.07.48:730][  0]LogD3D11RHI:     Adapter Name: Intel(R) HD Graphics 3000
[2016.09.11-21.07.48:730][  0]LogD3D11RHI:   Driver Version: 9.17.10.4229 (internal:9.17.10.4229, unified:9.17.10.4229)
[2016.09.11-21.07.48:730][  0]LogD3D11RHI:      Driver Date: 5-26-2015
[2016.09.11-21.07.48:730][  0]LogRHI: Texture pool is 616 MB (70% of 880 MB)
[2016.09.11-21.07.48:732][  0]LogD3D11RHI: Async texture creation enabled
[2016.09.11-21.07.48:780][  0]LogD3D11RHI: GPU Timing Frequency: 12.500000 (Debug: 2 1)
[2016.09.11-21.07.48:790][  0]LogShaderCompilers: Guid format shader working directory is -21 characters bigger than the processId version (../../../../../../Users/SeanBootCamp/Documents/SubEarth/debug/SubEarth/Intermediate/Shaders/WorkingDirectory/4160/).
[2016.09.11-21.07.48:790][  0]LogShaderCompilers: Cleaned the shader compiler working directory 'C:/Users/SEANBO~1/AppData/Local/Temp/UnrealShaderWorkingDir/892A37074F543C71F17794A191CB5923/'.
[2016.09.11-21.07.48:790][  0]LogShaderCompilers:Display: Using Local Shader Compiler.
[2016.09.11-21.07.51:968][  0]LogTemp:Display: Loaded TP AllDesktopTargetPlatform
[2016.09.11-21.07.51:981][  0]LogTemp:Display: Loaded TP WindowsClientTargetPlatform
[2016.09.11-21.07.51:995][  0]LogTemp:Display: Loaded TP WindowsNoEditorTargetPlatform
[2016.09.11-21.07.52:012][  0]LogTemp:Display: Loaded TP WindowsServerTargetPlatform
[2016.09.11-21.07.52:030][  0]LogTemp:Display: Loaded TP WindowsTargetPlatform
[2016.09.11-21.07.52:052][  0]LogTemp:Display: Loaded TP AndroidTargetPlatform
[2016.09.11-21.07.52:066][  0]LogTemp:Display: Loaded TP Android_ASTCTargetPlatform
[2016.09.11-21.07.52:079][  0]LogTemp:Display: Loaded TP Android_ATCTargetPlatform
[2016.09.11-21.07.52:092][  0]LogTemp:Display: Loaded TP Android_DXTTargetPlatform
[2016.09.11-21.07.52:110][  0]LogTemp:Display: Loaded TP Android_ETC1TargetPlatform
[2016.09.11-21.07.52:130][  0]LogTemp:Display: Loaded TP Android_ETC2TargetPlatform
[2016.09.11-21.07.52:166][  0]LogTemp:Display: Loaded TP Android_MultiTargetPlatform
[2016.09.11-21.07.52:166][  0]LogTemp:Display: Loaded TP Android_PVRTCTargetPlatform
[2016.09.11-21.07.52:170][  0]LogTemp:Display: Loaded TP HTML5TargetPlatform
[2016.09.11-21.07.52:207][  0]LogTemp:Display: Loaded TP IOSTargetPlatform
[2016.09.11-21.07.52:216][  0]LogTemp:Display: Loaded TP TVOSTargetPlatform
[2016.09.11-21.07.52:227][  0]LogTemp:Display: Loaded TP LinuxClientTargetPlatform
[2016.09.11-21.07.52:241][  0]LogTemp:Display: Loaded TP LinuxNoEditorTargetPlatform
[2016.09.11-21.07.52:258][  0]LogTemp:Display: Loaded TP LinuxServerTargetPlatform
[2016.09.11-21.07.52:282][  0]LogTemp:Display: Loaded TP LinuxTargetPlatform
[2016.09.11-21.07.52:282][  0]LogTargetPlatformManager:Display: Building Assets For Windows
[2016.09.11-21.07.52:502][  0]LogDerivedDataCache:Display: Max Cache Size: 512 MB
[2016.09.11-21.07.52:848][  0]LogDerivedDataCache: Loaded boot cache 0.35s 58MB C:/Users/SeanBootCamp/AppData/Local/UnrealEngine/4.13/DerivedDataCache/Boot.ddc.
[2016.09.11-21.07.52:848][  0]LogDerivedDataCache:Display: Loaded Boot cache: C:/Users/SeanBootCamp/AppData/Local/UnrealEngine/4.13/DerivedDataCache/Boot.ddc
[2016.09.11-21.07.52:848][  0]LogDerivedDataCache: FDerivedDataBackendGraph:  Pak pak cache file ../../../../../../Users/SeanBootCamp/Documents/SubEarth/debug/SubEarth/DerivedDataCache/DDC.ddp not found, will not use a pak cache.
[2016.09.11-21.07.52:848][  0]LogDerivedDataCache: Unable to find inner node Pak for hierarchical cache Hierarchy.
[2016.09.11-21.07.52:848][  0]LogDerivedDataCache: FDerivedDataBackendGraph:  CompressedPak pak cache file ../../../../../../Users/SeanBootCamp/Documents/SubEarth/debug/SubEarth/DerivedDataCache/Compressed.ddp not found, will not use a pak cache.
[2016.09.11-21.07.52:848][  0]LogDerivedDataCache: Unable to find inner node CompressedPak for hierarchical cache Hierarchy.
[2016.09.11-21.07.52:903][  0]LogDerivedDataCache:Display: Pak cache opened for reading ../../../Engine/DerivedDataCache/Compressed.ddp.
[2016.09.11-21.07.52:917][  0]LogDerivedDataCache: Using Local data cache path C:/Users/SeanBootCamp/AppData/Local/UnrealEngine/Common/DerivedDataCache: Writable
[2016.09.11-21.07.55:505][  0]LogInit: Selected Device Profile: [Windows]
[2016.09.11-21.07.55:520][  0]LogMaterial: Uniform references updated for custom material expression Custom.
[2016.09.11-21.07.55:525][  0]LogContentStreaming: Texture pool size is 0.00 MB
[2016.09.11-21.07.55:881][  0]LogMeshUtilities: No automatic mesh reduction module available
[2016.09.11-21.07.55:881][  0]LogMeshUtilities: No automatic mesh merging module available
[2016.09.11-21.07.55:881][  0]LogMeshUtilities: No distributed automatic mesh merging module available
[2016.09.11-21.07.56:818][  0]LogNetVersion: GetLocalNetworkVersion: CL: 3106830, ProjectName: subearth, ProjectVersion: , EngineNetworkVersion: 1, GameNetworkVersion: 0, NetworkChecksum: 377010212
[2016.09.11-21.07.56:875][  0]LogAssetRegistry: FAssetRegistry took 0.0201 seconds to start up
[2016.09.11-21.07.56:943][  0]LogPackageLocalizationCache: Processed 3 localized package path(s) for 2 prioritized culture(s) in 0.058982 seconds
[2016.09.11-21.07.56:956][  0]LogUObjectArray: 29777 objects as part of root set at end of initial load.
[2016.09.11-21.07.56:956][  0]LogUObjectAllocator: 6124704 out of 0 bytes used by permanent object pool.
[2016.09.11-21.07.56:956][  0]LogUObjectArray: CloseDisregardForGC: 0/0 objects in disregard for GC pool
[2016.09.11-21.07.56:973][  0]LogInit: WinSock: version 1.1 (2.2), MaxSocks=32767, MaxUdp=65467
[2016.09.11-21.07.57:912][  0]LogSlate: SlateFontCache - WITH_FREETYPE: 1, WITH_HARFBUZZ: 1
[2016.09.11-21.07.57:912][  0]LogSlate: SlateFontCache - WITH_FREETYPE: 1, WITH_HARFBUZZ: 1
[2016.09.11-21.08.01:086][  0]LogUdpMessaging: Initializing bridge on interface 0.0.0.0:0 to multicast group 230.0.0.1:6666.
[2016.09.11-21.08.02:252][  0]SourceControl: Info Source control is disabled
[2016.09.11-21.08.02:332][  0]SourceControl: Info Source control is disabled
[2016.09.11-21.08.02:362][  0]SourceControl: Info Source control is disabled
[2016.09.11-21.08.02:385][  0]SourceControl: Info Source control is disabled
[2016.09.11-21.08.03:095][  0]LogEngine: Initializing Engine...
[2016.09.11-21.08.03:097][  0]LogHMD: Failed to initialize OpenVR with code 110
[2016.09.11-21.08.03:410][  0]LogAIModule: Creating AISystem for world Untitled
[2016.09.11-21.08.03:495][  0]LogInit: XAudio2 using 'Speakers (Display Audio)' : 2 channels at 44.1 kHz using 16 bits per sample (channel mask 0x3)
[2016.09.11-21.08.03:567][  0]LogInit: FAudioDevice initialized.
[2016.09.11-21.08.03:614][  0]LogDerivedDataCache: Saved boot cache 0.05s 58MB C:/Users/SeanBootCamp/AppData/Local/UnrealEngine/4.13/DerivedDataCache/Boot.ddc.
[2016.09.11-21.08.03:631][  0]LogInit: Texture streaming: Enabled
[2016.09.11-21.08.03:734][  0]LogInit: Transaction tracking system initialized
[2016.09.11-21.08.03:820][  0]BlueprintLog: New page: Editor Load
[2016.09.11-21.08.04:780][  0]LocalizationService: Info Localization service is disabled
[2016.09.11-21.08.05:631][  0]LogConsoleResponse:Display: 
[2016.09.11-21.08.05:991][  0]LogCook:Display: Max memory allowance for cook 16384mb min free memory 0mb
[2016.09.11-21.08.05:992][  0]LogCook:Display: Mobile HDR setting 0
[2016.09.11-21.08.06:471][  0]LogFileCache: Scanning file cache for directory 'C:/Users/SeanBootCamp/Documents/SubEarth/debug/SubEarth/Content/' took 0.02s
[2016.09.11-21.08.06:471][  0]SourceControl: Info Source control is disabled
[2016.09.11-21.08.34:758][  0]Cmd: MAP LOAD FILE="../../../../../../Users/SeanBootCamp/Documents/SubEarth/debug/SubEarth/Content/FirstPersonCPP/Maps/FirstPersonExampleMap.umap" TEMPLATE=0 SHOWPROGRESS=1 FEATURELEVEL=2
[2016.09.11-21.08.34:759][  0]LightingResults: New page: Lighting Build
[2016.09.11-21.08.34:780][  0]MapCheck: New page: Map Check
[2016.09.11-21.08.34:780][  0]LightingResults: New page: Lighting Build
[2016.09.11-21.08.35:266][  0]LogAIModule: Creating AISystem for world FirstPersonExampleMap
[2016.09.11-21.08.35:397][  0]LogEditorServer: Finished looking for orphan Actors (0.001 secs)
[2016.09.11-21.08.35:406][  0]Cmd: MAP CHECKDEP NOCLEARLOG
[2016.09.11-21.08.35:488][  0]MapCheck: Info Map check complete: 0 Error(s), 0 Warning(s), took 79.812ms to complete.
[2016.09.11-21.08.35:488][  0]LogFileHelpers: Loading map 'FirstPersonExampleMap' took 0.729
[2016.09.11-21.08.35:695][  0]LogStats:Warning: MetaData mismatch. Did you assign a stat to two groups? New //STATGROUP_Threads//SplashScreenThread///Thread_574_0///####STATCAT_Advanced#### old //STATGROUP_Threads//SplashScreenThread///Thread_58c_0///####STATCAT_Advanced####
[2016.09.11-21.08.35:695][  0]LogCollectionManager: Loaded 0 collections in 0.002975 seconds
[2016.09.11-21.08.35:772][  0]LogFileCache: Scanning file cache for directory 'C:/Users/SeanBootCamp/Documents/SubEarth/debug/SubEarth/Saved/Collections/' took 0.01s
[2016.09.11-21.08.35:772][  0]LogFileCache: Scanning file cache for directory 'C:/Users/SeanBootCamp/Documents/SubEarth/debug/SubEarth/Content/Developers/SeanBootCamp/Collections/' took 0.01s
[2016.09.11-21.08.35:772][  0]LogFileCache: Scanning file cache for directory 'C:/Users/SeanBootCamp/Documents/SubEarth/debug/SubEarth/Content/Collections/' took 0.01s
[2016.09.11-21.08.35:772][  0]LogCollectionManager: Rebuilt the GUID cache for 0 collections in 0.000004 seconds
[2016.09.11-21.08.35:804][  0]LogContentBrowser: Native class hierarchy populated in 0.0291 seconds. Added 2145 classes and 417 folders.
[2016.09.11-21.08.35:822][  0]LogStats: UGameplayTagsManager::ConstructGameplayTagTree: Construct from data asset -  0.000 s
[2016.09.11-21.08.35:823][  0]LogStats: UGameplayTagsManager::ConstructGameplayTagTree: GameplayTagTreeChangedEvent.Broadcast -  0.000 s
[2016.09.11-21.08.35:827][  0]LogContentBrowser: Native class hierarchy updated for 'GameplayTags' in 0.0029 seconds. Added 12 classes and 0 folders.
[2016.09.11-21.08.35:897][  0]LogContentBrowser: Native class hierarchy updated for 'WidgetCarousel' in 0.0026 seconds. Added 0 classes and 0 folders.
[2016.09.11-21.08.36:232][  0]LogContentBrowser: Native class hierarchy updated for 'AddContentDialog' in 0.0025 seconds. Added 0 classes and 0 folders.
[2016.09.11-21.08.36:269][  0]LogContentBrowser: Native class hierarchy updated for 'SceneOutliner' in 0.0026 seconds. Added 1 classes and 2 folders.
[2016.09.11-21.08.36:419][  0]LogCrashTracker: Crashtracker disabled due to settings.
[2016.09.11-21.08.36:449][  0]LogUObjectGlobals:Warning: Failed to find object 'Class None.'
[2016.09.11-21.08.36:499][  0]LogContentBrowser: Native class hierarchy updated for 'HierarchicalLODOutliner' in 0.0024 seconds. Added 1 classes and 2 folders.
[2016.09.11-21.08.36:499][  0]LogLoad: (Engine Initialization) Total time: 52.47 seconds
[2016.09.11-21.08.36:499][  0]LogLoad: (Engine Initialization) Total Blueprint compile time: 0.21 seconds
[2016.09.11-21.08.36:500][  0]LogExternalProfiler: Found external profiler: VSPerf
[2016.09.11-21.08.36:500][  0]LogExternalProfiler: Using external profiler: VSPerf
[2016.09.11-21.08.36:521][  0]LogOcInput: OculusInput pre-init called
[2016.09.11-21.08.36:567][  0]LogContentStreaming: Texture pool size now 400 MB
[2016.09.11-21.08.36:929][  0]LogRenderer: Reallocating scene render targets to support 796x388 (Frame:2).
[2016.09.11-21.08.39:337][  3]LogAssetRegistry: Asset discovery search completed in 42.4802 seconds
[2016.09.11-21.08.39:337][  3]LogCollectionManager: Rebuilt the object cache for 0 collections in 0.000001 seconds (found 0 objects)
[2016.09.11-21.08.39:337][  3]LogCollectionManager: Fixed up redirectors for 0 collections in 0.000051 seconds (updated 0 objects)
[2016.09.11-21.08.41:776][131]LogRenderer: Reallocating scene render targets to support 796x796 (Frame:5).
[2016.09.11-21.08.44:592][233]LogBlueprintUserMessages: Early PlayInEditor Detection: Level '/Game/FirstPersonCPP/Maps/FirstPersonExampleMap.FirstPersonExampleMap:PersistentLevel' has LevelScriptBlueprint '/Game/FirstPersonCPP/Maps/FirstPersonExampleMap.FirstPersonExampleMap:PersistentLevel.FirstPersonExampleMap' with GeneratedClass '/Game/FirstPersonCPP/Maps/FirstPersonExampleMap.FirstPersonExampleMap_C' with ClassGeneratedBy '/Game/FirstPersonCPP/Maps/FirstPersonExampleMap.FirstPersonExampleMap:PersistentLevel.FirstPersonExampleMap'
[2016.09.11-21.08.44:593][233]LogPlayLevel: PlayLevel: No blueprints needed recompiling
[2016.09.11-21.08.44:612][233]PIE: New page: PIE session: FirstPersonExampleMap (Sep 11, 2016, 6:08:44 AM)
[2016.09.11-21.08.44:612][233]LogPlayLevel: Creating play world package: /Game/FirstPersonCPP/Maps/UEDPIE_0_FirstPersonExampleMap
[2016.09.11-21.08.44:688][233]LogPlayLevel: PIE: StaticDuplicateObject took: (0.075353s)
[2016.09.11-21.08.44:696][233]LogAIModule: Creating AISystem for world FirstPersonExampleMap
[2016.09.11-21.08.44:701][233]LogPlayLevel: PIE: World Init took: (0.013276s)
[2016.09.11-21.08.44:707][233]LogPlayLevel: PIE: Created PIE world by copying editor world from /Game/FirstPersonCPP/Maps/FirstPersonExampleMap.FirstPersonExampleMap to /Game/FirstPersonCPP/Maps/UEDPIE_0_FirstPersonExampleMap.FirstPersonExampleMap (0.095025s)
[2016.09.11-21.08.44:827][233]LogInit: XAudio2 using 'Speakers (Display Audio)' : 2 channels at 44.1 kHz using 16 bits per sample (channel mask 0x3)
[2016.09.11-21.08.44:849][233]LogInit: FAudioDevice initialized.
[2016.09.11-21.08.44:939][233]LogWorld: Game class is 'SubEarthGameMode'
[2016.09.11-21.08.44:959][233]LogWorld: Bringing World /Game/FirstPersonCPP/Maps/UEDPIE_0_FirstPersonExampleMap.FirstPersonExampleMap up for play (max tick rate 60) at 2016.09.11-14.08.44
[2016.09.11-21.08.44:968][233]LogWorld: Bringing up level for play took: 0.015829
[2016.09.11-21.08.45:012][233]LogContentBrowser: Native class hierarchy updated for 'MovieSceneCapture' in 0.0016 seconds. Added 11 classes and 0 folders.
[2016.09.11-21.08.45:013][233]LogGameMode:Display: Match State Changed from EnteringMap to WaitingToStart
[2016.09.11-21.08.45:013][233]LogGameState: Match State Changed from EnteringMap to WaitingToStart
[2016.09.11-21.08.45:013][233]LogGameMode:Display: Match State Changed from WaitingToStart to InProgress
[2016.09.11-21.08.45:014][233]LogTemp: ASubEarthCharacter started
[2016.09.11-21.08.45:015][233]LogGameState: Match State Changed from WaitingToStart to InProgress
[2016.09.11-21.08.45:016][233]PIE: Info Play in editor start time for /Game/FirstPersonCPP/Maps/UEDPIE_0_FirstPersonExampleMap 0.504
[2016.09.11-21.08.45:016][233]LogBlueprintUserMessages: Late PlayInEditor Detection: Level '/Game/FirstPersonCPP/Maps/FirstPersonExampleMap.FirstPersonExampleMap:PersistentLevel' has LevelScriptBlueprint '/Game/FirstPersonCPP/Maps/FirstPersonExampleMap.FirstPersonExampleMap:PersistentLevel.FirstPersonExampleMap' with GeneratedClass '/Game/FirstPersonCPP/Maps/FirstPersonExampleMap.FirstPersonExampleMap_C' with ClassGeneratedBy '/Game/FirstPersonCPP/Maps/FirstPersonExampleMap.FirstPersonExampleMap:PersistentLevel.FirstPersonExampleMap'
[2016.09.11-21.09.01:926][757]LogBlueprintUserMessages: Early EndPlayMap Detection: Level '/Game/FirstPersonCPP/Maps/FirstPersonExampleMap.FirstPersonExampleMap:PersistentLevel' has LevelScriptBlueprint '/Game/FirstPersonCPP/Maps/FirstPersonExampleMap.FirstPersonExampleMap:PersistentLevel.FirstPersonExampleMap' with GeneratedClass '/Game/FirstPersonCPP/Maps/FirstPersonExampleMap.FirstPersonExampleMap_C' with ClassGeneratedBy '/Game/FirstPersonCPP/Maps/FirstPersonExampleMap.FirstPersonExampleMap:PersistentLevel.FirstPersonExampleMap'
[2016.09.11-21.09.02:003][757]LogBlueprintUserMessages: Late EndPlayMap Detection: Level '/Game/FirstPersonCPP/Maps/FirstPersonExampleMap.FirstPersonExampleMap:PersistentLevel' has LevelScriptBlueprint '/Game/FirstPersonCPP/Maps/FirstPersonExampleMap.FirstPersonExampleMap:PersistentLevel.FirstPersonExampleMap' with GeneratedClass '/Game/FirstPersonCPP/Maps/FirstPersonExampleMap.FirstPersonExampleMap_C' with ClassGeneratedBy '/Game/FirstPersonCPP/Maps/FirstPersonExampleMap.FirstPersonExampleMap:PersistentLevel.FirstPersonExampleMap'
[2016.09.11-21.09.17:790][473]LogBlueprintUserMessages: Early PlayInEditor Detection: Level '/Game/FirstPersonCPP/Maps/FirstPersonExampleMap.FirstPersonExampleMap:PersistentLevel' has LevelScriptBlueprint '/Game/FirstPersonCPP/Maps/FirstPersonExampleMap.FirstPersonExampleMap:PersistentLevel.FirstPersonExampleMap' with GeneratedClass '/Game/FirstPersonCPP/Maps/FirstPersonExampleMap.FirstPersonExampleMap_C' with ClassGeneratedBy '/Game/FirstPersonCPP/Maps/FirstPersonExampleMap.FirstPersonExampleMap:PersistentLevel.FirstPersonExampleMap'
[2016.09.11-21.09.17:791][473]LogPlayLevel: PlayLevel: No blueprints needed recompiling
[2016.09.11-21.09.17:792][473]PIE: New page: PIE session: FirstPersonExampleMap (Sep 11, 2016, 6:09:17 AM)
[2016.09.11-21.09.17:792][473]LogPlayLevel: Creating play world package: /Game/FirstPersonCPP/Maps/UEDPIE_0_FirstPersonExampleMap
[2016.09.11-21.09.17:861][473]LogPlayLevel: PIE: StaticDuplicateObject took: (0.068363s)
[2016.09.11-21.09.17:871][473]LogAIModule: Creating AISystem for world FirstPersonExampleMap
[2016.09.11-21.09.17:873][473]LogPlayLevel: PIE: World Init took: (0.010624s)
[2016.09.11-21.09.17:873][473]LogPlayLevel: PIE: Created PIE world by copying editor world from /Game/FirstPersonCPP/Maps/FirstPersonExampleMap.FirstPersonExampleMap to /Game/FirstPersonCPP/Maps/UEDPIE_0_FirstPersonExampleMap.FirstPersonExampleMap (0.080834s)
[2016.09.11-21.09.18:017][473]LogInit: XAudio2 using 'Speakers (Display Audio)' : 2 channels at 44.1 kHz using 16 bits per sample (channel mask 0x3)
[2016.09.11-21.09.18:042][473]LogInit: FAudioDevice initialized.
[2016.09.11-21.09.18:095][473]LogWorld: Game class is 'SubEarthGameMode'
[2016.09.11-21.09.18:121][473]LogWorld: Bringing World /Game/FirstPersonCPP/Maps/UEDPIE_0_FirstPersonExampleMap.FirstPersonExampleMap up for play (max tick rate 60) at 2016.09.11-14.09.18
[2016.09.11-21.09.18:123][473]LogWorld: Bringing up level for play took: 0.025720
[2016.09.11-21.09.18:127][473]LogGameMode:Display: Match State Changed from EnteringMap to WaitingToStart
[2016.09.11-21.09.18:127][473]LogGameState: Match State Changed from EnteringMap to WaitingToStart
[2016.09.11-21.09.18:127][473]LogGameMode:Display: Match State Changed from WaitingToStart to InProgress
[2016.09.11-21.09.18:128][473]LogTemp: ASubEarthCharacter started
[2016.09.11-21.09.18:129][473]LogGameState: Match State Changed from WaitingToStart to InProgress
[2016.09.11-21.09.18:130][473]PIE: Info Play in editor start time for /Game/FirstPersonCPP/Maps/UEDPIE_0_FirstPersonExampleMap -0.384
[2016.09.11-21.09.18:131][473]LogBlueprintUserMessages: Late PlayInEditor Detection: Level '/Game/FirstPersonCPP/Maps/FirstPersonExampleMap.FirstPersonExampleMap:PersistentLevel' has LevelScriptBlueprint '/Game/FirstPersonCPP/Maps/FirstPersonExampleMap.FirstPersonExampleMap:PersistentLevel.FirstPersonExampleMap' with GeneratedClass '/Game/FirstPersonCPP/Maps/FirstPersonExampleMap.FirstPersonExampleMap_C' with ClassGeneratedBy '/Game/FirstPersonCPP/Maps/FirstPersonExampleMap.FirstPersonExampleMap:PersistentLevel.FirstPersonExampleMap'
[2016.09.11-21.09.47:899][183]LogBlueprintUserMessages: Early EndPlayMap Detection: Level '/Game/FirstPersonCPP/Maps/FirstPersonExampleMap.FirstPersonExampleMap:PersistentLevel' has LevelScriptBlueprint '/Game/FirstPersonCPP/Maps/FirstPersonExampleMap.FirstPersonExampleMap:PersistentLevel.FirstPersonExampleMap' with GeneratedClass '/Game/FirstPersonCPP/Maps/FirstPersonExampleMap.FirstPersonExampleMap_C' with ClassGeneratedBy '/Game/FirstPersonCPP/Maps/FirstPersonExampleMap.FirstPersonExampleMap:PersistentLevel.FirstPersonExampleMap'
[2016.09.11-21.09.47:969][183]LogBlueprintUserMessages: Late EndPlayMap Detection: Level '/Game/FirstPersonCPP/Maps/FirstPersonExampleMap.FirstPersonExampleMap:PersistentLevel' has LevelScriptBlueprint '/Game/FirstPersonCPP/Maps/FirstPersonExampleMap.FirstPersonExampleMap:PersistentLevel.FirstPersonExampleMap' with GeneratedClass '/Game/FirstPersonCPP/Maps/FirstPersonExampleMap.FirstPersonExampleMap_C' with ClassGeneratedBy '/Game/FirstPersonCPP/Maps/FirstPersonExampleMap.FirstPersonExampleMap:PersistentLevel.FirstPersonExampleMap'
[2016.09.11-21.09.52:955][329]Recompiling SubEarth...
[2016.09.11-21.09.52:956][329]Launching UnrealBuildTool... [C:/Program Files (x86)/Epic Games/4.13/Engine/Binaries/DotNET/UnrealBuildTool.exe SubEarth -ModuleWithSuffix SubEarth 651 Win64 Development -editorrecompile -canskiplink "C:/Users/SeanBootCamp/Documents/SubEarth/debug/SubEarth/SubEarth.uproject"  -2015]
[2016.09.11-21.09.52:965][329]Warning: Starting HotReload took  0.1s.
[2016.09.11-21.10.09:337][621]CompilerResultsLog: New page: Compilation - Sep 11, 2016, 6:10:09 AM
[2016.09.11-21.10.09:338][621]CompilerResultsLog: Info Creating makefile for hot reloading SubEarth (modules to compile have changed)
[2016.09.11-21.10.09:339][621]CompilerResultsLog: Info Compiling game modules for hot reload
[2016.09.11-21.10.09:339][621]CompilerResultsLog: Info Target is up to date
[2016.09.11-21.10.09:340][621]LogMainFrame: MainFrame: Module compiling took 16.395 seconds
[2016.09.11-21.10.09:443][621]LogContentBrowser: Native class hierarchy populated in 0.0539 seconds. Added 2147 classes and 421 folders.
[2016.09.11-21.10.09:454][621]Display: HotReload took 16.6s.
[2016.09.11-21.10.12:215][659]LogBlueprintUserMessages: Early PlayInEditor Detection: Level '/Game/FirstPersonCPP/Maps/FirstPersonExampleMap.FirstPersonExampleMap:PersistentLevel' has LevelScriptBlueprint '/Game/FirstPersonCPP/Maps/FirstPersonExampleMap.FirstPersonExampleMap:PersistentLevel.FirstPersonExampleMap' with GeneratedClass '/Game/FirstPersonCPP/Maps/FirstPersonExampleMap.FirstPersonExampleMap_C' with ClassGeneratedBy '/Game/FirstPersonCPP/Maps/FirstPersonExampleMap.FirstPersonExampleMap:PersistentLevel.FirstPersonExampleMap'
[2016.09.11-21.10.12:217][659]LogPlayLevel: PlayLevel: No blueprints needed recompiling
[2016.09.11-21.10.12:217][659]PIE: New page: PIE session: FirstPersonExampleMap (Sep 11, 2016, 6:10:12 AM)
[2016.09.11-21.10.12:218][659]LogPlayLevel: Creating play world package: /Game/FirstPersonCPP/Maps/UEDPIE_0_FirstPersonExampleMap
[2016.09.11-21.10.12:300][659]LogPlayLevel: PIE: StaticDuplicateObject took: (0.081798s)
[2016.09.11-21.10.12:303][659]LogAIModule: Creating AISystem for world FirstPersonExampleMap
[2016.09.11-21.10.12:304][659]LogPlayLevel: PIE: World Init took: (0.003753s)
[2016.09.11-21.10.12:305][659]LogPlayLevel: PIE: Created PIE world by copying editor world from /Game/FirstPersonCPP/Maps/FirstPersonExampleMap.FirstPersonExampleMap to /Game/FirstPersonCPP/Maps/UEDPIE_0_FirstPersonExampleMap.FirstPersonExampleMap (0.087383s)
[2016.09.11-21.10.12:510][659]LogInit: XAudio2 using 'Speakers (Display Audio)' : 2 channels at 44.1 kHz using 16 bits per sample (channel mask 0x3)
[2016.09.11-21.10.12:552][659]LogInit: FAudioDevice initialized.
[2016.09.11-21.10.12:598][659]LogWorld: Game class is 'SubEarthGameMode'
[2016.09.11-21.10.12:612][659]LogWorld: Bringing World /Game/FirstPersonCPP/Maps/UEDPIE_0_FirstPersonExampleMap.FirstPersonExampleMap up for play (max tick rate 60) at 2016.09.11-14.10.12
[2016.09.11-21.10.12:614][659]LogWorld: Bringing up level for play took: 0.015337
[2016.09.11-21.10.12:617][659]LogGameMode:Display: Match State Changed from EnteringMap to WaitingToStart
[2016.09.11-21.10.12:617][659]LogGameState: Match State Changed from EnteringMap to WaitingToStart
[2016.09.11-21.10.12:618][659]LogGameMode:Display: Match State Changed from WaitingToStart to InProgress
[2016.09.11-21.10.12:619][659]LogTemp: ASubEarthCharacter started
[2016.09.11-21.10.12:619][659]LogGameState: Match State Changed from WaitingToStart to InProgress
[2016.09.11-21.10.12:620][659]PIE: Info Play in editor start time for /Game/FirstPersonCPP/Maps/UEDPIE_0_FirstPersonExampleMap 0.104
[2016.09.11-21.10.12:620][659]LogBlueprintUserMessages: Late PlayInEditor Detection: Level '/Game/FirstPersonCPP/Maps/FirstPersonExampleMap.FirstPersonExampleMap:PersistentLevel' has LevelScriptBlueprint '/Game/FirstPersonCPP/Maps/FirstPersonExampleMap.FirstPersonExampleMap:PersistentLevel.FirstPersonExampleMap' with GeneratedClass '/Game/FirstPersonCPP/Maps/FirstPersonExampleMap.FirstPersonExampleMap_C' with ClassGeneratedBy '/Game/FirstPersonCPP/Maps/FirstPersonExampleMap.FirstPersonExampleMap:PersistentLevel.FirstPersonExampleMap'
[2016.09.11-21.10.40:274][248]LogBlueprintUserMessages: Early EndPlayMap Detection: Level '/Game/FirstPersonCPP/Maps/FirstPersonExampleMap.FirstPersonExampleMap:PersistentLevel' has LevelScriptBlueprint '/Game/FirstPersonCPP/Maps/FirstPersonExampleMap.FirstPersonExampleMap:PersistentLevel.FirstPersonExampleMap' with GeneratedClass '/Game/FirstPersonCPP/Maps/FirstPersonExampleMap.FirstPersonExampleMap_C' with ClassGeneratedBy '/Game/FirstPersonCPP/Maps/FirstPersonExampleMap.FirstPersonExampleMap:PersistentLevel.FirstPersonExampleMap'
[2016.09.11-21.10.40:358][248]LogBlueprintUserMessages: Late EndPlayMap Detection: Level '/Game/FirstPersonCPP/Maps/FirstPersonExampleMap.FirstPersonExampleMap:PersistentLevel' has LevelScriptBlueprint '/Game/FirstPersonCPP/Maps/FirstPersonExampleMap.FirstPersonExampleMap:PersistentLevel.FirstPersonExampleMap' with GeneratedClass '/Game/FirstPersonCPP/Maps/FirstPersonExampleMap.FirstPersonExampleMap_C' with ClassGeneratedBy '/Game/FirstPersonCPP/Maps/FirstPersonExampleMap.FirstPersonExampleMap:PersistentLevel.FirstPersonExampleMap'
[2016.09.11-21.14.07:261][200]Cmd: QUIT_EDITOR
[2016.09.11-21.14.07:586][200]LogExit: Preparing to exit.
[2016.09.11-21.14.09:249][200]LogDirectoryWatcher: A directory notification for 'C:/Users/SeanBootCamp/Documents/SubEarth/debug/SubEarth/Content/' was aborted.
[2016.09.11-21.14.09:829][200]LogExit: Editor shut down
[2016.09.11-21.14.09:886][200]LogExit: Transaction tracking system shut down
[2016.09.11-21.14.11:007][200]LogObj: Freed 0b from 0 cluster array pools.
[2016.09.11-21.14.11:007][200]LogExit: Object subsystem successfully closed.
[2016.09.11-21.14.11:087][200]LogD3D11RHI: Shutdown
[2016.09.11-21.14.11:088][200]LogD3D11RHI: CleanupD3DDevice
[2016.09.11-21.14.11:235][200]LogD3D11RHI: ~FD3D11DynamicRHI
[2016.09.11-21.14.11:326][200]LogModuleManager: Shutting down and abandoning module ExternalImagePicker (236)
[2016.09.11-21.14.11:329][200]LogModuleManager: Shutting down and abandoning module MovieSceneCapture (235)
[2016.09.11-21.14.11:330][200]LogModuleManager: Shutting down and abandoning module HierarchicalLODOutliner (234)
[2016.09.11-21.14.11:330][200]LogModuleManager: Shutting down and abandoning module CrashTracker (233)
[2016.09.11-21.14.11:330][200]LogModuleManager: Shutting down and abandoning module SceneOutliner (232)
[2016.09.11-21.14.11:330][200]LogModuleManager: Shutting down and abandoning module WidgetCarousel (231)
[2016.09.11-21.14.11:331][200]LogModuleManager: Shutting down and abandoning module AddContentDialog (230)
[2016.09.11-21.14.11:333][200]LogDirectoryWatcher: A directory notification for 'C:/Program Files (x86)/Epic Games/4.13/FeaturePacks/' was aborted.
[2016.09.11-21.14.11:394][200]LogModuleManager: Shutting down and abandoning module GameplayTags (229)
[2016.09.11-21.14.11:394][200]LogModuleManager: Shutting down and abandoning module EditorWidgets (228)
[2016.09.11-21.14.11:394][200]LogModuleManager: Shutting down and abandoning module CollectionManager (227)
[2016.09.11-21.14.11:396][200]LogDirectoryWatcher: A directory notification for 'C:/Users/SeanBootCamp/Documents/SubEarth/debug/SubEarth/Content/Collections/' was aborted.
[2016.09.11-21.14.11:396][200]LogDirectoryWatcher: A directory notification for 'C:/Users/SeanBootCamp/Documents/SubEarth/debug/SubEarth/Content/Developers/SeanBootCamp/Collections/' was aborted.
[2016.09.11-21.14.11:396][200]LogDirectoryWatcher: A directory notification for 'C:/Users/SeanBootCamp/Documents/SubEarth/debug/SubEarth/Saved/Collections/' was aborted.
[2016.09.11-21.14.11:397][200]LogModuleManager: Shutting down and abandoning module StatsViewer (226)
[2016.09.11-21.14.11:400][200]LogModuleManager: Shutting down and abandoning module FoliageEdit (225)
[2016.09.11-21.14.11:400][200]LogModuleManager: Shutting down and abandoning module LandscapeEditor (224)
[2016.09.11-21.14.11:404][200]LogModuleManager: Shutting down and abandoning module SceneDepthPickerMode (223)
[2016.09.11-21.14.11:404][200]LogModuleManager: Shutting down and abandoning module ActorPickerMode (222)
[2016.09.11-21.14.11:404][200]LogModuleManager: Shutting down and abandoning module GeometryMode (221)
[2016.09.11-21.14.11:404][200]LogModuleManager: Shutting down and abandoning module TextureAlignMode (220)
[2016.09.11-21.14.11:404][200]LogModuleManager: Shutting down and abandoning module BspMode (219)
[2016.09.11-21.14.11:404][200]LogModuleManager: Shutting down and abandoning module HardwareSurvey (218)
[2016.09.11-21.14.11:404][200]LogModuleManager: Shutting down and abandoning module SequenceRecorderSections (217)
[2016.09.11-21.14.11:404][200]LogModuleManager: Shutting down and abandoning module SequenceRecorder (216)
[2016.09.11-21.14.11:404][200]LogModuleManager: Shutting down and abandoning module AutomationWorker (215)
[2016.09.11-21.14.11:405][200]LogModuleManager: Shutting down and abandoning module MatineeToLevelSequence (214)
[2016.09.11-21.14.11:405][200]LogModuleManager: Shutting down and abandoning module PlacementMode (213)
[2016.09.11-21.14.11:406][200]LogModuleManager: Shutting down and abandoning module LevelSequenceEditor (212)
[2016.09.11-21.14.11:413][200]LogModuleManager: Shutting down and abandoning module WmfMediaFactory (211)
[2016.09.11-21.14.11:413][200]LogModuleManager: Shutting down and abandoning module WmfMediaEditor (210)
[2016.09.11-21.14.11:413][200]LogModuleManager: Shutting down and abandoning module AvfMediaFactory (209)
[2016.09.11-21.14.11:413][200]LogModuleManager: Shutting down and abandoning module AvfMediaEditor (208)
[2016.09.11-21.14.11:413][200]LogModuleManager: Shutting down and abandoning module Media (207)
[2016.09.11-21.14.11:413][200]LogModuleManager: Shutting down and abandoning module AndroidMediaFactory (206)
[2016.09.11-21.14.11:413][200]LogModuleManager: Shutting down and abandoning module AndroidMediaEditor (205)
[2016.09.11-21.14.11:413][200]LogModuleManager: Shutting down and abandoning module CharacterAI (204)
[2016.09.11-21.14.11:414][200]LogModuleManager: Shutting down and abandoning module SmartSnapping (203)
[2016.09.11-21.14.11:414][200]LogModuleManager: Shutting down and abandoning module SessionServices (202)
[2016.09.11-21.14.11:414][200]LogModuleManager: Shutting down and abandoning module ViewportSnapping (201)
[2016.09.11-21.14.11:414][200]LogModuleManager: Shutting down and abandoning module ViewportInteraction (200)
[2016.09.11-21.14.11:414][200]LogModuleManager: Shutting down and abandoning module LogVisualizer (199)
[2016.09.11-21.14.11:417][200]LogModuleManager: Shutting down and abandoning module GameProjectGeneration (198)
[2016.09.11-21.14.11:421][200]LogModuleManager: Shutting down and abandoning module IntroTutorials (197)
[2016.09.11-21.14.11:424][200]LogModuleManager: Shutting down and abandoning module EditorLiveStreaming (196)
[2016.09.11-21.14.11:424][200]LogModuleManager: Shutting down and abandoning module IOSPlatformEditor (195)
[2016.09.11-21.14.11:425][200]LogModuleManager: Shutting down and abandoning module HTML5PlatformEditor (194)
[2016.09.11-21.14.11:425][200]LogModuleManager: Shutting down and abandoning module AndroidDeviceDetection (193)
[2016.09.11-21.14.12:152][200]LogModuleManager: Shutting down and abandoning module AndroidPlatformEditor (192)
[2016.09.11-21.14.12:153][200]LogModuleManager: Shutting down and abandoning module IOSRuntimeSettings (191)
[2016.09.11-21.14.12:153][200]LogModuleManager: Shutting down and abandoning module AndroidRuntimeSettings (190)
[2016.09.11-21.14.12:153][200]LogModuleManager: Shutting down and abandoning module NiagaraEditor (189)
[2016.09.11-21.14.12:155][200]LogModuleManager: Shutting down and abandoning module MergeActors (188)
[2016.09.11-21.14.12:157][200]LogModuleManager: Shutting down and abandoning module SizeMap (187)
[2016.09.11-21.14.12:158][200]LogModuleManager: Shutting down and abandoning module TreeMap (186)
[2016.09.11-21.14.12:160][200]LogModuleManager: Shutting down and abandoning module ReferenceViewer (185)
[2016.09.11-21.14.12:160][200]LogModuleManager: Shutting down and abandoning module LocalizationService (184)
[2016.09.11-21.14.12:161][200]LogModuleManager: Shutting down and abandoning module LocalizationDashboard (183)
[2016.09.11-21.14.12:163][200]LogModuleManager: Shutting down and abandoning module HardwareTargeting (182)
[2016.09.11-21.14.12:163][200]LogModuleManager: Shutting down and abandoning module DeviceProfileEditor (181)
[2016.09.11-21.14.12:168][200]LogModuleManager: Shutting down and abandoning module UndoHistory (180)
[2016.09.11-21.14.12:170][200]LogModuleManager: Shutting down and abandoning module UserFeedback (179)
[2016.09.11-21.14.12:170][200]LogModuleManager: Shutting down and abandoning module XmlParser (178)
[2016.09.11-21.14.12:171][200]LogModuleManager: Shutting down and abandoning module Blutility (177)
[2016.09.11-21.14.12:171][200]LogModuleManager: Shutting down and abandoning module ProjectTargetPlatformEditor (176)
[2016.09.11-21.14.12:172][200]LogModuleManager: Shutting down and abandoning module ProjectSettingsViewer (175)
[2016.09.11-21.14.12:172][200]LogModuleManager: Shutting down and abandoning module InputBindingEditor (174)
[2016.09.11-21.14.12:177][200]LogModuleManager: Shutting down and abandoning module EditorSettingsViewer (173)
[2016.09.11-21.14.12:179][200]LogModuleManager: Shutting down and abandoning module SettingsEditor (172)
[2016.09.11-21.14.12:181][200]LogModuleManager: Shutting down and abandoning module ProjectLauncher (171)
[2016.09.11-21.14.12:184][200]LogModuleManager: Shutting down and abandoning module SessionFrontend (170)
[2016.09.11-21.14.12:192][200]LogModuleManager: Shutting down and abandoning module ProfilerClient (169)
[2016.09.11-21.14.12:204][200]LogModuleManager: Shutting down and abandoning module TargetDeviceServices (168)
[2016.09.11-21.14.12:205][200]LogModuleManager: Shutting down and abandoning module DeviceManager (167)
[2016.09.11-21.14.12:257][200]LogModuleManager: Shutting down and abandoning module AutomationController (166)
[2016.09.11-21.14.12:260][200]LogModuleManager: Shutting down and abandoning module AutomationWindow (165)
[2016.09.11-21.14.12:357][200]LogModuleManager: Shutting down and abandoning module Layers (164)
[2016.09.11-21.14.12:651][200]LogModuleManager: Shutting down and abandoning module ComponentVisualizers (163)
[2016.09.11-21.14.12:651][200]LogModuleManager: Shutting down and abandoning module DetailCustomizations (162)
[2016.09.11-21.14.12:653][200]LogModuleManager: Shutting down and abandoning module PackagesDialog (161)
[2016.09.11-21.14.12:674][200]LogModuleManager: Shutting down and abandoning module AnimGraph (160)
[2016.09.11-21.14.12:675][200]LogModuleManager: Shutting down and abandoning module Persona (159)
[2016.09.11-21.14.12:681][200]LogModuleManager: Shutting down and abandoning module Kismet (158)
[2016.09.11-21.14.12:686][200]LogModuleManager: Shutting down and abandoning module GraphEditor (157)
[2016.09.11-21.14.12:714][200]LogModuleManager: Shutting down and abandoning module ClassViewer (156)
[2016.09.11-21.14.12:716][200]LogModuleManager: Shutting down and abandoning module Toolbox (155)
[2016.09.11-21.14.12:717][200]LogModuleManager: Shutting down and abandoning module ModuleUI (154)
[2016.09.11-21.14.12:718][200]LogModuleManager: Shutting down and abandoning module MovieSceneTools (153)
[2016.09.11-21.14.12:720][200]LogModuleManager: Shutting down and abandoning module OutputLog (152)
[2016.09.11-21.14.12:720][200]LogModuleManager: Shutting down and abandoning module GammaUI (151)
[2016.09.11-21.14.12:721][200]LogModuleManager: Shutting down and abandoning module Documentation (150)
[2016.09.11-21.14.12:721][200]LogModuleManager: Shutting down and abandoning module Niagara (149)
[2016.09.11-21.14.12:724][200]LogModuleManager: Shutting down and abandoning module StreamingPauseRendering (148)
[2016.09.11-21.14.12:724][200]LogModuleManager: Shutting down and abandoning module AnalyticsET (147)
[2016.09.11-21.14.12:724][200]LogModuleManager: Shutting down and abandoning module PortalServices (146)
[2016.09.11-21.14.12:724][200]LogModuleManager: Shutting down and abandoning module PortalRpc (145)
[2016.09.11-21.14.12:724][200]LogModuleManager: Shutting down and abandoning module MessagingRpc (144)
[2016.09.11-21.14.12:724][200]LogModuleManager: Shutting down and abandoning module GameplayDebugger (143)
[2016.09.11-21.14.12:754][200]LogModuleManager: Shutting down and abandoning module AITestSuite (142)
[2016.09.11-21.14.12:755][200]LogModuleManager: Shutting down and abandoning module AIModule (141)
[2016.09.11-21.14.12:755][200]LogModuleManager: Shutting down and abandoning module ProfilerService (140)
[2016.09.11-21.14.12:884][200]LogModuleManager: Shutting down and abandoning module TaskGraph (139)
[2016.09.11-21.14.12:993][200]LogModuleManager: Shutting down and abandoning module SlateRemote (138)
[2016.09.11-21.14.12:993][200]LogModuleManager: Shutting down and abandoning module SteamVRController (137)
[2016.09.11-21.14.12:993][200]LogModuleManager: Shutting down and abandoning module SteamVR (136)
[2016.09.11-21.14.12:993][200]LogModuleManager: Shutting down and abandoning module ProceduralMeshComponentEditor (135)
[2016.09.11-21.14.13:037][200]LogModuleManager: Shutting down and abandoning module ProceduralMeshComponent (134)
[2016.09.11-21.14.13:037][200]LogModuleManager: Shutting down and abandoning module OculusLibrary (133)
[2016.09.11-21.14.13:037][200]LogModuleManager: Shutting down and abandoning module OculusInput (132)
[2016.09.11-21.14.13:037][200]LogModuleManager: Shutting down and abandoning module CustomMeshComponent (131)
[2016.09.11-21.14.13:037][200]LogModuleManager: Shutting down and abandoning module CableComponent (130)
[2016.09.11-21.14.13:037][200]LogModuleManager: Shutting down and abandoning module ArchVisCharacter (129)
[2016.09.11-21.14.13:037][200]LogModuleManager: Shutting down and abandoning module MediaPlayerEditor (127)
[2016.09.11-21.14.13:097][200]LogModuleManager: Shutting down and abandoning module HTML5Networking (126)
[2016.09.11-21.14.13:097][200]LogModuleManager: Shutting down and abandoning module GeometryCacheEd (125)
[2016.09.11-21.14.13:097][200]LogModuleManager: Shutting down and abandoning module GeometryCache (124)
[2016.09.11-21.14.13:097][200]LogModuleManager: Shutting down and abandoning module AlembicLibrary (123)
[2016.09.11-21.14.13:097][200]LogModuleManager: Shutting down and abandoning module AlembicImporter (122)
[2016.09.11-21.14.13:099][200]LogModuleManager: Shutting down and abandoning module SuperSearch (121)
[2016.09.11-21.14.13:099][200]LogModuleManager: Shutting down and abandoning module SuperSearchEditor (120)
[2016.09.11-21.14.13:099][200]LogModuleManager: Shutting down and abandoning module SpeedTreeImporter (119)
[2016.09.11-21.14.13:099][200]LogModuleManager: Shutting down and abandoning module PluginBrowser (118)
[2016.09.11-21.14.13:116][200]LogModuleManager: Shutting down and abandoning module MobileLauncherProfileWizard (117)
[2016.09.11-21.14.13:150][200]LogModuleManager: Shutting down and abandoning module EpicSurvey (116)
[2016.09.11-21.14.13:156][200]LogModuleManager: Shutting down and abandoning module DesktopPlatform (115)
[2016.09.11-21.14.13:178][200]LogModuleManager: Shutting down and abandoning module VisualStudioSourceCodeAccess (114)
[2016.09.11-21.14.13:178][200]LogModuleManager: Shutting down and abandoning module UObjectPlugin (113)
[2016.09.11-21.14.13:178][200]LogModuleManager: Shutting down and abandoning module SubversionSourceControl (112)
[2016.09.11-21.14.13:188][200]LogModuleManager: Shutting down and abandoning module PerforceSourceControl (111)
[2016.09.11-21.14.13:240][200]LogModuleManager: Shutting down and abandoning module SourceControl (110)
[2016.09.11-21.14.13:254][200]LogModuleManager: Shutting down and abandoning module GitSourceControl (109)
[2016.09.11-21.14.13:257][200]LogModuleManager: Shutting down and abandoning module LightPropagationVolumeEditor (108)
[2016.09.11-21.14.13:257][200]LogModuleManager: Shutting down and abandoning module PaperTiledImporter (107)
[2016.09.11-21.14.13:259][200]LogModuleManager: Shutting down and abandoning module PaperSpriteSheetImporter (106)
[2016.09.11-21.14.13:259][200]LogModuleManager: Shutting down and abandoning module MeshPaint (105)
[2016.09.11-21.14.13:259][200]LogModuleManager: Shutting down and abandoning module FbxAutomationBuilderModule (104)
[2016.09.11-21.14.13:264][200]LogModuleManager: Shutting down and abandoning module PixelInspectorModule (103)
[2016.09.11-21.14.13:266][200]LogModuleManager: Shutting down and abandoning module HotReload (102)
[2016.09.11-21.14.13:266][200]LogDirectoryWatcher: A directory notification for 'C:/Users/SeanBootCamp/Documents/SubEarth/debug/SubEarth/Binaries/Win64' was aborted.
[2016.09.11-21.14.13:270][200]LogModuleManager: Shutting down and abandoning module MainFrame (101)
[2016.09.11-21.14.13:270][200]LogModuleManager: Shutting down and abandoning module LevelEditor (100)
[2016.09.11-21.14.13:326][200]LogModuleManager: Shutting down and abandoning module ContentBrowser (99)
[2016.09.11-21.14.13:361][200]LogModuleManager: Shutting down and abandoning module Paper2DEditor (98)
[2016.09.11-21.14.13:390][200]LogModuleManager: Shutting down and abandoning module SubEarth (97)
[2016.09.11-21.14.13:390][200]LogModuleManager: Shutting down and abandoning module UdpMessaging (96)
[2016.09.11-21.14.13:517][200]LogModuleManager: Shutting down and abandoning module TcpMessaging (95)
[2016.09.11-21.14.13:519][200]LogModuleManager: Shutting down and abandoning module LightPropagationVolumeRuntime (94)
[2016.09.11-21.14.13:519][200]LogModuleManager: Shutting down and abandoning module Paper2D (93)
[2016.09.11-21.14.13:524][200]LogModuleManager: Shutting down and abandoning module WindowsMoviePlayer (92)
[2016.09.11-21.14.13:535][200]LogModuleManager: Shutting down and abandoning module WmfMedia (91)
[2016.09.11-21.14.13:697][200]LogModuleManager: Shutting down and abandoning module MediaAssets (90)
[2016.09.11-21.14.13:698][200]LogModuleManager: Shutting down and abandoning module GameLiveStreaming (89)
[2016.09.11-21.14.13:699][200]LogModuleManager: Shutting down and abandoning module GameplayTagsEditor (88)
[2016.09.11-21.14.13:700][200]LogModuleManager: Shutting down and abandoning module VREditor (87)
[2016.09.11-21.14.13:700][200]LogModuleManager: Shutting down and abandoning module GameplayTasksEditor (86)
[2016.09.11-21.14.13:700][200]LogModuleManager: Shutting down and abandoning module PropertyEditor (85)
[2016.09.11-21.14.13:701][200]LogModuleManager: Shutting down and abandoning module BehaviorTreeEditor (84)
[2016.09.11-21.14.13:715][200]LogModuleManager: Shutting down and abandoning module FunctionalTesting (83)
[2016.09.11-21.14.13:715][200]LogModuleManager: Shutting down and abandoning module CollisionAnalyzer (82)
[2016.09.11-21.14.13:719][200]LogModuleManager: Shutting down and abandoning module Sequencer (81)
[2016.09.11-21.14.13:724][200]LogModuleManager: Shutting down and abandoning module WorkspaceMenuStructure (80)
[2016.09.11-21.14.13:724][200]LogModuleManager: Shutting down and abandoning module MessageLog (79)
[2016.09.11-21.14.13:724][200]LogModuleManager: Shutting down and abandoning module AssetTools (78)
[2016.09.11-21.14.13:728][200]LogModuleManager: Shutting down and abandoning module UMGEditor (77)
[2016.09.11-21.14.13:731][200]LogModuleManager: Shutting down and abandoning module UMG (76)
[2016.09.11-21.14.13:734][200]LogModuleManager: Shutting down and abandoning module SlateReflector (75)
[2016.09.11-21.14.13:741][200]LogModuleManager: Shutting down and abandoning module Slate (74)
[2016.09.11-21.14.13:741][200]LogModuleManager: Shutting down and abandoning module EditorStyle (73)
[2016.09.11-21.14.13:754][200]LogModuleManager: Shutting down and abandoning module SourceCodeAccess (72)
[2016.09.11-21.14.13:755][200]LogModuleManager: Shutting down and abandoning module HeadMountedDisplay (71)
[2016.09.11-21.14.13:755][200]LogModuleManager: Shutting down and abandoning module XAudio2 (70)
[2016.09.11-21.14.13:755][200]LogModuleManager: Shutting down and abandoning module Networking (68)
[2016.09.11-21.14.13:755][200]LogModuleManager: Shutting down and abandoning module Core (67)
[2016.09.11-21.14.13:755][200]LogModuleManager: Shutting down and abandoning module DirectoryWatcher (66)
[2016.09.11-21.14.13:755][200]LogDirectoryWatcher: A directory notification for '../../../Engine/Content/' was aborted.
[2016.09.11-21.14.13:755][200]LogDirectoryWatcher: A directory notification for '../../../../../../Users/SeanBootCamp/Documents/SubEarth/debug/SubEarth/Content/' was aborted.
[2016.09.11-21.14.13:756][200]LogDirectoryWatcher: A directory notification for '../../../Engine/Plugins/2D/Paper2D/Content/' was aborted.
[2016.09.11-21.14.13:773][200]LogModuleManager: Shutting down and abandoning module AssetRegistry (65)
[2016.09.11-21.14.14:211][200]LogModuleManager: Shutting down and abandoning module KismetCompiler (64)
[2016.09.11-21.14.14:212][200]LogModuleManager: Shutting down and abandoning module PhysXFormats (63)
[2016.09.11-21.14.14:213][200]LogModuleManager: Shutting down and abandoning module MeshUtilities (62)
[2016.09.11-21.14.14:215][200]LogModuleManager: Shutting down and abandoning module DerivedDataCache (61)
[2016.09.11-21.14.14:218][200]LogDerivedDataCache: Shutdown
[2016.09.11-21.14.14:218][200]LogModuleManager: Shutting down and abandoning module VulkanShaderFormat (60)
[2016.09.11-21.14.14:220][200]LogModuleManager: Shutting down and abandoning module ShaderFormatOpenGL (59)
[2016.09.11-21.14.14:222][200]LogModuleManager: Shutting down and abandoning module ShaderFormatD3D (58)
[2016.09.11-21.14.14:225][200]LogModuleManager: Shutting down and abandoning module MetalShaderFormat (57)
[2016.09.11-21.14.14:230][200]LogModuleManager: Shutting down and abandoning module TextureFormatUncompressed (56)
[2016.09.11-21.14.14:230][200]LogModuleManager: Shutting down and abandoning module TextureFormatPVR (55)
[2016.09.11-21.14.14:230][200]LogModuleManager: Shutting down and abandoning module TextureFormatDXT (54)
[2016.09.11-21.14.14:231][200]LogModuleManager: Shutting down and abandoning module TextureFormatIntelISPCTexComp (53)
[2016.09.11-21.14.14:252][200]LogModuleManager: Shutting down and abandoning module ImageWrapper (52)
[2016.09.11-21.14.14:252][200]LogModuleManager: Shutting down and abandoning module TextureFormatASTC (51)
[2016.09.11-21.14.14:252][200]LogModuleManager: Shutting down and abandoning module TextureFormatAndroid (50)
[2016.09.11-21.14.14:252][200]LogModuleManager: Shutting down and abandoning module AudioFormatOpus (49)
[2016.09.11-21.14.14:252][200]LogModuleManager: Shutting down and abandoning module AudioFormatOgg (48)
[2016.09.11-21.14.14:262][200]LogModuleManager: Shutting down and abandoning module AudioFormatADPCM (47)
[2016.09.11-21.14.14:263][200]LogModuleManager: Shutting down and abandoning module LinuxTargetPlatform (46)
[2016.09.11-21.14.14:263][200]LogModuleManager: Shutting down and abandoning module LinuxServerTargetPlatform (45)
[2016.09.11-21.14.14:264][200]LogModuleManager: Shutting down and abandoning module LinuxNoEditorTargetPlatform (44)
[2016.09.11-21.14.14:264][200]LogModuleManager: Shutting down and abandoning module LinuxClientTargetPlatform (43)
[2016.09.11-21.14.14:300][200]LogModuleManager: Shutting down and abandoning module TVOSTargetPlatform (42)
[2016.09.11-21.14.14:300][200]LogModuleManager: Shutting down and abandoning module Messaging (41)
[2016.09.11-21.14.14:300][200]LogModuleManager: Shutting down and abandoning module IOSTargetPlatform (40)
[2016.09.11-21.14.14:300][200]LogModuleManager: Shutting down and abandoning module HTML5TargetPlatform (39)
[2016.09.11-21.14.14:300][200]LogModuleManager: Shutting down and abandoning module Android_PVRTCTargetPlatform (38)
[2016.09.11-21.14.14:300][200]LogModuleManager: Shutting down and abandoning module Android_MultiTargetPlatform (37)
[2016.09.11-21.14.14:300][200]LogModuleManager: Shutting down and abandoning module Android_ETC2TargetPlatform (36)
[2016.09.11-21.14.14:300][200]LogModuleManager: Shutting down and abandoning module Android_ETC1TargetPlatform (35)
[2016.09.11-21.14.14:300][200]LogModuleManager: Shutting down and abandoning module Android_DXTTargetPlatform (34)
[2016.09.11-21.14.14:301][200]LogModuleManager: Shutting down and abandoning module Android_ATCTargetPlatform (33)
[2016.09.11-21.14.14:301][200]LogModuleManager: Shutting down and abandoning module Android_ASTCTargetPlatform (32)
[2016.09.11-21.14.14:301][200]LogModuleManager: Shutting down and abandoning module AndroidTargetPlatform (31)
[2016.09.11-21.14.14:301][200]LogModuleManager: Shutting down and abandoning module WindowsTargetPlatform (30)
[2016.09.11-21.14.14:301][200]LogModuleManager: Shutting down and abandoning module WindowsServerTargetPlatform (29)
[2016.09.11-21.14.14:304][200]LogModuleManager: Shutting down and abandoning module WindowsNoEditorTargetPlatform (28)
[2016.09.11-21.14.14:311][200]LogModuleManager: Shutting down and abandoning module WindowsClientTargetPlatform (27)
[2016.09.11-21.14.14:317][200]LogModuleManager: Shutting down and abandoning module AllDesktopTargetPlatform (26)
[2016.09.11-21.14.14:317][200]LogModuleManager: Shutting down and abandoning module TargetPlatform (25)
[2016.09.11-21.14.14:317][200]LogModuleManager: Shutting down and abandoning module InputCore (24)
[2016.09.11-21.14.14:319][200]LogModuleManager: Shutting down and abandoning module Settings (23)
[2016.09.11-21.14.14:339][200]LogModuleManager: Shutting down and abandoning module OculusRift (22)
[2016.09.11-21.14.14:352][200]LogModuleManager: Shutting down and abandoning module GearVR (21)
[2016.09.11-21.14.14:353][200]LogModuleManager: Shutting down and abandoning module ExampleDeviceProfileSelector (20)
[2016.09.11-21.14.14:353][200]LogModuleManager: Shutting down and abandoning module OnlineBlueprintSupport (19)
[2016.09.11-21.14.14:354][200]LogModuleManager: Shutting down and abandoning module OnlineSubsystem (17)
[2016.09.11-21.14.14:372][200]LogOnline:Display: Unloading online subsystem: NULL
[2016.09.11-21.14.14:383][200]LogModuleManager: Shutting down and abandoning module HTTP (16)
[2016.09.11-21.14.14:384][200]LogHttp:Display: Http module shutting down, but needs to wait on 1 outstanding Http requests:
[2016.09.11-21.14.14:384][200]LogHttp:Display: 	verb=[POST] url=[https://datarouter.ol.epicgames.com/datarouter/api/v1/public/data?SessionID=%7B1217589B-424D-C6FC-3E66-AD8218212B0E%7D&AppID=UEEditor.Rocket.Release&AppVersion=%2B%2BUE4%2BRelease-4.13-CL-3106830&UserID=2b09482d4475ab5e8c093989fff4fdb5%7C125236e265d44e8f9bd4d57e766db7b0%7C445190b9-8e19-4410-aae3-01558175044d&AppEnvironment=datacollector-binary&UploadType=eteventstream] status=Processing
[2016.09.11-21.14.14:407][200]LogModuleManager: Shutting down and abandoning module XMPP (15)
[2016.09.11-21.14.14:410][200]LogModuleManager: Shutting down and abandoning module TextureCompressor (14)
[2016.09.11-21.14.14:419][200]LogModuleManager: Shutting down and abandoning module ShaderCore (13)
[2016.09.11-21.14.14:419][200]LogModuleManager: Shutting down and abandoning module Landscape (12)
[2016.09.11-21.14.14:419][200]LogModuleManager: Shutting down and abandoning module SlateRHIRenderer (11)
[2016.09.11-21.14.14:539][200]LogModuleManager: Shutting down and abandoning module OpenGLDrv (10)
[2016.09.11-21.14.14:562][200]LogModuleManager: Shutting down and abandoning module D3D11RHI (9)
[2016.09.11-21.14.14:562][200]LogModuleManager: Shutting down and abandoning module AnimGraphRuntime (8)
[2016.09.11-21.14.14:562][200]LogModuleManager: Shutting down and abandoning module Renderer (7)
[2016.09.11-21.14.14:562][200]LogModuleManager: Shutting down and abandoning module Engine (6)
[2016.09.11-21.14.14:562][200]LogModuleManager: Shutting down and abandoning module CoreUObject (5)
[2016.09.11-21.14.14:562][200]LogModuleManager: Shutting down and abandoning module NetworkFile (4)
[2016.09.11-21.14.14:577][200]LogModuleManager: Shutting down and abandoning module StreamingFile (3)
[2016.09.11-21.14.14:578][200]LogModuleManager: Shutting down and abandoning module SandboxFile (2)
[2016.09.11-21.14.14:626][200]LogModuleManager: Shutting down and abandoning module PakFile (1)
[2016.09.11-21.14.14:695][200]LogExit: Exiting.
[2016.09.11-21.14.14:871][200]Log file closed, 09/11/16 14:14:14
