Log file open, 09/11/16 14:38:33
LogInit:Display: Running engine without a game
LogPlatformFile: Not using cached read wrapper
LogInit:Display: Loading recent project file: ../../../../../../Users/SeanBootCamp/Documents/SubEarth/debug/SubEarth/SubEarth.uproject
LogInit:Display: RandInit(-2088958932) SRandInit(-2088958932).
LogTaskGraph: Started task graph with 5 named threads and 6 total threads with 1 sets of task threads.
LogStats: Stats thread started at 1.349207
LogPluginManager: Loaded Plugin Paper2D, From C:/Program Files (x86)/Epic Games/4.13/Engine/Plugins/2D/Paper2D/Paper2D.uplugin
LogPluginManager: Loaded Plugin LightPropagationVolume, From C:/Program Files (x86)/Epic Games/4.13/Engine/Plugins/Blendables/LightPropagationVolume/LightPropagationVolume.uplugin
LogPluginManager: Loaded Plugin BlankPlugin, From C:/Program Files (x86)/Epic Games/4.13/Engine/Plugins/Developer/BlankPlugin/BlankPlugin.uplugin
LogPluginManager: Loaded Plugin CodeLiteSourceCodeAccess, From C:/Program Files (x86)/Epic Games/4.13/Engine/Plugins/Developer/CodeLiteSourceCodeAccess/CodeLiteSourceCodeAccess.uplugin
LogPluginManager: Loaded Plugin GitSourceControl, From C:/Program Files (x86)/Epic Games/4.13/Engine/Plugins/Developer/GitSourceControl/GitSourceControl.uplugin
LogPluginManager: Loaded Plugin KDevelopSourceCodeAccess, From C:/Program Files (x86)/Epic Games/4.13/Engine/Plugins/Developer/KDevelopSourceCodeAccess/KDevelopSourceCodeAccess.uplugin
LogPluginManager: Loaded Plugin NullSourceCodeAccess, From C:/Program Files (x86)/Epic Games/4.13/Engine/Plugins/Developer/NullSourceCodeAccess/NullSourceCodeAccess.uplugin
LogPluginManager: Loaded Plugin OneSkyLocalizationService, From C:/Program Files (x86)/Epic Games/4.13/Engine/Plugins/Developer/OneSkyLocalizationService/OneSkyLocalizationService.uplugin
LogPluginManager: Loaded Plugin PerforceSourceControl, From C:/Program Files (x86)/Epic Games/4.13/Engine/Plugins/Developer/PerforceSourceControl/PerforceSourceControl.uplugin
LogPluginManager: Loaded Plugin SubversionSourceControl, From C:/Program Files (x86)/Epic Games/4.13/Engine/Plugins/Developer/SubversionSourceControl/SubversionSourceControl.uplugin
LogPluginManager: Loaded Plugin UObjectPlugin, From C:/Program Files (x86)/Epic Games/4.13/Engine/Plugins/Developer/UObjectPlugin/UObjectPlugin.uplugin
LogPluginManager: Loaded Plugin VisualStudioSourceCodeAccess, From C:/Program Files (x86)/Epic Games/4.13/Engine/Plugins/Developer/VisualStudioSourceCodeAccess/VisualStudioSourceCodeAccess.uplugin
LogPluginManager: Loaded Plugin XCodeSourceCodeAccess, From C:/Program Files (x86)/Epic Games/4.13/Engine/Plugins/Developer/XCodeSourceCodeAccess/XCodeSourceCodeAccess.uplugin
LogPluginManager: Loaded Plugin EpicSurvey, From C:/Program Files (x86)/Epic Games/4.13/Engine/Plugins/Editor/EpicSurvey/EpicSurvey.uplugin
LogPluginManager: Loaded Plugin MacGraphicsSwitching, From C:/Program Files (x86)/Epic Games/4.13/Engine/Plugins/Editor/MacGraphicsSwitching/MacGraphicsSwitching.uplugin
LogPluginManager: Loaded Plugin MobileLauncherProfileWizard, From C:/Program Files (x86)/Epic Games/4.13/Engine/Plugins/Editor/MobileLauncherProfileWizard/MobileLauncherProfileWizard.uplugin
LogPluginManager: Loaded Plugin PluginBrowser, From C:/Program Files (x86)/Epic Games/4.13/Engine/Plugins/Editor/PluginBrowser/PluginBrowser.uplugin
LogPluginManager: Loaded Plugin SpeedTreeImporter, From C:/Program Files (x86)/Epic Games/4.13/Engine/Plugins/Editor/SpeedTreeImporter/SpeedTreeImporter.uplugin
LogPluginManager: Loaded Plugin SuperSearchEditor, From C:/Program Files (x86)/Epic Games/4.13/Engine/Plugins/Editor/SuperSearchEditor/SuperSearchEditor.uplugin
LogPluginManager: Loaded Plugin AlembicImporter, From C:/Program Files (x86)/Epic Games/4.13/Engine/Plugins/Experimental/AlembicImporter/AlembicImporter.uplugin
LogPluginManager: Loaded Plugin BlueprintStats, From C:/Program Files (x86)/Epic Games/4.13/Engine/Plugins/Experimental/BlueprintStats/BlueprintStats.uplugin
LogPluginManager: Loaded Plugin CharacterAI, From C:/Program Files (x86)/Epic Games/4.13/Engine/Plugins/Experimental/CharacterAI/CharacterAI.uplugin
LogPluginManager: Loaded Plugin CodeEditor, From C:/Program Files (x86)/Epic Games/4.13/Engine/Plugins/Experimental/CodeEditor/CodeEditor.uplugin
LogPluginManager: Loaded Plugin CodeView, From C:/Program Files (x86)/Epic Games/4.13/Engine/Plugins/Experimental/CodeView/CodeView.uplugin
LogPluginManager: Loaded Plugin HTML5Networking, From C:/Program Files (x86)/Epic Games/4.13/Engine/Plugins/Experimental/HTML5Networking/HTML5Networking.uplugin
LogPluginManager: Loaded Plugin LiveEditor, From C:/Program Files (x86)/Epic Games/4.13/Engine/Plugins/Experimental/LiveEditor/LiveEditor.uplugin
LogPluginManager: Loaded Plugin OSVR, From C:/Program Files (x86)/Epic Games/4.13/Engine/Plugins/Experimental/OSVR/OSVR.uplugin
LogPluginManager: Loaded Plugin Phya, From C:/Program Files (x86)/Epic Games/4.13/Engine/Plugins/Experimental/Phya/Phya.uplugin
LogPluginManager: Loaded Plugin SignificanceManager, From C:/Program Files (x86)/Epic Games/4.13/Engine/Plugins/Experimental/SignificanceManager/SignificanceManager.uplugin
LogPluginManager: Loaded Plugin SimpleHMD, From C:/Program Files (x86)/Epic Games/4.13/Engine/Plugins/Experimental/SimpleHMD/SimpleHMD.uplugin
LogPluginManager: Loaded Plugin StereoPanorama, From C:/Program Files (x86)/Epic Games/4.13/Engine/Plugins/Experimental/StereoPanorama/StereoPanorama.uplugin
LogPluginManager: Loaded Plugin StructBox, From C:/Program Files (x86)/Epic Games/4.13/Engine/Plugins/Experimental/StructBox/StructBox.uplugin
LogPluginManager: Loaded Plugin AndroidMedia, From C:/Program Files (x86)/Epic Games/4.13/Engine/Plugins/Media/AndroidMedia/AndroidMedia.uplugin
LogPluginManager: Loaded Plugin AvfMedia, From C:/Program Files (x86)/Epic Games/4.13/Engine/Plugins/Media/AvfMedia/AvfMedia.uplugin
LogPluginManager: Loaded Plugin MediaPlayerEditor, From C:/Program Files (x86)/Epic Games/4.13/Engine/Plugins/Media/MediaPlayerEditor/MediaPlayerEditor.uplugin
LogPluginManager: Loaded Plugin WmfMedia, From C:/Program Files (x86)/Epic Games/4.13/Engine/Plugins/Media/WmfMedia/WmfMedia.uplugin
LogPluginManager: Loaded Plugin MessagingDebugger, From C:/Program Files (x86)/Epic Games/4.13/Engine/Plugins/Messaging/MessagingDebugger/MessagingDebugger.uplugin
LogPluginManager: Loaded Plugin TcpMessaging, From C:/Program Files (x86)/Epic Games/4.13/Engine/Plugins/Messaging/TcpMessaging/TcpMessaging.uplugin
LogPluginManager: Loaded Plugin UdpMessaging, From C:/Program Files (x86)/Epic Games/4.13/Engine/Plugins/Messaging/UdpMessaging/UdpMessaging.uplugin
LogPluginManager: Loaded Plugin LevelSequenceEditor, From C:/Program Files (x86)/Epic Games/4.13/Engine/Plugins/MovieScene/LevelSequenceEditor/LevelSequenceEditor.uplugin
LogPluginManager: Loaded Plugin MatineeToLevelSequence, From C:/Program Files (x86)/Epic Games/4.13/Engine/Plugins/MovieScene/MatineeToLevelSequence/MatineeToLevelSequence.uplugin
LogPluginManager: Loaded Plugin NetcodeUnitTest, From C:/Program Files (x86)/Epic Games/4.13/Engine/Plugins/NetcodeUnitTest/NetcodeUnitTest/NetcodeUnitTest.uplugin
LogPluginManager: Loaded Plugin NUTUnrealEngine4, From C:/Program Files (x86)/Epic Games/4.13/Engine/Plugins/NetcodeUnitTest/NUTUnrealEngine4/NUTUnrealEngine4.uplugin
LogPluginManager: Loaded Plugin OnlineSubsystemGooglePlay, From C:/Program Files (x86)/Epic Games/4.13/Engine/Plugins/Online/Android/OnlineSubsystemGooglePlay/OnlineSubsystemGooglePlay.uplugin
LogPluginManager: Loaded Plugin OnlineSubsystemIOS, From C:/Program Files (x86)/Epic Games/4.13/Engine/Plugins/Online/IOS/OnlineSubsystemIOS/OnlineSubsystemIOS.uplugin
LogPluginManager: Loaded Plugin OnlineFramework, From C:/Program Files (x86)/Epic Games/4.13/Engine/Plugins/Online/OnlineFramework/OnlineFramework.uplugin
LogPluginManager: Loaded Plugin OnlineSubsystem, From C:/Program Files (x86)/Epic Games/4.13/Engine/Plugins/Online/OnlineSubsystem/OnlineSubsystem.uplugin
LogPluginManager: Loaded Plugin OnlineSubsystemAmazon, From C:/Program Files (x86)/Epic Games/4.13/Engine/Plugins/Online/OnlineSubsystemAmazon/OnlineSubsystemAmazon.uplugin
LogPluginManager: Loaded Plugin OnlineSubsystemFacebook, From C:/Program Files (x86)/Epic Games/4.13/Engine/Plugins/Online/OnlineSubsystemFacebook/OnlineSubsystemFacebook.uplugin
LogPluginManager: Loaded Plugin OnlineSubsystemNull, From C:/Program Files (x86)/Epic Games/4.13/Engine/Plugins/Online/OnlineSubsystemNull/OnlineSubsystemNull.uplugin
LogPluginManager: Loaded Plugin OnlineSubsystemOculus, From C:/Program Files (x86)/Epic Games/4.13/Engine/Plugins/Online/OnlineSubsystemOculus/OnlineSubsystemOculus.uplugin
LogPluginManager: Loaded Plugin OnlineSubsystemSteam, From C:/Program Files (x86)/Epic Games/4.13/Engine/Plugins/Online/OnlineSubsystemSteam/OnlineSubsystemSteam.uplugin
LogPluginManager: Loaded Plugin OnlineSubsystemUtils, From C:/Program Files (x86)/Epic Games/4.13/Engine/Plugins/Online/OnlineSubsystemUtils/OnlineSubsystemUtils.uplugin
LogPluginManager: Loaded Plugin IOSTapJoy, From C:/Program Files (x86)/Epic Games/4.13/Engine/Plugins/Runtime/Advertising/IOSTapJoy/IOSTapJoy.uplugin
LogPluginManager: Loaded Plugin AnalyticsBlueprintLibrary, From C:/Program Files (x86)/Epic Games/4.13/Engine/Plugins/Runtime/Analytics/AnalyticsBlueprintLibrary/AnalyticsBlueprintLibrary.uplugin
LogPluginManager: Loaded Plugin AnalyticsMulticast, From C:/Program Files (x86)/Epic Games/4.13/Engine/Plugins/Runtime/Analytics/AnalyticsMulticast/AnalyticsMulticast.uplugin
LogPluginManager: Loaded Plugin Apsalar, From C:/Program Files (x86)/Epic Games/4.13/Engine/Plugins/Runtime/Analytics/Apsalar/Apsalar.uplugin
LogPluginManager: Loaded Plugin FileLogging, From C:/Program Files (x86)/Epic Games/4.13/Engine/Plugins/Runtime/Analytics/FileLogging/FileLogging.uplugin
LogPluginManager: Loaded Plugin Flurry, From C:/Program Files (x86)/Epic Games/4.13/Engine/Plugins/Runtime/Analytics/Flurry/Flurry.uplugin
LogPluginManager: Loaded Plugin AndroidDeviceProfileSelector, From C:/Program Files (x86)/Epic Games/4.13/Engine/Plugins/Runtime/AndroidDeviceProfileSelector/AndroidDeviceProfileSelector.uplugin
LogPluginManager: Loaded Plugin AndroidMoviePlayer, From C:/Program Files (x86)/Epic Games/4.13/Engine/Plugins/Runtime/AndroidMoviePlayer/AndroidMoviePlayer.uplugin
LogPluginManager: Loaded Plugin AppleMoviePlayer, From C:/Program Files (x86)/Epic Games/4.13/Engine/Plugins/Runtime/AppleMoviePlayer/AppleMoviePlayer.uplugin
LogPluginManager: Loaded Plugin ArchVisCharacter, From C:/Program Files (x86)/Epic Games/4.13/Engine/Plugins/Runtime/ArchVisCharacter/ArchVisCharacter.uplugin
LogPluginManager: Loaded Plugin CableComponent, From C:/Program Files (x86)/Epic Games/4.13/Engine/Plugins/Runtime/CableComponent/CableComponent.uplugin
LogPluginManager: Loaded Plugin CustomMeshComponent, From C:/Program Files (x86)/Epic Games/4.13/Engine/Plugins/Runtime/CustomMeshComponent/CustomMeshComponent.uplugin
LogPluginManager: Loaded Plugin ExampleDeviceProfileSelector, From C:/Program Files (x86)/Epic Games/4.13/Engine/Plugins/Runtime/ExampleDeviceProfileSelector/ExampleDeviceProfileSelector.uplugin
LogPluginManager: Loaded Plugin GearVR, From C:/Program Files (x86)/Epic Games/4.13/Engine/Plugins/Runtime/GearVR/GearVR.uplugin
LogPluginManager: Loaded Plugin GoogleVRController, From C:/Program Files (x86)/Epic Games/4.13/Engine/Plugins/Runtime/GoogleVR/GoogleVRController/GoogleVRController.uplugin
LogPluginManager: Loaded Plugin GoogleVRHMD, From C:/Program Files (x86)/Epic Games/4.13/Engine/Plugins/Runtime/GoogleVR/GoogleVRHMD/GoogleVRHMD.uplugin
LogPluginManager: Loaded Plugin IOSDeviceProfileSelector, From C:/Program Files (x86)/Epic Games/4.13/Engine/Plugins/Runtime/IOSDeviceProfileSelector/IOSDeviceProfileSelector.uplugin
LogPluginManager: Loaded Plugin LeapMotion, From C:/Program Files (x86)/Epic Games/4.13/Engine/Plugins/Runtime/LeapMotion/LeapMotion.uplugin
LogPluginManager: Loaded Plugin LinuxDeviceProfileSelector, From C:/Program Files (x86)/Epic Games/4.13/Engine/Plugins/Runtime/LinuxDeviceProfileSelector/LinuxDeviceProfileSelector.uplugin
LogPluginManager: Loaded Plugin LiveEditorListenServer, From C:/Program Files (x86)/Epic Games/4.13/Engine/Plugins/Runtime/LiveEditorListenServer/LiveEditorListenServer.uplugin
LogPluginManager: Loaded Plugin OculusAudio, From C:/Program Files (x86)/Epic Games/4.13/Engine/Plugins/Runtime/OculusAudio/OculusAudio.uplugin
LogPluginManager: Loaded Plugin OculusInput, From C:/Program Files (x86)/Epic Games/4.13/Engine/Plugins/Runtime/OculusInput/OculusInput.uplugin
LogPluginManager: Loaded Plugin OculusLibrary, From C:/Program Files (x86)/Epic Games/4.13/Engine/Plugins/Runtime/OculusLibrary/OculusLibrary.uplugin
LogPluginManager: Loaded Plugin OculusRift, From C:/Program Files (x86)/Epic Games/4.13/Engine/Plugins/Runtime/OculusRift/OculusRift.uplugin
LogPluginManager: Loaded Plugin Oodle, From C:/Program Files (x86)/Epic Games/4.13/Engine/Plugins/Runtime/PacketHandlers/CompressionComponents/Oodle/Oodle.uplugin
LogPluginManager: Loaded Plugin ProceduralMeshComponent, From C:/Program Files (x86)/Epic Games/4.13/Engine/Plugins/Runtime/ProceduralMeshComponent/ProceduralMeshComponent.uplugin
LogPluginManager: Loaded Plugin SoundMod, From C:/Program Files (x86)/Epic Games/4.13/Engine/Plugins/Runtime/SoundMod/SoundMod.uplugin
LogPluginManager: Loaded Plugin SoundVisualizations, From C:/Program Files (x86)/Epic Games/4.13/Engine/Plugins/Runtime/SoundVisualizations/SoundVisualizations.uplugin
LogPluginManager: Loaded Plugin SteamController, From C:/Program Files (x86)/Epic Games/4.13/Engine/Plugins/Runtime/Steam/SteamController/SteamController.uplugin
LogPluginManager: Loaded Plugin SteamVR, From C:/Program Files (x86)/Epic Games/4.13/Engine/Plugins/Runtime/Steam/SteamVR/SteamVR.uplugin
LogPluginManager: Loaded Plugin WebBrowserWidget, From C:/Program Files (x86)/Epic Games/4.13/Engine/Plugins/Runtime/WebBrowserWidget/WebBrowserWidget.uplugin
LogPluginManager: Loaded Plugin WindowsDeviceProfileSelector, From C:/Program Files (x86)/Epic Games/4.13/Engine/Plugins/Runtime/WindowsDeviceProfileSelector/WindowsDeviceProfileSelector.uplugin
LogPluginManager: Loaded Plugin WindowsMoviePlayer, From C:/Program Files (x86)/Epic Games/4.13/Engine/Plugins/Runtime/WindowsMoviePlayer/WindowsMoviePlayer.uplugin
LogPluginManager: Loaded Plugin ScriptPlugin, From C:/Program Files (x86)/Epic Games/4.13/Engine/Plugins/ScriptPlugin/ScriptPlugin.uplugin
LogPluginManager: Loaded Plugin SlateRemote, From C:/Program Files (x86)/Epic Games/4.13/Engine/Plugins/Slate/SlateRemote/SlateRemote.uplugin
LogInit: Using libcurl 7.47.1
LogInit:  - built for x86_64-pc-win32
LogInit:  - supports SSL with WinSSL
LogInit:  - other features:
LogInit:      CURL_VERSION_SSL
LogInit:      CURL_VERSION_IPV6
LogInit:      CURL_VERSION_ASYNCHDNS
LogInit:      CURL_VERSION_LARGEFILE
LogInit:      CURL_VERSION_IDN
LogInit:  CurlRequestOptions (configurable via config and command line):
LogInit:  - bVerifyPeer = false  - Libcurl will NOT verify peer certificate
LogInit:  - bUseHttpProxy = false  - Libcurl will NOT use HTTP proxy
LogInit:  - bDontReuseConnections = false  - Libcurl will reuse connections
LogInit:  - CertBundlePath = nullptr  - Libcurl will use whatever was configured at build time.
LogInit: Build: ++UE4+Release-4.13-CL-3106830
LogInit: Engine Version: 4.13.0-3106830+++UE4+Release-4.13
LogInit: Compatible Engine Version: 4.13.0-3106830+++UE4+Release-4.13
LogInit: Net CL: 3106830
LogDevObjectVersion: Number of dev versions registered: 13
LogDevObjectVersion:   Dev-Blueprints (B0D832E4-1F89-4F0D-ACCF-7EB736FD4AA2): 5
LogDevObjectVersion:   Dev-Build (E1C64328-A22C-4D53-A36C-8E866417BD8C): 0
LogDevObjectVersion:   Dev-Core (375EC13C-06E4-48FB-B500-84F0262A717E): 1
LogDevObjectVersion:   Dev-Editor (E4B068ED-F494-42E9-A231-DA0B2E46BB41): 6
LogDevObjectVersion:   Dev-Framework (CFFC743F-43B0-4480-9391-14DF171D2073): 12
LogDevObjectVersion:   Dev-Mobile (B02B49B5-BB20-44E9-A304-32B752E40360): 0
LogDevObjectVersion:   Dev-Networking (A4E4105C-59A1-49B5-A7C5-40C4547EDFEE): 0
LogDevObjectVersion:   Dev-Online (39C831C9-5AE6-47DC-9A44-9C173E1C8E7C): 0
LogDevObjectVersion:   Dev-Physics (78F01B33-EBEA-4F98-B9B4-84EACCB95AA2): 0
LogDevObjectVersion:   Dev-Platform (6631380F-2D4D-43E0-8009-CF276956A95A): 0
LogDevObjectVersion:   Dev-Rendering (12F88B9F-8875-4AFC-A67C-D90C383ABD29): 4
LogDevObjectVersion:   Dev-Sequencer (7B5AE74C-D270-4C10-A958-57980B212A5A): 0
LogDevObjectVersion:   Dev-VR (D7296918-1DD6-4BDD-9DE2-64A83CC13884): 0
LogInit: Compiled (64-bit): Aug 30 2016 18:11:39
LogInit: Compiled with Visual C++: 19.00.23026.00
LogInit: Build Configuration: Development
LogInit: Branch Name: ++UE4+Release-4.13
LogInit: Command line: 
LogInit: Base directory: C:/Program Files (x86)/Epic Games/4.13/Engine/Binaries/Win64/
LogInit: Installed Engine Build: 1
LogInit: Presizing for max 8388607 objects, including 0 objects not considered by GC, pre-allocating 0 bytes for permanent pool.
LogInit: Object subsystem initialized
[2016.09.11-21.38.40:859][  0]LogInit: Selected Device Profile: [Windows]
[2016.09.11-21.38.40:860][  0]LogInit: Applying CVar settings loaded from the selected device profile: [Windows]
[2016.09.11-21.38.40:931][  0]LogInit: Computer: SEANBOOTCAMP-PC
[2016.09.11-21.38.40:931][  0]LogInit: User: SeanBootCamp
[2016.09.11-21.38.40:931][  0]LogInit: CPU Page size=65536, Cores=2
[2016.09.11-21.38.40:931][  0]LogInit: High frequency timer resolution =1.757890 MHz
[2016.09.11-21.38.40:932][  0]LogMemory: Memory total: Physical=3.9GB (4GB approx)
[2016.09.11-21.38.40:933][  0]LogMemory: Platform Memory Stats for Windows
[2016.09.11-21.38.40:933][  0]LogMemory: Process Physical Memory: 230.35 MB used, 230.35 MB peak
[2016.09.11-21.38.40:933][  0]LogMemory: Process Virtual Memory: 267.29 MB used, 267.29 MB peak
[2016.09.11-21.38.40:933][  0]LogMemory: Physical Memory: 3847.99 MB used, 4006.73 MB total
[2016.09.11-21.38.40:934][  0]LogMemory: Virtual Memory: 596.02 MB used, 8388608.00 MB total
[2016.09.11-21.38.43:140][  0]LogTextLocalizationManager: No specific translations for ('en-US') exist, so ('en') translations will be used.
[2016.09.11-21.38.46:810][  0]LogD3D11RHI: D3D11 adapters:
[2016.09.11-21.38.47:209][  0]LogD3D11RHI:    0. 'Intel(R) HD Graphics 3000' (Feature Level 10_0)
[2016.09.11-21.38.47:209][  0]LogD3D11RHI:       64/0/1632 MB DedicatedVideo/DedicatedSystem/SharedSystem, Outputs:1, VendorId:0x8086
[2016.09.11-21.38.47:209][  0]LogD3D11RHI: Chosen D3D11 Adapter: 0
[2016.09.11-21.38.47:221][  0]LogD3D11RHI: Creating new Direct3DDevice
[2016.09.11-21.38.47:222][  0]LogD3D11RHI:     GPU DeviceId: 0x116 (for the marketing name, search the web for "GPU Device Id")
[2016.09.11-21.38.47:227][  0]LogWindows: EnumDisplayDevices:
[2016.09.11-21.38.47:234][  0]LogWindows:    0. 'Intel(R) HD Graphics 3000' (P:1 D:1)
[2016.09.11-21.38.47:234][  0]LogWindows:    1. 'Intel(R) HD Graphics 3000' (P:0 D:0)
[2016.09.11-21.38.47:235][  0]LogWindows:    2. 'RDPDD Chained DD' (P:0 D:0)
[2016.09.11-21.38.47:235][  0]LogWindows:    3. 'RDP Encoder Mirror Driver' (P:0 D:0)
[2016.09.11-21.38.47:235][  0]LogWindows:    4. 'RDP Reflector Display Driver' (P:0 D:0)
[2016.09.11-21.38.47:235][  0]LogWindows: DebugString: GetVideoDriverDetailsInvalid PrimaryIsNotTheChoosenAdapter GetVideoDriverDetailsInvalid PrimaryIsNotTheChoosenAdapter GetVideoDriverDetailsInvalid PrimaryIsNotTheChoosenAdapter FoundDriverCount:2 
[2016.09.11-21.38.47:235][  0]LogD3D11RHI:     Adapter Name: Intel(R) HD Graphics 3000
[2016.09.11-21.38.47:235][  0]LogD3D11RHI:   Driver Version: 9.17.10.4229 (internal:9.17.10.4229, unified:9.17.10.4229)
[2016.09.11-21.38.47:235][  0]LogD3D11RHI:      Driver Date: 5-26-2015
[2016.09.11-21.38.47:235][  0]LogRHI: Texture pool is 616 MB (70% of 880 MB)
[2016.09.11-21.38.47:242][  0]LogD3D11RHI: Async texture creation enabled
[2016.09.11-21.38.47:587][  0]LogD3D11RHI: GPU Timing Frequency: 12.500000 (Debug: 2 1)
[2016.09.11-21.38.47:602][  0]LogShaderCompilers: Guid format shader working directory is -21 characters bigger than the processId version (../../../../../../Users/SeanBootCamp/Documents/SubEarth/debug/SubEarth/Intermediate/Shaders/WorkingDirectory/9076/).
[2016.09.11-21.38.47:603][  0]LogShaderCompilers: Cleaned the shader compiler working directory 'C:/Users/SEANBO~1/AppData/Local/Temp/UnrealShaderWorkingDir/A20271B346802C6A4685ADB5D6353886/'.
[2016.09.11-21.38.47:603][  0]LogShaderCompilers:Display: Using Local Shader Compiler.
[2016.09.11-21.38.52:228][  0]LogTemp:Display: Loaded TP AllDesktopTargetPlatform
[2016.09.11-21.38.52:309][  0]LogTemp:Display: Loaded TP WindowsClientTargetPlatform
[2016.09.11-21.38.52:395][  0]LogTemp:Display: Loaded TP WindowsNoEditorTargetPlatform
[2016.09.11-21.38.52:478][  0]LogTemp:Display: Loaded TP WindowsServerTargetPlatform
[2016.09.11-21.38.52:568][  0]LogTemp:Display: Loaded TP WindowsTargetPlatform
[2016.09.11-21.38.52:627][  0]LogTemp:Display: Loaded TP AndroidTargetPlatform
[2016.09.11-21.38.52:679][  0]LogTemp:Display: Loaded TP Android_ASTCTargetPlatform
[2016.09.11-21.38.52:724][  0]LogTemp:Display: Loaded TP Android_ATCTargetPlatform
[2016.09.11-21.38.52:773][  0]LogTemp:Display: Loaded TP Android_DXTTargetPlatform
[2016.09.11-21.38.52:820][  0]LogTemp:Display: Loaded TP Android_ETC1TargetPlatform
[2016.09.11-21.38.52:867][  0]LogTemp:Display: Loaded TP Android_ETC2TargetPlatform
[2016.09.11-21.38.52:956][  0]LogTemp:Display: Loaded TP Android_MultiTargetPlatform
[2016.09.11-21.38.52:956][  0]LogTemp:Display: Loaded TP Android_PVRTCTargetPlatform
[2016.09.11-21.38.52:984][  0]LogTemp:Display: Loaded TP HTML5TargetPlatform
[2016.09.11-21.38.53:163][  0]LogTemp:Display: Loaded TP IOSTargetPlatform
[2016.09.11-21.38.53:197][  0]LogTemp:Display: Loaded TP TVOSTargetPlatform
[2016.09.11-21.38.53:251][  0]LogTemp:Display: Loaded TP LinuxClientTargetPlatform
[2016.09.11-21.38.53:293][  0]LogTemp:Display: Loaded TP LinuxNoEditorTargetPlatform
[2016.09.11-21.38.53:325][  0]LogTemp:Display: Loaded TP LinuxServerTargetPlatform
[2016.09.11-21.38.53:365][  0]LogTemp:Display: Loaded TP LinuxTargetPlatform
[2016.09.11-21.38.53:366][  0]LogTargetPlatformManager:Display: Building Assets For Windows
[2016.09.11-21.38.55:562][  0]LogDerivedDataCache:Display: Max Cache Size: 512 MB
[2016.09.11-21.38.56:957][  0]LogDerivedDataCache: Loaded boot cache 1.39s 58MB C:/Users/SeanBootCamp/AppData/Local/UnrealEngine/4.13/DerivedDataCache/Boot.ddc.
[2016.09.11-21.38.56:957][  0]LogDerivedDataCache:Display: Loaded Boot cache: C:/Users/SeanBootCamp/AppData/Local/UnrealEngine/4.13/DerivedDataCache/Boot.ddc
[2016.09.11-21.38.56:958][  0]LogDerivedDataCache: FDerivedDataBackendGraph:  Pak pak cache file ../../../../../../Users/SeanBootCamp/Documents/SubEarth/debug/SubEarth/DerivedDataCache/DDC.ddp not found, will not use a pak cache.
[2016.09.11-21.38.56:958][  0]LogDerivedDataCache: Unable to find inner node Pak for hierarchical cache Hierarchy.
[2016.09.11-21.38.56:958][  0]LogDerivedDataCache: FDerivedDataBackendGraph:  CompressedPak pak cache file ../../../../../../Users/SeanBootCamp/Documents/SubEarth/debug/SubEarth/DerivedDataCache/Compressed.ddp not found, will not use a pak cache.
[2016.09.11-21.38.56:958][  0]LogDerivedDataCache: Unable to find inner node CompressedPak for hierarchical cache Hierarchy.
[2016.09.11-21.38.57:088][  0]LogDerivedDataCache:Display: Pak cache opened for reading ../../../Engine/DerivedDataCache/Compressed.ddp.
[2016.09.11-21.38.57:103][  0]LogDerivedDataCache: Using Local data cache path C:/Users/SeanBootCamp/AppData/Local/UnrealEngine/Common/DerivedDataCache: Writable
[2016.09.11-21.39.00:240][  0]LogInit: Selected Device Profile: [Windows]
[2016.09.11-21.39.00:253][  0]LogMaterial: Uniform references updated for custom material expression Custom.
[2016.09.11-21.39.00:275][  0]LogContentStreaming: Texture pool size is 0.00 MB
[2016.09.11-21.39.01:704][  0]LogMeshUtilities: No automatic mesh reduction module available
[2016.09.11-21.39.01:704][  0]LogMeshUtilities: No automatic mesh merging module available
[2016.09.11-21.39.01:704][  0]LogMeshUtilities: No distributed automatic mesh merging module available
[2016.09.11-21.39.07:275][  0]LogNetVersion: GetLocalNetworkVersion: CL: 3106830, ProjectName: subearth, ProjectVersion: , EngineNetworkVersion: 1, GameNetworkVersion: 0, NetworkChecksum: 377010212
[2016.09.11-21.39.07:506][  0]LogAssetRegistry: FAssetRegistry took 0.0389 seconds to start up
[2016.09.11-21.39.07:619][  0]LogPackageLocalizationCache: Processed 3 localized package path(s) for 2 prioritized culture(s) in 0.080359 seconds
[2016.09.11-21.39.07:643][  0]LogUObjectArray: 29777 objects as part of root set at end of initial load.
[2016.09.11-21.39.07:643][  0]LogUObjectAllocator: 6124696 out of 0 bytes used by permanent object pool.
[2016.09.11-21.39.07:643][  0]LogUObjectArray: CloseDisregardForGC: 0/0 objects in disregard for GC pool
[2016.09.11-21.39.07:730][  0]LogInit: WinSock: version 1.1 (2.2), MaxSocks=32767, MaxUdp=65467
[2016.09.11-21.39.18:231][  0]LogSlate: SlateFontCache - WITH_FREETYPE: 1, WITH_HARFBUZZ: 1
[2016.09.11-21.39.18:232][  0]LogSlate: SlateFontCache - WITH_FREETYPE: 1, WITH_HARFBUZZ: 1
[2016.09.11-21.39.22:750][  0]LogUdpMessaging: Initializing bridge on interface 0.0.0.0:0 to multicast group 230.0.0.1:6666.
[2016.09.11-21.39.32:998][  0]SourceControl: Info Source control is disabled
[2016.09.11-21.39.33:608][  0]SourceControl: Info Source control is disabled
[2016.09.11-21.39.33:750][  0]SourceControl: Info Source control is disabled
[2016.09.11-21.39.33:876][  0]SourceControl: Info Source control is disabled
[2016.09.11-21.39.36:949][  0]LogEngine: Initializing Engine...
[2016.09.11-21.39.36:956][  0]LogHMD: Failed to initialize OpenVR with code 110
[2016.09.11-21.39.37:623][  0]LogAIModule: Creating AISystem for world Untitled
[2016.09.11-21.39.37:761][  0]LogInit: XAudio2 using 'Speakers (Display Audio)' : 2 channels at 44.1 kHz using 16 bits per sample (channel mask 0x3)
[2016.09.11-21.39.37:858][  0]LogInit: FAudioDevice initialized.
[2016.09.11-21.39.37:916][  0]LogDerivedDataCache: Saved boot cache 0.06s 58MB C:/Users/SeanBootCamp/AppData/Local/UnrealEngine/4.13/DerivedDataCache/Boot.ddc.
[2016.09.11-21.39.37:933][  0]LogInit: Texture streaming: Enabled
[2016.09.11-21.39.38:230][  0]LogInit: Transaction tracking system initialized
[2016.09.11-21.39.38:710][  0]BlueprintLog: New page: Editor Load
[2016.09.11-21.39.44:419][  0]LocalizationService: Info Localization service is disabled
[2016.09.11-21.39.47:383][  0]LogConsoleResponse:Display: 
[2016.09.11-21.39.48:231][  0]LogFileCache: Scanning file cache for directory 'C:/Users/SeanBootCamp/Documents/SubEarth/debug/SubEarth/Content/' took 0.03s
[2016.09.11-21.39.48:231][  0]LogCook:Display: Max memory allowance for cook 16384mb min free memory 0mb
[2016.09.11-21.39.48:235][  0]LogCook:Display: Mobile HDR setting 0
[2016.09.11-21.39.51:557][  0]SourceControl: Info Source control is disabled
[2016.09.11-21.39.51:568][  0]Cmd: MAP LOAD FILE="../../../../../../Users/SeanBootCamp/Documents/SubEarth/debug/SubEarth/Content/FirstPersonCPP/Maps/FirstPersonExampleMap.umap" TEMPLATE=0 SHOWPROGRESS=1 FEATURELEVEL=2
[2016.09.11-21.39.51:577][  0]LightingResults: New page: Lighting Build
[2016.09.11-21.39.51:700][  0]MapCheck: New page: Map Check
[2016.09.11-21.39.51:700][  0]LightingResults: New page: Lighting Build
[2016.09.11-21.39.52:891][  0]LogAIModule: Creating AISystem for world FirstPersonExampleMap
[2016.09.11-21.39.53:431][  0]LogEditorServer: Finished looking for orphan Actors (0.002 secs)
[2016.09.11-21.39.53:465][  0]Cmd: MAP CHECKDEP NOCLEARLOG
[2016.09.11-21.39.53:615][  0]MapCheck: Info Map check complete: 0 Error(s), 0 Warning(s), took 148.107ms to complete.
[2016.09.11-21.39.53:615][  0]LogFileHelpers: Loading map 'FirstPersonExampleMap' took 2.054
[2016.09.11-21.39.54:307][  0]LogCollectionManager: Loaded 0 collections in 0.004627 seconds
[2016.09.11-21.39.54:484][  0]LogFileCache: Scanning file cache for directory 'C:/Users/SeanBootCamp/Documents/SubEarth/debug/SubEarth/Saved/Collections/' took 0.01s
[2016.09.11-21.39.54:485][  0]LogFileCache: Scanning file cache for directory 'C:/Users/SeanBootCamp/Documents/SubEarth/debug/SubEarth/Content/Developers/SeanBootCamp/Collections/' took 0.01s
[2016.09.11-21.39.54:485][  0]LogFileCache: Scanning file cache for directory 'C:/Users/SeanBootCamp/Documents/SubEarth/debug/SubEarth/Content/Collections/' took 0.01s
[2016.09.11-21.39.54:485][  0]LogCollectionManager: Rebuilt the GUID cache for 0 collections in 0.000004 seconds
[2016.09.11-21.39.54:522][  0]LogContentBrowser: Native class hierarchy populated in 0.0260 seconds. Added 2145 classes and 417 folders.
[2016.09.11-21.39.54:576][  0]LogStats: UGameplayTagsManager::ConstructGameplayTagTree: Construct from data asset -  0.000 s
[2016.09.11-21.39.54:578][  0]LogStats: UGameplayTagsManager::ConstructGameplayTagTree: GameplayTagTreeChangedEvent.Broadcast -  0.002 s
[2016.09.11-21.39.54:583][  0]LogContentBrowser: Native class hierarchy updated for 'GameplayTags' in 0.0030 seconds. Added 12 classes and 0 folders.
[2016.09.11-21.39.54:632][  0]LogContentBrowser: Native class hierarchy updated for 'WidgetCarousel' in 0.0037 seconds. Added 0 classes and 0 folders.
[2016.09.11-21.39.55:128][  0]LogContentBrowser: Native class hierarchy updated for 'AddContentDialog' in 0.0058 seconds. Added 0 classes and 0 folders.
[2016.09.11-21.39.55:368][  0]LogContentBrowser: Native class hierarchy updated for 'SceneOutliner' in 0.0022 seconds. Added 1 classes and 2 folders.
[2016.09.11-21.39.55:531][  0]LogCrashTracker: Crashtracker disabled due to settings.
[2016.09.11-21.39.55:591][  0]LogUObjectGlobals:Warning: Failed to find object 'Class None.'
[2016.09.11-21.39.55:713][  0]LogContentBrowser: Native class hierarchy updated for 'HierarchicalLODOutliner' in 0.0025 seconds. Added 1 classes and 2 folders.
[2016.09.11-21.39.55:715][  0]LogLoad: (Engine Initialization) Total time: 86.27 seconds
[2016.09.11-21.39.55:716][  0]LogLoad: (Engine Initialization) Total Blueprint compile time: 1.22 seconds
[2016.09.11-21.39.55:716][  0]LogExternalProfiler: Found external profiler: VSPerf
[2016.09.11-21.39.55:717][  0]LogExternalProfiler: Using external profiler: VSPerf
[2016.09.11-21.39.55:738][  0]LogOcInput: OculusInput pre-init called
[2016.09.11-21.39.55:773][  0]LogContentStreaming: Texture pool size now 400 MB
[2016.09.11-21.39.56:112][  0]LogRenderer: Reallocating scene render targets to support 800x392 (Frame:2).
[2016.09.11-21.39.59:223][  4]LogAssetRegistry: Asset discovery search completed in 51.7468 seconds
[2016.09.11-21.39.59:224][  4]LogCollectionManager: Rebuilt the object cache for 0 collections in 0.000002 seconds (found 0 objects)
[2016.09.11-21.39.59:226][  4]LogCollectionManager: Fixed up redirectors for 0 collections in 0.001804 seconds (updated 0 objects)
[2016.09.11-21.40.04:003][194]LogBlueprintUserMessages: Early PlayInEditor Detection: Level '/Game/FirstPersonCPP/Maps/FirstPersonExampleMap.FirstPersonExampleMap:PersistentLevel' has LevelScriptBlueprint '/Game/FirstPersonCPP/Maps/FirstPersonExampleMap.FirstPersonExampleMap:PersistentLevel.FirstPersonExampleMap' with GeneratedClass '/Game/FirstPersonCPP/Maps/FirstPersonExampleMap.FirstPersonExampleMap_C' with ClassGeneratedBy '/Game/FirstPersonCPP/Maps/FirstPersonExampleMap.FirstPersonExampleMap:PersistentLevel.FirstPersonExampleMap