Log file open, 09/11/16 10:47:11
LogInit:Display: Running engine for game: SubEarth
LogPlatformFile: Not using cached read wrapper
LogInit:Display: RandInit(-730256744) SRandInit(-730256744).
LogTaskGraph: Started task graph with 5 named threads and 6 total threads with 1 sets of task threads.
LogStats: Stats thread started at 0.292362
LogPluginManager: Loaded Plugin Paper2D, From C:/Program Files (x86)/Epic Games/4.13/Engine/Plugins/2D/Paper2D/Paper2D.uplugin
LogPluginManager: Loaded Plugin LightPropagationVolume, From C:/Program Files (x86)/Epic Games/4.13/Engine/Plugins/Blendables/LightPropagationVolume/LightPropagationVolume.uplugin
LogPluginManager: Loaded Plugin BlankPlugin, From C:/Program Files (x86)/Epic Games/4.13/Engine/Plugins/Developer/BlankPlugin/BlankPlugin.uplugin
LogPluginManager: Loaded Plugin CodeLiteSourceCodeAccess, From C:/Program Files (x86)/Epic Games/4.13/Engine/Plugins/Developer/CodeLiteSourceCodeAccess/CodeLiteSourceCodeAccess.uplugin
LogPluginManager: Loaded Plugin GitSourceControl, From C:/Program Files (x86)/Epic Games/4.13/Engine/Plugins/Developer/GitSourceControl/GitSourceControl.uplugin
LogPluginManager: Loaded Plugin KDevelopSourceCodeAccess, From C:/Program Files (x86)/Epic Games/4.13/Engine/Plugins/Developer/KDevelopSourceCodeAccess/KDevelopSourceCodeAccess.uplugin
LogPluginManager: Loaded Plugin NullSourceCodeAccess, From C:/Program Files (x86)/Epic Games/4.13/Engine/Plugins/Developer/NullSourceCodeAccess/NullSourceCodeAccess.uplugin
LogPluginManager: Loaded Plugin OneSkyLocalizationService, From C:/Program Files (x86)/Epic Games/4.13/Engine/Plugins/Developer/OneSkyLocalizationService/OneSkyLocalizationService.uplugin
LogPluginManager: Loaded Plugin PerforceSourceControl, From C:/Program Files (x86)/Epic Games/4.13/Engine/Plugins/Developer/PerforceSourceControl/PerforceSourceControl.uplugin
LogPluginManager: Loaded Plugin SubversionSourceControl, From C:/Program Files (x86)/Epic Games/4.13/Engine/Plugins/Developer/SubversionSourceControl/SubversionSourceControl.uplugin
LogPluginManager: Loaded Plugin UObjectPlugin, From C:/Program Files (x86)/Epic Games/4.13/Engine/Plugins/Developer/UObjectPlugin/UObjectPlugin.uplugin
LogPluginManager: Loaded Plugin VisualStudioSourceCodeAccess, From C:/Program Files (x86)/Epic Games/4.13/Engine/Plugins/Developer/VisualStudioSourceCodeAccess/VisualStudioSourceCodeAccess.uplugin
LogPluginManager: Loaded Plugin XCodeSourceCodeAccess, From C:/Program Files (x86)/Epic Games/4.13/Engine/Plugins/Developer/XCodeSourceCodeAccess/XCodeSourceCodeAccess.uplugin
LogPluginManager: Loaded Plugin EpicSurvey, From C:/Program Files (x86)/Epic Games/4.13/Engine/Plugins/Editor/EpicSurvey/EpicSurvey.uplugin
LogPluginManager: Loaded Plugin MacGraphicsSwitching, From C:/Program Files (x86)/Epic Games/4.13/Engine/Plugins/Editor/MacGraphicsSwitching/MacGraphicsSwitching.uplugin
LogPluginManager: Loaded Plugin MobileLauncherProfileWizard, From C:/Program Files (x86)/Epic Games/4.13/Engine/Plugins/Editor/MobileLauncherProfileWizard/MobileLauncherProfileWizard.uplugin
LogPluginManager: Loaded Plugin PluginBrowser, From C:/Program Files (x86)/Epic Games/4.13/Engine/Plugins/Editor/PluginBrowser/PluginBrowser.uplugin
LogPluginManager: Loaded Plugin SpeedTreeImporter, From C:/Program Files (x86)/Epic Games/4.13/Engine/Plugins/Editor/SpeedTreeImporter/SpeedTreeImporter.uplugin
LogPluginManager: Loaded Plugin SuperSearchEditor, From C:/Program Files (x86)/Epic Games/4.13/Engine/Plugins/Editor/SuperSearchEditor/SuperSearchEditor.uplugin
LogPluginManager: Loaded Plugin AlembicImporter, From C:/Program Files (x86)/Epic Games/4.13/Engine/Plugins/Experimental/AlembicImporter/AlembicImporter.uplugin
LogPluginManager: Loaded Plugin BlueprintStats, From C:/Program Files (x86)/Epic Games/4.13/Engine/Plugins/Experimental/BlueprintStats/BlueprintStats.uplugin
LogPluginManager: Loaded Plugin CharacterAI, From C:/Program Files (x86)/Epic Games/4.13/Engine/Plugins/Experimental/CharacterAI/CharacterAI.uplugin
LogPluginManager: Loaded Plugin CodeEditor, From C:/Program Files (x86)/Epic Games/4.13/Engine/Plugins/Experimental/CodeEditor/CodeEditor.uplugin
LogPluginManager: Loaded Plugin CodeView, From C:/Program Files (x86)/Epic Games/4.13/Engine/Plugins/Experimental/CodeView/CodeView.uplugin
LogPluginManager: Loaded Plugin HTML5Networking, From C:/Program Files (x86)/Epic Games/4.13/Engine/Plugins/Experimental/HTML5Networking/HTML5Networking.uplugin
LogPluginManager: Loaded Plugin LiveEditor, From C:/Program Files (x86)/Epic Games/4.13/Engine/Plugins/Experimental/LiveEditor/LiveEditor.uplugin
LogPluginManager: Loaded Plugin OSVR, From C:/Program Files (x86)/Epic Games/4.13/Engine/Plugins/Experimental/OSVR/OSVR.uplugin
LogPluginManager: Loaded Plugin Phya, From C:/Program Files (x86)/Epic Games/4.13/Engine/Plugins/Experimental/Phya/Phya.uplugin
LogPluginManager: Loaded Plugin SignificanceManager, From C:/Program Files (x86)/Epic Games/4.13/Engine/Plugins/Experimental/SignificanceManager/SignificanceManager.uplugin
LogPluginManager: Loaded Plugin SimpleHMD, From C:/Program Files (x86)/Epic Games/4.13/Engine/Plugins/Experimental/SimpleHMD/SimpleHMD.uplugin
LogPluginManager: Loaded Plugin StereoPanorama, From C:/Program Files (x86)/Epic Games/4.13/Engine/Plugins/Experimental/StereoPanorama/StereoPanorama.uplugin
LogPluginManager: Loaded Plugin StructBox, From C:/Program Files (x86)/Epic Games/4.13/Engine/Plugins/Experimental/StructBox/StructBox.uplugin
LogPluginManager: Loaded Plugin AndroidMedia, From C:/Program Files (x86)/Epic Games/4.13/Engine/Plugins/Media/AndroidMedia/AndroidMedia.uplugin
LogPluginManager: Loaded Plugin AvfMedia, From C:/Program Files (x86)/Epic Games/4.13/Engine/Plugins/Media/AvfMedia/AvfMedia.uplugin
LogPluginManager: Loaded Plugin MediaPlayerEditor, From C:/Program Files (x86)/Epic Games/4.13/Engine/Plugins/Media/MediaPlayerEditor/MediaPlayerEditor.uplugin
LogPluginManager: Loaded Plugin WmfMedia, From C:/Program Files (x86)/Epic Games/4.13/Engine/Plugins/Media/WmfMedia/WmfMedia.uplugin
LogPluginManager: Loaded Plugin MessagingDebugger, From C:/Program Files (x86)/Epic Games/4.13/Engine/Plugins/Messaging/MessagingDebugger/MessagingDebugger.uplugin
LogPluginManager: Loaded Plugin TcpMessaging, From C:/Program Files (x86)/Epic Games/4.13/Engine/Plugins/Messaging/TcpMessaging/TcpMessaging.uplugin
LogPluginManager: Loaded Plugin UdpMessaging, From C:/Program Files (x86)/Epic Games/4.13/Engine/Plugins/Messaging/UdpMessaging/UdpMessaging.uplugin
LogPluginManager: Loaded Plugin LevelSequenceEditor, From C:/Program Files (x86)/Epic Games/4.13/Engine/Plugins/MovieScene/LevelSequenceEditor/LevelSequenceEditor.uplugin
LogPluginManager: Loaded Plugin MatineeToLevelSequence, From C:/Program Files (x86)/Epic Games/4.13/Engine/Plugins/MovieScene/MatineeToLevelSequence/MatineeToLevelSequence.uplugin
LogPluginManager: Loaded Plugin NetcodeUnitTest, From C:/Program Files (x86)/Epic Games/4.13/Engine/Plugins/NetcodeUnitTest/NetcodeUnitTest/NetcodeUnitTest.uplugin
LogPluginManager: Loaded Plugin NUTUnrealEngine4, From C:/Program Files (x86)/Epic Games/4.13/Engine/Plugins/NetcodeUnitTest/NUTUnrealEngine4/NUTUnrealEngine4.uplugin
LogPluginManager: Loaded Plugin OnlineSubsystemGooglePlay, From C:/Program Files (x86)/Epic Games/4.13/Engine/Plugins/Online/Android/OnlineSubsystemGooglePlay/OnlineSubsystemGooglePlay.uplugin
LogPluginManager: Loaded Plugin OnlineSubsystemIOS, From C:/Program Files (x86)/Epic Games/4.13/Engine/Plugins/Online/IOS/OnlineSubsystemIOS/OnlineSubsystemIOS.uplugin
LogPluginManager: Loaded Plugin OnlineFramework, From C:/Program Files (x86)/Epic Games/4.13/Engine/Plugins/Online/OnlineFramework/OnlineFramework.uplugin
LogPluginManager: Loaded Plugin OnlineSubsystem, From C:/Program Files (x86)/Epic Games/4.13/Engine/Plugins/Online/OnlineSubsystem/OnlineSubsystem.uplugin
LogPluginManager: Loaded Plugin OnlineSubsystemAmazon, From C:/Program Files (x86)/Epic Games/4.13/Engine/Plugins/Online/OnlineSubsystemAmazon/OnlineSubsystemAmazon.uplugin
LogPluginManager: Loaded Plugin OnlineSubsystemFacebook, From C:/Program Files (x86)/Epic Games/4.13/Engine/Plugins/Online/OnlineSubsystemFacebook/OnlineSubsystemFacebook.uplugin
LogPluginManager: Loaded Plugin OnlineSubsystemNull, From C:/Program Files (x86)/Epic Games/4.13/Engine/Plugins/Online/OnlineSubsystemNull/OnlineSubsystemNull.uplugin
LogPluginManager: Loaded Plugin OnlineSubsystemOculus, From C:/Program Files (x86)/Epic Games/4.13/Engine/Plugins/Online/OnlineSubsystemOculus/OnlineSubsystemOculus.uplugin
LogPluginManager: Loaded Plugin OnlineSubsystemSteam, From C:/Program Files (x86)/Epic Games/4.13/Engine/Plugins/Online/OnlineSubsystemSteam/OnlineSubsystemSteam.uplugin
LogPluginManager: Loaded Plugin OnlineSubsystemUtils, From C:/Program Files (x86)/Epic Games/4.13/Engine/Plugins/Online/OnlineSubsystemUtils/OnlineSubsystemUtils.uplugin
LogPluginManager: Loaded Plugin IOSTapJoy, From C:/Program Files (x86)/Epic Games/4.13/Engine/Plugins/Runtime/Advertising/IOSTapJoy/IOSTapJoy.uplugin
LogPluginManager: Loaded Plugin AnalyticsBlueprintLibrary, From C:/Program Files (x86)/Epic Games/4.13/Engine/Plugins/Runtime/Analytics/AnalyticsBlueprintLibrary/AnalyticsBlueprintLibrary.uplugin
LogPluginManager: Loaded Plugin AnalyticsMulticast, From C:/Program Files (x86)/Epic Games/4.13/Engine/Plugins/Runtime/Analytics/AnalyticsMulticast/AnalyticsMulticast.uplugin
LogPluginManager: Loaded Plugin Apsalar, From C:/Program Files (x86)/Epic Games/4.13/Engine/Plugins/Runtime/Analytics/Apsalar/Apsalar.uplugin
LogPluginManager: Loaded Plugin FileLogging, From C:/Program Files (x86)/Epic Games/4.13/Engine/Plugins/Runtime/Analytics/FileLogging/FileLogging.uplugin
LogPluginManager: Loaded Plugin Flurry, From C:/Program Files (x86)/Epic Games/4.13/Engine/Plugins/Runtime/Analytics/Flurry/Flurry.uplugin
LogPluginManager: Loaded Plugin AndroidDeviceProfileSelector, From C:/Program Files (x86)/Epic Games/4.13/Engine/Plugins/Runtime/AndroidDeviceProfileSelector/AndroidDeviceProfileSelector.uplugin
LogPluginManager: Loaded Plugin AndroidMoviePlayer, From C:/Program Files (x86)/Epic Games/4.13/Engine/Plugins/Runtime/AndroidMoviePlayer/AndroidMoviePlayer.uplugin
LogPluginManager: Loaded Plugin AppleMoviePlayer, From C:/Program Files (x86)/Epic Games/4.13/Engine/Plugins/Runtime/AppleMoviePlayer/AppleMoviePlayer.uplugin
LogPluginManager: Loaded Plugin ArchVisCharacter, From C:/Program Files (x86)/Epic Games/4.13/Engine/Plugins/Runtime/ArchVisCharacter/ArchVisCharacter.uplugin
LogPluginManager: Loaded Plugin CableComponent, From C:/Program Files (x86)/Epic Games/4.13/Engine/Plugins/Runtime/CableComponent/CableComponent.uplugin
LogPluginManager: Loaded Plugin CustomMeshComponent, From C:/Program Files (x86)/Epic Games/4.13/Engine/Plugins/Runtime/CustomMeshComponent/CustomMeshComponent.uplugin
LogPluginManager: Loaded Plugin ExampleDeviceProfileSelector, From C:/Program Files (x86)/Epic Games/4.13/Engine/Plugins/Runtime/ExampleDeviceProfileSelector/ExampleDeviceProfileSelector.uplugin
LogPluginManager: Loaded Plugin GearVR, From C:/Program Files (x86)/Epic Games/4.13/Engine/Plugins/Runtime/GearVR/GearVR.uplugin
LogPluginManager: Loaded Plugin GoogleVRController, From C:/Program Files (x86)/Epic Games/4.13/Engine/Plugins/Runtime/GoogleVR/GoogleVRController/GoogleVRController.uplugin
LogPluginManager: Loaded Plugin GoogleVRHMD, From C:/Program Files (x86)/Epic Games/4.13/Engine/Plugins/Runtime/GoogleVR/GoogleVRHMD/GoogleVRHMD.uplugin
LogPluginManager: Loaded Plugin IOSDeviceProfileSelector, From C:/Program Files (x86)/Epic Games/4.13/Engine/Plugins/Runtime/IOSDeviceProfileSelector/IOSDeviceProfileSelector.uplugin
LogPluginManager: Loaded Plugin LeapMotion, From C:/Program Files (x86)/Epic Games/4.13/Engine/Plugins/Runtime/LeapMotion/LeapMotion.uplugin
LogPluginManager: Loaded Plugin LinuxDeviceProfileSelector, From C:/Program Files (x86)/Epic Games/4.13/Engine/Plugins/Runtime/LinuxDeviceProfileSelector/LinuxDeviceProfileSelector.uplugin
LogPluginManager: Loaded Plugin LiveEditorListenServer, From C:/Program Files (x86)/Epic Games/4.13/Engine/Plugins/Runtime/LiveEditorListenServer/LiveEditorListenServer.uplugin
LogPluginManager: Loaded Plugin OculusAudio, From C:/Program Files (x86)/Epic Games/4.13/Engine/Plugins/Runtime/OculusAudio/OculusAudio.uplugin
LogPluginManager: Loaded Plugin OculusInput, From C:/Program Files (x86)/Epic Games/4.13/Engine/Plugins/Runtime/OculusInput/OculusInput.uplugin
LogPluginManager: Loaded Plugin OculusLibrary, From C:/Program Files (x86)/Epic Games/4.13/Engine/Plugins/Runtime/OculusLibrary/OculusLibrary.uplugin
LogPluginManager: Loaded Plugin OculusRift, From C:/Program Files (x86)/Epic Games/4.13/Engine/Plugins/Runtime/OculusRift/OculusRift.uplugin
LogPluginManager: Loaded Plugin Oodle, From C:/Program Files (x86)/Epic Games/4.13/Engine/Plugins/Runtime/PacketHandlers/CompressionComponents/Oodle/Oodle.uplugin
LogPluginManager: Loaded Plugin ProceduralMeshComponent, From C:/Program Files (x86)/Epic Games/4.13/Engine/Plugins/Runtime/ProceduralMeshComponent/ProceduralMeshComponent.uplugin
LogPluginManager: Loaded Plugin SoundMod, From C:/Program Files (x86)/Epic Games/4.13/Engine/Plugins/Runtime/SoundMod/SoundMod.uplugin
LogPluginManager: Loaded Plugin SoundVisualizations, From C:/Program Files (x86)/Epic Games/4.13/Engine/Plugins/Runtime/SoundVisualizations/SoundVisualizations.uplugin
LogPluginManager: Loaded Plugin SteamController, From C:/Program Files (x86)/Epic Games/4.13/Engine/Plugins/Runtime/Steam/SteamController/SteamController.uplugin
LogPluginManager: Loaded Plugin SteamVR, From C:/Program Files (x86)/Epic Games/4.13/Engine/Plugins/Runtime/Steam/SteamVR/SteamVR.uplugin
LogPluginManager: Loaded Plugin WebBrowserWidget, From C:/Program Files (x86)/Epic Games/4.13/Engine/Plugins/Runtime/WebBrowserWidget/WebBrowserWidget.uplugin
LogPluginManager: Loaded Plugin WindowsDeviceProfileSelector, From C:/Program Files (x86)/Epic Games/4.13/Engine/Plugins/Runtime/WindowsDeviceProfileSelector/WindowsDeviceProfileSelector.uplugin
LogPluginManager: Loaded Plugin WindowsMoviePlayer, From C:/Program Files (x86)/Epic Games/4.13/Engine/Plugins/Runtime/WindowsMoviePlayer/WindowsMoviePlayer.uplugin
LogPluginManager: Loaded Plugin ScriptPlugin, From C:/Program Files (x86)/Epic Games/4.13/Engine/Plugins/ScriptPlugin/ScriptPlugin.uplugin
LogPluginManager: Loaded Plugin SlateRemote, From C:/Program Files (x86)/Epic Games/4.13/Engine/Plugins/Slate/SlateRemote/SlateRemote.uplugin
LogInit: Using libcurl 7.47.1
LogInit:  - built for x86_64-pc-win32
LogInit:  - supports SSL with WinSSL
LogInit:  - other features:
LogInit:      CURL_VERSION_SSL
LogInit:      CURL_VERSION_IPV6
LogInit:      CURL_VERSION_ASYNCHDNS
LogInit:      CURL_VERSION_LARGEFILE
LogInit:      CURL_VERSION_IDN
LogInit:  CurlRequestOptions (configurable via config and command line):
LogInit:  - bVerifyPeer = false  - Libcurl will NOT verify peer certificate
LogInit:  - bUseHttpProxy = false  - Libcurl will NOT use HTTP proxy
LogInit:  - bDontReuseConnections = false  - Libcurl will reuse connections
LogInit:  - CertBundlePath = nullptr  - Libcurl will use whatever was configured at build time.
LogInit: Build: ++UE4+Release-4.13-CL-3106830
LogInit: Engine Version: 4.13.0-3106830+++UE4+Release-4.13
LogInit: Compatible Engine Version: 4.13.0-3106830+++UE4+Release-4.13
LogInit: Net CL: 3106830
LogDevObjectVersion: Number of dev versions registered: 13
LogDevObjectVersion:   Dev-Blueprints (B0D832E4-1F89-4F0D-ACCF-7EB736FD4AA2): 5
LogDevObjectVersion:   Dev-Build (E1C64328-A22C-4D53-A36C-8E866417BD8C): 0
LogDevObjectVersion:   Dev-Core (375EC13C-06E4-48FB-B500-84F0262A717E): 1
LogDevObjectVersion:   Dev-Editor (E4B068ED-F494-42E9-A231-DA0B2E46BB41): 6
LogDevObjectVersion:   Dev-Framework (CFFC743F-43B0-4480-9391-14DF171D2073): 12
LogDevObjectVersion:   Dev-Mobile (B02B49B5-BB20-44E9-A304-32B752E40360): 0
LogDevObjectVersion:   Dev-Networking (A4E4105C-59A1-49B5-A7C5-40C4547EDFEE): 0
LogDevObjectVersion:   Dev-Online (39C831C9-5AE6-47DC-9A44-9C173E1C8E7C): 0
LogDevObjectVersion:   Dev-Physics (78F01B33-EBEA-4F98-B9B4-84EACCB95AA2): 0
LogDevObjectVersion:   Dev-Platform (6631380F-2D4D-43E0-8009-CF276956A95A): 0
LogDevObjectVersion:   Dev-Rendering (12F88B9F-8875-4AFC-A67C-D90C383ABD29): 4
LogDevObjectVersion:   Dev-Sequencer (7B5AE74C-D270-4C10-A958-57980B212A5A): 0
LogDevObjectVersion:   Dev-VR (D7296918-1DD6-4BDD-9DE2-64A83CC13884): 0
LogInit: Compiled (64-bit): Aug 30 2016 18:11:39
LogInit: Compiled with Visual C++: 19.00.23026.00
LogInit: Build Configuration: Development
LogInit: Branch Name: ++UE4+Release-4.13
LogInit: Command line:  
LogInit: Base directory: C:/Program Files (x86)/Epic Games/4.13/Engine/Binaries/Win64/
LogInit: Installed Engine Build: 1
LogInit: Presizing for max 8388607 objects, including 0 objects not considered by GC, pre-allocating 0 bytes for permanent pool.
LogInit: Object subsystem initialized
[2016.09.11-17.47.13:895][  0]LogInit: Selected Device Profile: [Windows]
[2016.09.11-17.47.13:895][  0]LogInit: Applying CVar settings loaded from the selected device profile: [Windows]
[2016.09.11-17.47.13:938][  0]LogInit: Computer: SEANBOOTCAMP-PC
[2016.09.11-17.47.13:938][  0]LogInit: User: SeanBootCamp
[2016.09.11-17.47.13:938][  0]LogInit: CPU Page size=65536, Cores=2
[2016.09.11-17.47.13:938][  0]LogInit: High frequency timer resolution =1.757890 MHz
[2016.09.11-17.47.13:962][  0]LogMemory: Memory total: Physical=3.9GB (4GB approx)
[2016.09.11-17.47.13:966][  0]LogMemory: Platform Memory Stats for Windows
[2016.09.11-17.47.13:967][  0]LogMemory: Process Physical Memory: 255.77 MB used, 255.77 MB peak
[2016.09.11-17.47.13:967][  0]LogMemory: Process Virtual Memory: 266.97 MB used, 266.97 MB peak
[2016.09.11-17.47.13:967][  0]LogMemory: Physical Memory: 2703.43 MB used, 4006.73 MB total
[2016.09.11-17.47.13:967][  0]LogMemory: Virtual Memory: 596.02 MB used, 8388608.00 MB total
[2016.09.11-17.47.14:208][  0]LogTextLocalizationManager: No specific translations for ('en-US') exist, so ('en') translations will be used.
[2016.09.11-17.47.16:730][  0]LogD3D11RHI: D3D11 adapters:
[2016.09.11-17.47.16:743][  0]LogD3D11RHI:    0. 'Intel(R) HD Graphics 3000' (Feature Level 10_0)
[2016.09.11-17.47.16:743][  0]LogD3D11RHI:       64/0/1632 MB DedicatedVideo/DedicatedSystem/SharedSystem, Outputs:1, VendorId:0x8086
[2016.09.11-17.47.16:743][  0]LogD3D11RHI: Chosen D3D11 Adapter: 0
[2016.09.11-17.47.16:755][  0]LogD3D11RHI: Creating new Direct3DDevice
[2016.09.11-17.47.16:755][  0]LogD3D11RHI:     GPU DeviceId: 0x116 (for the marketing name, search the web for "GPU Device Id")
[2016.09.11-17.47.16:755][  0]LogWindows: EnumDisplayDevices:
[2016.09.11-17.47.16:756][  0]LogWindows:    0. 'Intel(R) HD Graphics 3000' (P:1 D:1)
[2016.09.11-17.47.16:756][  0]LogWindows:    1. 'Intel(R) HD Graphics 3000' (P:0 D:0)
[2016.09.11-17.47.16:757][  0]LogWindows:    2. 'RDPDD Chained DD' (P:0 D:0)
[2016.09.11-17.47.16:757][  0]LogWindows:    3. 'RDP Encoder Mirror Driver' (P:0 D:0)
[2016.09.11-17.47.16:758][  0]LogWindows:    4. 'RDP Reflector Display Driver' (P:0 D:0)
[2016.09.11-17.47.16:758][  0]LogWindows: DebugString: GetVideoDriverDetailsInvalid PrimaryIsNotTheChoosenAdapter GetVideoDriverDetailsInvalid PrimaryIsNotTheChoosenAdapter GetVideoDriverDetailsInvalid PrimaryIsNotTheChoosenAdapter FoundDriverCount:2 
[2016.09.11-17.47.16:758][  0]LogD3D11RHI:     Adapter Name: Intel(R) HD Graphics 3000
[2016.09.11-17.47.16:758][  0]LogD3D11RHI:   Driver Version: 9.17.10.4229 (internal:9.17.10.4229, unified:9.17.10.4229)
[2016.09.11-17.47.16:758][  0]LogD3D11RHI:      Driver Date: 5-26-2015
[2016.09.11-17.47.16:759][  0]LogRHI: Texture pool is 616 MB (70% of 880 MB)
[2016.09.11-17.47.16:764][  0]LogD3D11RHI: Async texture creation enabled
[2016.09.11-17.47.16:814][  0]LogD3D11RHI: GPU Timing Frequency: 12.500000 (Debug: 2 1)
[2016.09.11-17.47.16:820][  0]LogShaderCompilers: Guid format shader working directory is -21 characters bigger than the processId version (../../../../../../Users/SeanBootCamp/Documents/SubEarth/debug/SubEarth/Intermediate/Shaders/WorkingDirectory/8764/).
[2016.09.11-17.47.16:820][  0]LogShaderCompilers: Cleaned the shader compiler working directory 'C:/Users/SEANBO~1/AppData/Local/Temp/UnrealShaderWorkingDir/66321D0647229F0D32AFAA8F84F86924/'.
[2016.09.11-17.47.16:820][  0]LogShaderCompilers:Display: Using Local Shader Compiler.
[2016.09.11-17.47.20:757][  0]LogTemp:Display: Loaded TP AllDesktopTargetPlatform
[2016.09.11-17.47.20:785][  0]LogTemp:Display: Loaded TP WindowsClientTargetPlatform
[2016.09.11-17.47.20:813][  0]LogTemp:Display: Loaded TP WindowsNoEditorTargetPlatform
[2016.09.11-17.47.20:835][  0]LogTemp:Display: Loaded TP WindowsServerTargetPlatform
[2016.09.11-17.47.20:862][  0]LogTemp:Display: Loaded TP WindowsTargetPlatform
[2016.09.11-17.47.20:886][  0]LogTemp:Display: Loaded TP AndroidTargetPlatform
[2016.09.11-17.47.20:912][  0]LogTemp:Display: Loaded TP Android_ASTCTargetPlatform
[2016.09.11-17.47.20:933][  0]LogTemp:Display: Loaded TP Android_ATCTargetPlatform
[2016.09.11-17.47.20:957][  0]LogTemp:Display: Loaded TP Android_DXTTargetPlatform
[2016.09.11-17.47.20:975][  0]LogTemp:Display: Loaded TP Android_ETC1TargetPlatform
[2016.09.11-17.47.20:989][  0]LogTemp:Display: Loaded TP Android_ETC2TargetPlatform
[2016.09.11-17.47.21:020][  0]LogTemp:Display: Loaded TP Android_MultiTargetPlatform
[2016.09.11-17.47.21:020][  0]LogTemp:Display: Loaded TP Android_PVRTCTargetPlatform
[2016.09.11-17.47.21:023][  0]LogTemp:Display: Loaded TP HTML5TargetPlatform
[2016.09.11-17.47.21:063][  0]LogTemp:Display: Loaded TP IOSTargetPlatform
[2016.09.11-17.47.21:078][  0]LogTemp:Display: Loaded TP TVOSTargetPlatform
[2016.09.11-17.47.21:094][  0]LogTemp:Display: Loaded TP LinuxClientTargetPlatform
[2016.09.11-17.47.21:109][  0]LogTemp:Display: Loaded TP LinuxNoEditorTargetPlatform
[2016.09.11-17.47.21:126][  0]LogTemp:Display: Loaded TP LinuxServerTargetPlatform
[2016.09.11-17.47.21:147][  0]LogTemp:Display: Loaded TP LinuxTargetPlatform
[2016.09.11-17.47.21:147][  0]LogTargetPlatformManager:Display: Building Assets For Windows
[2016.09.11-17.47.21:335][  0]LogDerivedDataCache:Display: Max Cache Size: 512 MB
[2016.09.11-17.47.21:692][  0]LogDerivedDataCache: Loaded boot cache 0.36s 58MB C:/Users/SeanBootCamp/AppData/Local/UnrealEngine/4.13/DerivedDataCache/Boot.ddc.
[2016.09.11-17.47.21:692][  0]LogDerivedDataCache:Display: Loaded Boot cache: C:/Users/SeanBootCamp/AppData/Local/UnrealEngine/4.13/DerivedDataCache/Boot.ddc
[2016.09.11-17.47.21:692][  0]LogDerivedDataCache: FDerivedDataBackendGraph:  Pak pak cache file ../../../../../../Users/SeanBootCamp/Documents/SubEarth/debug/SubEarth/DerivedDataCache/DDC.ddp not found, will not use a pak cache.
[2016.09.11-17.47.21:692][  0]LogDerivedDataCache: Unable to find inner node Pak for hierarchical cache Hierarchy.
[2016.09.11-17.47.21:692][  0]LogDerivedDataCache: FDerivedDataBackendGraph:  CompressedPak pak cache file ../../../../../../Users/SeanBootCamp/Documents/SubEarth/debug/SubEarth/DerivedDataCache/Compressed.ddp not found, will not use a pak cache.
[2016.09.11-17.47.21:693][  0]LogDerivedDataCache: Unable to find inner node CompressedPak for hierarchical cache Hierarchy.
[2016.09.11-17.47.21:750][  0]LogDerivedDataCache:Display: Pak cache opened for reading ../../../Engine/DerivedDataCache/Compressed.ddp.
[2016.09.11-17.47.21:763][  0]LogDerivedDataCache: Using Local data cache path C:/Users/SeanBootCamp/AppData/Local/UnrealEngine/Common/DerivedDataCache: Writable
[2016.09.11-17.47.22:811][  0]LogInit: Selected Device Profile: [Windows]
[2016.09.11-17.47.22:825][  0]LogMaterial: Uniform references updated for custom material expression Custom.
[2016.09.11-17.47.22:829][  0]LogContentStreaming: Texture pool size is 0.00 MB
[2016.09.11-17.47.23:266][  0]LogMeshUtilities: No automatic mesh reduction module available
[2016.09.11-17.47.23:266][  0]LogMeshUtilities: No automatic mesh merging module available
[2016.09.11-17.47.23:266][  0]LogMeshUtilities: No distributed automatic mesh merging module available
[2016.09.11-17.47.24:492][  0]LogNetVersion: GetLocalNetworkVersion: CL: 3106830, ProjectName: subearth, ProjectVersion: , EngineNetworkVersion: 1, GameNetworkVersion: 0, NetworkChecksum: 377010212
[2016.09.11-17.47.24:585][  0]LogAssetRegistry: FAssetRegistry took 0.0234 seconds to start up
[2016.09.11-17.47.24:670][  0]LogPackageLocalizationCache: Processed 3 localized package path(s) for 2 prioritized culture(s) in 0.059240 seconds
[2016.09.11-17.47.24:683][  0]LogUObjectArray: 29777 objects as part of root set at end of initial load.
[2016.09.11-17.47.24:683][  0]LogUObjectAllocator: 6124704 out of 0 bytes used by permanent object pool.
[2016.09.11-17.47.24:683][  0]LogUObjectArray: CloseDisregardForGC: 0/0 objects in disregard for GC pool
[2016.09.11-17.47.24:705][  0]LogInit: WinSock: version 1.1 (2.2), MaxSocks=32767, MaxUdp=65467
[2016.09.11-17.47.26:041][  0]LogSlate: SlateFontCache - WITH_FREETYPE: 1, WITH_HARFBUZZ: 1
[2016.09.11-17.47.26:041][  0]LogSlate: SlateFontCache - WITH_FREETYPE: 1, WITH_HARFBUZZ: 1
[2016.09.11-17.47.30:539][  0]LogUdpMessaging: Initializing bridge on interface 0.0.0.0:0 to multicast group 230.0.0.1:6666.
[2016.09.11-17.47.32:067][  0]SourceControl: Info Source control is disabled
[2016.09.11-17.47.32:192][  0]SourceControl: Info Source control is disabled
[2016.09.11-17.47.32:237][  0]SourceControl: Info Source control is disabled
[2016.09.11-17.47.32:265][  0]SourceControl: Info Source control is disabled
[2016.09.11-17.47.33:329][  0]LogEngine: Initializing Engine...
[2016.09.11-17.47.33:330][  0]LogHMD: Failed to initialize OpenVR with code 110
[2016.09.11-17.47.34:209][  0]LogAIModule: Creating AISystem for world Untitled
[2016.09.11-17.47.34:454][  0]LogInit: XAudio2 using 'Speakers (Display Audio)' : 2 channels at 44.1 kHz using 16 bits per sample (channel mask 0x3)
[2016.09.11-17.47.34:872][  0]LogInit: FAudioDevice initialized.
[2016.09.11-17.47.34:959][  0]LogDerivedDataCache: Saved boot cache 0.09s 58MB C:/Users/SeanBootCamp/AppData/Local/UnrealEngine/4.13/DerivedDataCache/Boot.ddc.
[2016.09.11-17.47.34:974][  0]LogInit: Texture streaming: Enabled
[2016.09.11-17.47.35:474][  0]LogInit: Transaction tracking system initialized
[2016.09.11-17.47.36:197][  0]BlueprintLog: New page: Editor Load
[2016.09.11-17.47.38:176][  0]LocalizationService: Info Localization service is disabled
[2016.09.11-17.47.39:548][  0]LogConsoleResponse:Display: 
[2016.09.11-17.47.40:562][  0]LogCook:Display: Max memory allowance for cook 16384mb min free memory 0mb
[2016.09.11-17.47.40:562][  0]LogCook:Display: Mobile HDR setting 0
[2016.09.11-17.47.40:640][  0]LogFileCache: Scanning file cache for directory 'C:/Users/SeanBootCamp/Documents/SubEarth/debug/SubEarth/Content/' took 0.03s
[2016.09.11-17.47.44:216][  0]SourceControl: Info Source control is disabled
[2016.09.11-17.47.44:220][  0]Cmd: MAP LOAD FILE="../../../../../../Users/SeanBootCamp/Documents/SubEarth/debug/SubEarth/Content/FirstPersonCPP/Maps/FirstPersonExampleMap.umap" TEMPLATE=0 SHOWPROGRESS=1 FEATURELEVEL=2
[2016.09.11-17.47.44:224][  0]LightingResults: New page: Lighting Build
[2016.09.11-17.47.45:772][  0]MapCheck: New page: Map Check
[2016.09.11-17.47.45:772][  0]LightingResults: New page: Lighting Build
[2016.09.11-17.47.47:759][  0]LogTextFormatter:Warning: Failed to parse argument "ImportClass" as a number (using "0" as a fallback). Please check your format string for errors: ": Failed import for {ImportClass}".
[2016.09.11-17.47.47:759][  0]LogTextFormatter:Warning: Failed to parse argument "ImportClass" as a number (using "0" as a fallback). Please check your format string for errors: ": Failed import for {ImportClass}".
[2016.09.11-17.47.47:772][  0]LogTextFormatter:Warning: Failed to parse argument "ImportClass" as a number (using "0" as a fallback). Please check your format string for errors: ": Failed import for {ImportClass}".
[2016.09.11-17.47.48:376][  0]LogAIModule: Creating AISystem for world FirstPersonExampleMap
[2016.09.11-17.47.48:862][  0]LogEditorServer: Finished looking for orphan Actors (0.033 secs)
[2016.09.11-17.47.49:029][  0]Cmd: MAP CHECKDEP NOCLEARLOG
[2016.09.11-17.47.49:225][  0]MapCheck: Info Map check complete: 0 Error(s), 0 Warning(s), took 195.197ms to complete.
[2016.09.11-17.47.49:244][  0]LogFileHelpers: Loading map 'FirstPersonExampleMap' took 5.025
[2016.09.11-17.47.50:187][  0]LogCollectionManager: Loaded 0 collections in 0.006631 seconds
[2016.09.11-17.47.50:362][  0]LogFileCache: Scanning file cache for directory 'C:/Users/SeanBootCamp/Documents/SubEarth/debug/SubEarth/Saved/Collections/' took 0.05s
[2016.09.11-17.47.50:362][  0]LogFileCache: Scanning file cache for directory 'C:/Users/SeanBootCamp/Documents/SubEarth/debug/SubEarth/Content/Developers/SeanBootCamp/Collections/' took 0.01s
[2016.09.11-17.47.50:362][  0]LogFileCache: Scanning file cache for directory 'C:/Users/SeanBootCamp/Documents/SubEarth/debug/SubEarth/Content/Collections/' took 0.01s
[2016.09.11-17.47.50:362][  0]LogCollectionManager: Rebuilt the GUID cache for 0 collections in 0.000005 seconds
[2016.09.11-17.47.50:411][  0]LogContentBrowser: Native class hierarchy populated in 0.0437 seconds. Added 2145 classes and 417 folders.
[2016.09.11-17.47.50:499][  0]LogStats: UGameplayTagsManager::ConstructGameplayTagTree: Construct from data asset -  0.000 s
[2016.09.11-17.47.50:500][  0]LogStats: UGameplayTagsManager::ConstructGameplayTagTree: GameplayTagTreeChangedEvent.Broadcast -  0.001 s
[2016.09.11-17.47.50:508][  0]LogContentBrowser: Native class hierarchy updated for 'GameplayTags' in 0.0052 seconds. Added 12 classes and 0 folders.
[2016.09.11-17.47.50:557][  0]LogContentBrowser: Native class hierarchy updated for 'WidgetCarousel' in 0.0036 seconds. Added 0 classes and 0 folders.
[2016.09.11-17.47.51:125][  0]LogContentBrowser: Native class hierarchy updated for 'AddContentDialog' in 0.0038 seconds. Added 0 classes and 0 folders.
[2016.09.11-17.47.51:195][  0]LogContentBrowser: Native class hierarchy updated for 'SceneOutliner' in 0.0039 seconds. Added 1 classes and 2 folders.
[2016.09.11-17.47.51:500][  0]LogCrashTracker: Crashtracker disabled due to settings.
[2016.09.11-17.47.51:633][  0]LogUObjectGlobals:Warning: Failed to find object 'Class None.'
[2016.09.11-17.47.51:741][  0]LogContentBrowser: Native class hierarchy updated for 'HierarchicalLODOutliner' in 0.0034 seconds. Added 1 classes and 2 folders.
[2016.09.11-17.47.51:741][  0]LogLoad: (Engine Initialization) Total time: 48.31 seconds
[2016.09.11-17.47.51:741][  0]LogLoad: (Engine Initialization) Total Blueprint compile time: 0.38 seconds
[2016.09.11-17.47.51:743][  0]LogExternalProfiler: Found external profiler: VSPerf
[2016.09.11-17.47.51:743][  0]LogExternalProfiler: Using external profiler: VSPerf
[2016.09.11-17.47.52:196][  0]LogOcInput: OculusInput pre-init called
[2016.09.11-17.47.52:201][  0]LoadErrors:Error: Error /Game/FirstPersonCPP/Maps/FirstPersonExampleMap : Failed import for MotionControllerComponent /Game/FirstPersonCPP/Blueprints/FirstPersonCharacter.Default__FirstPersonCharacter_C:L_MotionController
[2016.09.11-17.47.52:202][  0]LoadErrors:Error: Error /Game/FirstPersonCPP/Maps/FirstPersonExampleMap : Failed import for MotionControllerComponent /Game/FirstPersonCPP/Blueprints/FirstPersonCharacter.Default__FirstPersonCharacter_C:R_MotionController
[2016.09.11-17.47.52:203][  0]LoadErrors:Error: Error /Game/FirstPersonCPP/Maps/FirstPersonExampleMap : Failed import for SceneComponent /Game/FirstPersonCPP/Blueprints/FirstPersonCharacter.Default__FirstPersonCharacter_C:VR_MuzzleLocation
[2016.09.11-17.47.52:279][  0]LogContentStreaming: Texture pool size now 400 MB
[2016.09.11-17.47.52:963][  0]LogRenderer: Reallocating scene render targets to support 796x388 (Frame:2).
[2016.09.11-17.48.01:684][  8]LogAssetRegistry: Asset discovery search completed in 37.1194 seconds
[2016.09.11-17.48.01:774][  8]LogCollectionManager: Rebuilt the object cache for 0 collections in 0.000001 seconds (found 0 objects)
[2016.09.11-17.48.01:775][  8]LogCollectionManager: Fixed up redirectors for 0 collections in 0.090465 seconds (updated 0 objects)
[2016.09.11-17.55.16:901][593]LogRenderer: Reallocating scene render targets to support 796x488 (Frame:5).
[2016.09.11-18.00.36:854][338]LogContentBrowser: Native class hierarchy updated for 'BlueprintGraph' in 0.0035 seconds. Added 112 classes and 0 folders.
[2016.09.11-18.01.46:433][156]LogRenderer: Reallocating scene render targets to support 796x1236 (Frame:879).
[2016.09.11-18.04.07:681][685]LogSavePackage: Save=6648.37ms
[2016.09.11-18.04.07:681][685]LogSavePackage: Moving '../../../../../../Users/SeanBootCamp/Documents/SubEarth/debug/SubEarth/Saved/FirstPersonExampleMap_Auto196B4CFD24886D153E7E9B9ACD1E6211D.tmp' to '../../../../../../Users/SeanBootCamp/Documents/SubEarth/debug/SubEarth/Saved/Autosaves/Game/FirstPersonCPP/Maps/FirstPersonExampleMap_Auto1.umap'
[2016.09.11-18.04.07:723][685]LogSavePackage:Display: Finished SavePackage ../../../../../../Users/SeanBootCamp/Documents/SubEarth/debug/SubEarth/Saved/Autosaves/Game/FirstPersonCPP/Maps/FirstPersonExampleMap_Auto1.umap
[2016.09.11-18.04.07:747][685]LogFileHelpers: Editor autosave (incl. sublevels) for '/Game/FirstPersonCPP/Maps/FirstPersonExampleMap' took 7.272
[2016.09.11-18.04.07:747][685]LogFileHelpers: Editor autosave (incl. sublevels) for all levels took 7.272
[2016.09.11-18.04.07:755][685]OBJ SavePackage: Generating thumbnails for [1] asset(s) in package [/Game/FirstPersonCPP/Blueprints/FirstPersonCharacter] ([1] browsable assets)...
[2016.09.11-18.04.07:796][685]OBJ SavePackage:     Rendered thumbnail for [Blueprint /Game/FirstPersonCPP/Blueprints/FirstPersonCharacter.FirstPersonCharacter]
[2016.09.11-18.04.07:796][685]OBJ SavePackage: Finished generating thumbnails for package [/Game/FirstPersonCPP/Blueprints/FirstPersonCharacter]
[2016.09.11-18.04.07:864][685]LogSavePackage: Save=58.63ms
[2016.09.11-18.04.07:864][685]LogSavePackage: Moving '../../../../../../Users/SeanBootCamp/Documents/SubEarth/debug/SubEarth/Saved/FirstPersonCharacter_Auto159751C9C48271078052D0297DEB8C00B.tmp' to '../../../../../../Users/SeanBootCamp/Documents/SubEarth/debug/SubEarth/Saved/Autosaves/Game/FirstPersonCPP/Blueprints/FirstPersonCharacter_Auto1.uasset'
[2016.09.11-18.04.07:867][685]LogSavePackage:Display: Finished SavePackage ../../../../../../Users/SeanBootCamp/Documents/SubEarth/debug/SubEarth/Saved/Autosaves/Game/FirstPersonCPP/Blueprints/FirstPersonCharacter_Auto1.uasset
[2016.09.11-18.04.07:867][685]LogFileHelpers: Auto-saving content packages took 0.118
[2016.09.11-18.13.06:230][650]LogHotReload: New module detected: UE4Editor-SubEarth-2137.dll
[2016.09.11-18.13.08:055][760]LogHotReload: Starting Hot-Reload from IDE
[2016.09.11-18.13.08:300][760]LogClass: Could not find existing class SubEarthCharacter in package /Script/SubEarth for HotReload, assuming new class
[2016.09.11-18.13.08:364][760]LogHotReload: Re-instancing SubEarthCharacter after hot-reload.
[2016.09.11-18.13.09:200][760]LogContentBrowser: Native class hierarchy updated for 'SubEarth' in 0.0578 seconds. Added 4 classes and 2 folders.
[2016.09.11-18.13.09:204][760]Display: HotReload successful (1 functions remapped  0 scriptstructs remapped)
[2016.09.11-18.13.10:523][760]LogContentBrowser: Native class hierarchy populated in 0.0507 seconds. Added 2147 classes and 421 folders.
[2016.09.11-18.13.10:567][760]Display: HotReload took  2.5s.
[2016.09.11-18.14.12:066][260]LogFileHelpers: Editor autosave (incl. sublevels) for '/Game/FirstPersonCPP/Maps/FirstPersonExampleMap' took 1.011
[2016.09.11-18.14.12:088][260]OBJ SavePackage: Generating thumbnails for [1] asset(s) in package [/Game/FirstPersonCPP/Blueprints/FirstPersonCharacter] ([1] browsable assets)...
[2016.09.11-18.14.12:188][260]OBJ SavePackage:     Rendered thumbnail for [Blueprint /Game/FirstPersonCPP/Blueprints/FirstPersonCharacter.FirstPersonCharacter]
[2016.09.11-18.14.12:188][260]OBJ SavePackage: Finished generating thumbnails for package [/Game/FirstPersonCPP/Blueprints/FirstPersonCharacter]
[2016.09.11-18.14.12:319][260]LogSavePackage: Save=94.11ms
[2016.09.11-18.14.12:319][260]LogSavePackage: Moving '../../../../../../Users/SeanBootCamp/Documents/SubEarth/debug/SubEarth/Saved/FirstPersonCharacter_Auto2D0DE01564C2313716D63F49037903B03.tmp' to '../../../../../../Users/SeanBootCamp/Documents/SubEarth/debug/SubEarth/Saved/Autosaves/Game/FirstPersonCPP/Blueprints/FirstPersonCharacter_Auto2.uasset'
[2016.09.11-18.14.12:322][260]LogSavePackage:Display: Finished SavePackage ../../../../../../Users/SeanBootCamp/Documents/SubEarth/debug/SubEarth/Saved/Autosaves/Game/FirstPersonCPP/Blueprints/FirstPersonCharacter_Auto2.uasset
[2016.09.11-18.14.12:323][260]LogFileHelpers: Auto-saving content packages took 0.254
[2016.09.11-18.19.55:767][ 16]LogBlueprintUserMessages: Early PlayInEditor Detection: Level '/Game/FirstPersonCPP/Maps/FirstPersonExampleMap.FirstPersonExampleMap:PersistentLevel' has LevelScriptBlueprint '/Game/FirstPersonCPP/Maps/FirstPersonExampleMap.FirstPersonExampleMap:PersistentLevel.FirstPersonExampleMap' with GeneratedClass '/Game/FirstPersonCPP/Maps/FirstPersonExampleMap.FirstPersonExampleMap_C' with ClassGeneratedBy '/Game/FirstPersonCPP/Maps/FirstPersonExampleMap.FirstPersonExampleMap:PersistentLevel.FirstPersonExampleMap'
[2016.09.11-18.19.55:775][ 16]LogPlayLevel: PlayLevel: No blueprints needed recompiling
[2016.09.11-18.19.55:819][ 16]PIE: New page: PIE session: FirstPersonExampleMap (Sep 11, 2016, 3:19:55 AM)
[2016.09.11-18.19.55:823][ 16]LogPlayLevel: Creating play world package: /Game/FirstPersonCPP/Maps/UEDPIE_0_FirstPersonExampleMap
[2016.09.11-18.19.56:185][ 16]LogPlayLevel: PIE: StaticDuplicateObject took: (0.361092s)
[2016.09.11-18.19.56:206][ 16]LogAIModule: Creating AISystem for world FirstPersonExampleMap
[2016.09.11-18.19.56:227][ 16]LogPlayLevel: PIE: World Init took: (0.040917s)
[2016.09.11-18.19.56:230][ 16]LogPlayLevel: PIE: Created PIE world by copying editor world from /Game/FirstPersonCPP/Maps/FirstPersonExampleMap.FirstPersonExampleMap to /Game/FirstPersonCPP/Maps/UEDPIE_0_FirstPersonExampleMap.FirstPersonExampleMap (0.408544s)
[2016.09.11-18.19.56:702][ 16]LogInit: XAudio2 using 'Speakers (Display Audio)' : 2 channels at 44.1 kHz using 16 bits per sample (channel mask 0x3)
[2016.09.11-18.19.56:723][ 16]LogInit: FAudioDevice initialized.
[2016.09.11-18.19.56:885][ 16]LogWorld: Game class is 'SubEarthGameMode'
[2016.09.11-18.19.56:949][ 16]LogWorld: Bringing World /Game/FirstPersonCPP/Maps/UEDPIE_0_FirstPersonExampleMap.FirstPersonExampleMap up for play (max tick rate 60) at 2016.09.11-11.19.56
[2016.09.11-18.19.56:957][ 16]LogWorld: Bringing up level for play took: 0.040216
[2016.09.11-18.19.57:285][ 16]LogContentBrowser: Native class hierarchy updated for 'MovieSceneCapture' in 0.0219 seconds. Added 11 classes and 0 folders.
[2016.09.11-18.19.57:289][ 16]LogGameMode:Display: Match State Changed from EnteringMap to WaitingToStart
[2016.09.11-18.19.57:289][ 16]LogGameState: Match State Changed from EnteringMap to WaitingToStart
[2016.09.11-18.19.57:289][ 16]LogGameMode:Display: Match State Changed from WaitingToStart to InProgress
[2016.09.11-18.19.57:308][ 16]LogGameState: Match State Changed from WaitingToStart to InProgress
[2016.09.11-18.19.57:313][ 16]PIE: Info Play in editor start time for /Game/FirstPersonCPP/Maps/UEDPIE_0_FirstPersonExampleMap 1.174
[2016.09.11-18.19.57:316][ 16]LogBlueprintUserMessages: Late PlayInEditor Detection: Level '/Game/FirstPersonCPP/Maps/FirstPersonExampleMap.FirstPersonExampleMap:PersistentLevel' has LevelScriptBlueprint '/Game/FirstPersonCPP/Maps/FirstPersonExampleMap.FirstPersonExampleMap:PersistentLevel.FirstPersonExampleMap' with GeneratedClass '/Game/FirstPersonCPP/Maps/FirstPersonExampleMap.FirstPersonExampleMap_C' with ClassGeneratedBy '/Game/FirstPersonCPP/Maps/FirstPersonExampleMap.FirstPersonExampleMap:PersistentLevel.FirstPersonExampleMap'
[2016.09.11-18.19.58:800][ 21]LogSavePackage: Save=151.85ms
[2016.09.11-18.19.58:800][ 21]LogSavePackage: Moving '../../../../../../Users/SeanBootCamp/Documents/SubEarth/debug/SubEarth/Saved/FirstPersonCharacterAF61A5884687B9FBDE6428A96F12C8F9.tmp' to '../../../../../../Users/SeanBootCamp/Documents/SubEarth/debug/SubEarth/Content/FirstPersonCPP/Blueprints/FirstPersonCharacter.uasset'
[2016.09.11-18.19.58:824][ 21]LogSavePackage:Display: Finished SavePackage ../../../../../../Users/SeanBootCamp/Documents/SubEarth/debug/SubEarth/Content/FirstPersonCPP/Blueprints/FirstPersonCharacter.uasset
[2016.09.11-18.20.03:524][ 66]LogBlueprintUserMessages: Early EndPlayMap Detection: Level '/Game/FirstPersonCPP/Maps/FirstPersonExampleMap.FirstPersonExampleMap:PersistentLevel' has LevelScriptBlueprint '/Game/FirstPersonCPP/Maps/FirstPersonExampleMap.FirstPersonExampleMap:PersistentLevel.FirstPersonExampleMap' with GeneratedClass '/Game/FirstPersonCPP/Maps/FirstPersonExampleMap.FirstPersonExampleMap_C' with ClassGeneratedBy '/Game/FirstPersonCPP/Maps/FirstPersonExampleMap.FirstPersonExampleMap:PersistentLevel.FirstPersonExampleMap'
[2016.09.11-18.20.03:715][ 66]LogBlueprintUserMessages: Late EndPlayMap Detection: Level '/Game/FirstPersonCPP/Maps/FirstPersonExampleMap.FirstPersonExampleMap:PersistentLevel' has LevelScriptBlueprint '/Game/FirstPersonCPP/Maps/FirstPersonExampleMap.FirstPersonExampleMap:PersistentLevel.FirstPersonExampleMap' with GeneratedClass '/Game/FirstPersonCPP/Maps/FirstPersonExampleMap.FirstPersonExampleMap_C' with ClassGeneratedBy '/Game/FirstPersonCPP/Maps/FirstPersonExampleMap.FirstPersonExampleMap:PersistentLevel.FirstPersonExampleMap'
[2016.09.11-18.20.09:660][120]BlueprintLog: New page: Compile FirstPersonCharacter
[2016.09.11-18.20.13:509][142]LogSavePackage: Save=93.92ms
[2016.09.11-18.20.13:509][142]LogSavePackage: Moving '../../../../../../Users/SeanBootCamp/Documents/SubEarth/debug/SubEarth/Saved/FirstPersonCharacter9FC0537C4734320ABDDFBBB5CA54C175.tmp' to '../../../../../../Users/SeanBootCamp/Documents/SubEarth/debug/SubEarth/Content/FirstPersonCPP/Blueprints/FirstPersonCharacter.uasset'
[2016.09.11-18.20.13:515][142]LogSavePackage:Display: Finished SavePackage ../../../../../../Users/SeanBootCamp/Documents/SubEarth/debug/SubEarth/Content/FirstPersonCPP/Blueprints/FirstPersonCharacter.uasset
[2016.09.11-18.20.20:612][212]LogBlueprintUserMessages: Early PlayInEditor Detection: Level '/Game/FirstPersonCPP/Maps/FirstPersonExampleMap.FirstPersonExampleMap:PersistentLevel' has LevelScriptBlueprint '/Game/FirstPersonCPP/Maps/FirstPersonExampleMap.FirstPersonExampleMap:PersistentLevel.FirstPersonExampleMap' with GeneratedClass '/Game/FirstPersonCPP/Maps/FirstPersonExampleMap.FirstPersonExampleMap_C' with ClassGeneratedBy '/Game/FirstPersonCPP/Maps/FirstPersonExampleMap.FirstPersonExampleMap:PersistentLevel.FirstPersonExampleMap'
[2016.09.11-18.20.20:614][212]LogPlayLevel: PlayLevel: No blueprints needed recompiling
[2016.09.11-18.20.20:615][212]PIE: New page: PIE session: FirstPersonExampleMap (Sep 11, 2016, 3:20:20 AM)
[2016.09.11-18.20.20:615][212]LogPlayLevel: Creating play world package: /Game/FirstPersonCPP/Maps/UEDPIE_0_FirstPersonExampleMap
[2016.09.11-18.20.20:705][212]LogPlayLevel: PIE: StaticDuplicateObject took: (0.090359s)
[2016.09.11-18.20.20:711][212]LogAIModule: Creating AISystem for world FirstPersonExampleMap
[2016.09.11-18.20.20:713][212]LogPlayLevel: PIE: World Init took: (0.007450s)
[2016.09.11-18.20.20:715][212]LogPlayLevel: PIE: Created PIE world by copying editor world from /Game/FirstPersonCPP/Maps/FirstPersonExampleMap.FirstPersonExampleMap to /Game/FirstPersonCPP/Maps/UEDPIE_0_FirstPersonExampleMap.FirstPersonExampleMap (0.099758s)
[2016.09.11-18.20.20:905][212]LogInit: XAudio2 using 'Speakers (Display Audio)' : 2 channels at 44.1 kHz using 16 bits per sample (channel mask 0x3)
[2016.09.11-18.20.20:926][212]LogInit: FAudioDevice initialized.
[2016.09.11-18.20.20:978][212]LogWorld: Game class is 'SubEarthGameMode'
[2016.09.11-18.20.21:003][212]LogWorld: Bringing World /Game/FirstPersonCPP/Maps/UEDPIE_0_FirstPersonExampleMap.FirstPersonExampleMap up for play (max tick rate 60) at 2016.09.11-11.20.21
[2016.09.11-18.20.21:004][212]LogWorld: Bringing up level for play took: 0.024290
[2016.09.11-18.20.21:008][212]LogGameMode:Display: Match State Changed from EnteringMap to WaitingToStart
[2016.09.11-18.20.21:008][212]LogGameState: Match State Changed from EnteringMap to WaitingToStart
[2016.09.11-18.20.21:008][212]LogGameMode:Display: Match State Changed from WaitingToStart to InProgress
[2016.09.11-18.20.21:009][212]LogGameState: Match State Changed from WaitingToStart to InProgress
[2016.09.11-18.20.21:010][212]PIE: Info Play in editor start time for /Game/FirstPersonCPP/Maps/UEDPIE_0_FirstPersonExampleMap 0.872
[2016.09.11-18.20.21:010][212]LogBlueprintUserMessages: Late PlayInEditor Detection: Level '/Game/FirstPersonCPP/Maps/FirstPersonExampleMap.FirstPersonExampleMap:PersistentLevel' has LevelScriptBlueprint '/Game/FirstPersonCPP/Maps/FirstPersonExampleMap.FirstPersonExampleMap:PersistentLevel.FirstPersonExampleMap' with GeneratedClass '/Game/FirstPersonCPP/Maps/FirstPersonExampleMap.FirstPersonExampleMap_C' with ClassGeneratedBy '/Game/FirstPersonCPP/Maps/FirstPersonExampleMap.FirstPersonExampleMap:PersistentLevel.FirstPersonExampleMap'
[2016.09.11-18.20.36:126][399]LogBlueprintUserMessages: Early EndPlayMap Detection: Level '/Game/FirstPersonCPP/Maps/FirstPersonExampleMap.FirstPersonExampleMap:PersistentLevel' has LevelScriptBlueprint '/Game/FirstPersonCPP/Maps/FirstPersonExampleMap.FirstPersonExampleMap:PersistentLevel.FirstPersonExampleMap' with GeneratedClass '/Game/FirstPersonCPP/Maps/FirstPersonExampleMap.FirstPersonExampleMap_C' with ClassGeneratedBy '/Game/FirstPersonCPP/Maps/FirstPersonExampleMap.FirstPersonExampleMap:PersistentLevel.FirstPersonExampleMap'
[2016.09.11-18.20.36:194][399]LogBlueprintUserMessages: Late EndPlayMap Detection: Level '/Game/FirstPersonCPP/Maps/FirstPersonExampleMap.FirstPersonExampleMap:PersistentLevel' has LevelScriptBlueprint '/Game/FirstPersonCPP/Maps/FirstPersonExampleMap.FirstPersonExampleMap:PersistentLevel.FirstPersonExampleMap' with GeneratedClass '/Game/FirstPersonCPP/Maps/FirstPersonExampleMap.FirstPersonExampleMap_C' with ClassGeneratedBy '/Game/FirstPersonCPP/Maps/FirstPersonExampleMap.FirstPersonExampleMap:PersistentLevel.FirstPersonExampleMap'
[2016.09.11-18.22.01:756][182]LogSavePackage: Save=131.25ms
[2016.09.11-18.22.01:757][182]LogSavePackage: Moving '../../../../../../Users/SeanBootCamp/Documents/SubEarth/debug/SubEarth/Saved/FirstPersonCharacter308652CE4285DA4ECF1343BDA276FA5A.tmp' to '../../../../../../Users/SeanBootCamp/Documents/SubEarth/debug/SubEarth/Content/FirstPersonCPP/Blueprints/FirstPersonCharacter.uasset'
[2016.09.11-18.22.01:767][182]LogSavePackage:Display: Finished SavePackage ../../../../../../Users/SeanBootCamp/Documents/SubEarth/debug/SubEarth/Content/FirstPersonCPP/Blueprints/FirstPersonCharacter.uasset
[2016.09.11-18.22.02:370][188]BlueprintLog: New page: Compile FirstPersonCharacter
[2016.09.11-18.22.05:629][201]LogSavePackage: Save=108.04ms
[2016.09.11-18.22.05:629][201]LogSavePackage: Moving '../../../../../../Users/SeanBootCamp/Documents/SubEarth/debug/SubEarth/Saved/FirstPersonCharacterEFD911E24404AE4D37D0A397D5CF55D2.tmp' to '../../../../../../Users/SeanBootCamp/Documents/SubEarth/debug/SubEarth/Content/FirstPersonCPP/Blueprints/FirstPersonCharacter.uasset'
[2016.09.11-18.22.05:636][201]LogSavePackage:Display: Finished SavePackage ../../../../../../Users/SeanBootCamp/Documents/SubEarth/debug/SubEarth/Content/FirstPersonCPP/Blueprints/FirstPersonCharacter.uasset
[2016.09.11-18.22.08:986][231]LogBlueprintUserMessages: Early PlayInEditor Detection: Level '/Game/FirstPersonCPP/Maps/FirstPersonExampleMap.FirstPersonExampleMap:PersistentLevel' has LevelScriptBlueprint '/Game/FirstPersonCPP/Maps/FirstPersonExampleMap.FirstPersonExampleMap:PersistentLevel.FirstPersonExampleMap' with GeneratedClass '/Game/FirstPersonCPP/Maps/FirstPersonExampleMap.FirstPersonExampleMap_C' with ClassGeneratedBy '/Game/FirstPersonCPP/Maps/FirstPersonExampleMap.FirstPersonExampleMap:PersistentLevel.FirstPersonExampleMap'
[2016.09.11-18.22.08:986][231]LogPlayLevel: PlayLevel: No blueprints needed recompiling
[2016.09.11-18.22.08:987][231]PIE: New page: PIE session: FirstPersonExampleMap (Sep 11, 2016, 3:22:08 AM)
[2016.09.11-18.22.08:987][231]LogPlayLevel: Creating play world package: /Game/FirstPersonCPP/Maps/UEDPIE_0_FirstPersonExampleMap
[2016.09.11-18.22.09:108][231]LogPlayLevel: PIE: StaticDuplicateObject took: (0.120791s)
[2016.09.11-18.22.09:113][231]LogAIModule: Creating AISystem for world FirstPersonExampleMap
[2016.09.11-18.22.09:114][231]LogPlayLevel: PIE: World Init took: (0.005521s)
[2016.09.11-18.22.09:115][231]LogPlayLevel: PIE: Created PIE world by copying editor world from /Game/FirstPersonCPP/Maps/FirstPersonExampleMap.FirstPersonExampleMap to /Game/FirstPersonCPP/Maps/UEDPIE_0_FirstPersonExampleMap.FirstPersonExampleMap (0.127764s)
[2016.09.11-18.22.09:325][231]LogInit: XAudio2 using 'Speakers (Display Audio)' : 2 channels at 44.1 kHz using 16 bits per sample (channel mask 0x3)
[2016.09.11-18.22.09:350][231]LogInit: FAudioDevice initialized.
[2016.09.11-18.22.09:404][231]LogWorld: Game class is 'SubEarthGameMode'
[2016.09.11-18.22.09:430][231]LogWorld: Bringing World /Game/FirstPersonCPP/Maps/UEDPIE_0_FirstPersonExampleMap.FirstPersonExampleMap up for play (max tick rate 60) at 2016.09.11-11.22.09
[2016.09.11-18.22.09:432][231]LogWorld: Bringing up level for play took: 0.026175
[2016.09.11-18.22.09:436][231]LogGameMode:Display: Match State Changed from EnteringMap to WaitingToStart
[2016.09.11-18.22.09:436][231]LogGameState: Match State Changed from EnteringMap to WaitingToStart
[2016.09.11-18.22.09:436][231]LogGameMode:Display: Match State Changed from WaitingToStart to InProgress
[2016.09.11-18.22.09:437][231]LogGameState: Match State Changed from WaitingToStart to InProgress
[2016.09.11-18.22.09:438][231]PIE: Info Play in editor start time for /Game/FirstPersonCPP/Maps/UEDPIE_0_FirstPersonExampleMap 1.296
[2016.09.11-18.22.09:439][231]LogBlueprintUserMessages: Late PlayInEditor Detection: Level '/Game/FirstPersonCPP/Maps/FirstPersonExampleMap.FirstPersonExampleMap:PersistentLevel' has LevelScriptBlueprint '/Game/FirstPersonCPP/Maps/FirstPersonExampleMap.FirstPersonExampleMap:PersistentLevel.FirstPersonExampleMap' with GeneratedClass '/Game/FirstPersonCPP/Maps/FirstPersonExampleMap.FirstPersonExampleMap_C' with ClassGeneratedBy '/Game/FirstPersonCPP/Maps/FirstPersonExampleMap.FirstPersonExampleMap:PersistentLevel.FirstPersonExampleMap'
[2016.09.11-18.22.14:055][279]LogBlueprintUserMessages: Early EndPlayMap Detection: Level '/Game/FirstPersonCPP/Maps/FirstPersonExampleMap.FirstPersonExampleMap:PersistentLevel' has LevelScriptBlueprint '/Game/FirstPersonCPP/Maps/FirstPersonExampleMap.FirstPersonExampleMap:PersistentLevel.FirstPersonExampleMap' with GeneratedClass '/Game/FirstPersonCPP/Maps/FirstPersonExampleMap.FirstPersonExampleMap_C' with ClassGeneratedBy '/Game/FirstPersonCPP/Maps/FirstPersonExampleMap.FirstPersonExampleMap:PersistentLevel.FirstPersonExampleMap'
[2016.09.11-18.22.14:102][279]LogBlueprintUserMessages: Late EndPlayMap Detection: Level '/Game/FirstPersonCPP/Maps/FirstPersonExampleMap.FirstPersonExampleMap:PersistentLevel' has LevelScriptBlueprint '/Game/FirstPersonCPP/Maps/FirstPersonExampleMap.FirstPersonExampleMap:PersistentLevel.FirstPersonExampleMap' with GeneratedClass '/Game/FirstPersonCPP/Maps/FirstPersonExampleMap.FirstPersonExampleMap_C' with ClassGeneratedBy '/Game/FirstPersonCPP/Maps/FirstPersonExampleMap.FirstPersonExampleMap:PersistentLevel.FirstPersonExampleMap'
[2016.09.11-18.24.48:783][827]LogSavePackage: Save=7090.19ms
[2016.09.11-18.24.48:783][827]LogSavePackage: Moving '../../../../../../Users/SeanBootCamp/Documents/SubEarth/debug/SubEarth/Saved/FirstPersonExampleMap_Auto3B5899BC34320B3CF6876EB866487DEC7.tmp' to '../../../../../../Users/SeanBootCamp/Documents/SubEarth/debug/SubEarth/Saved/Autosaves/Game/FirstPersonCPP/Maps/FirstPersonExampleMap_Auto3.umap'
[2016.09.11-18.24.48:785][827]LogSavePackage:Display: Finished SavePackage ../../../../../../Users/SeanBootCamp/Documents/SubEarth/debug/SubEarth/Saved/Autosaves/Game/FirstPersonCPP/Maps/FirstPersonExampleMap_Auto3.umap
[2016.09.11-18.24.48:789][827]LogFileHelpers: Editor autosave (incl. sublevels) for '/Game/FirstPersonCPP/Maps/FirstPersonExampleMap' took 7.165
[2016.09.11-18.24.48:789][827]LogFileHelpers: Editor autosave (incl. sublevels) for all levels took 7.165
[2016.09.11-18.27.34:932][562]LogHotReload: New module detected: UE4Editor-SubEarth-5787.dll
[2016.09.11-18.27.37:903][572]LogHotReload: Starting Hot-Reload from IDE
[2016.09.11-18.27.39:357][572]LogClass: Could not find existing class SubEarthCharacter in package /Script/SubEarth for HotReload, assuming new class
[2016.09.11-18.27.39:599][572]LogHotReload: Re-instancing SubEarthCharacter after hot-reload.
[2016.09.11-18.27.42:704][572]LogContentBrowser: Native class hierarchy updated for 'SubEarth' in 0.0654 seconds. Added 4 classes and 2 folders.
[2016.09.11-18.27.42:713][572]Display: HotReload successful (1 functions remapped  0 scriptstructs remapped)
[2016.09.11-18.27.46:316][572]LogContentBrowser: Native class hierarchy populated in 0.1493 seconds. Added 2147 classes and 421 folders.
[2016.09.11-18.27.46:396][572]Display: HotReload took  8.5s.
[2016.09.11-18.27.46:920][572]LogEditorViewport: Clicking on Actor (LMB): StaticMeshActor (Wall1)
[2016.09.11-18.35.05:600][642]LogSavePackage: Save=6785.85ms
[2016.09.11-18.35.05:601][642]LogSavePackage: Moving '../../../../../../Users/SeanBootCamp/Documents/SubEarth/debug/SubEarth/Saved/FirstPersonExampleMap_Auto44E207B804E6E25678B72D1A0437C713D.tmp' to '../../../../../../Users/SeanBootCamp/Documents/SubEarth/debug/SubEarth/Saved/Autosaves/Game/FirstPersonCPP/Maps/FirstPersonExampleMap_Auto4.umap'
[2016.09.11-18.35.05:611][642]LogSavePackage:Display: Finished SavePackage ../../../../../../Users/SeanBootCamp/Documents/SubEarth/debug/SubEarth/Saved/Autosaves/Game/FirstPersonCPP/Maps/FirstPersonExampleMap_Auto4.umap
[2016.09.11-18.35.05:644][642]LogFileHelpers: Editor autosave (incl. sublevels) for '/Game/FirstPersonCPP/Maps/FirstPersonExampleMap' took 7.735
[2016.09.11-18.35.05:650][642]LogFileHelpers: Editor autosave (incl. sublevels) for all levels took 7.735
[2016.09.11-18.35.05:655][642]OBJ SavePackage: Generating thumbnails for [1] asset(s) in package [/Game/FirstPersonCPP/Blueprints/FirstPersonCharacter] ([1] browsable assets)...
[2016.09.11-18.35.05:706][642]OBJ SavePackage:     Rendered thumbnail for [Blueprint /Game/FirstPersonCPP/Blueprints/FirstPersonCharacter.FirstPersonCharacter]
[2016.09.11-18.35.05:706][642]OBJ SavePackage: Finished generating thumbnails for package [/Game/FirstPersonCPP/Blueprints/FirstPersonCharacter]
[2016.09.11-18.35.05:794][642]LogSavePackage: Save=80.78ms
[2016.09.11-18.35.05:794][642]LogSavePackage: Moving '../../../../../../Users/SeanBootCamp/Documents/SubEarth/debug/SubEarth/Saved/FirstPersonCharacter_Auto4770842C04EF5D48F7C9C5683A5A55143.tmp' to '../../../../../../Users/SeanBootCamp/Documents/SubEarth/debug/SubEarth/Saved/Autosaves/Game/FirstPersonCPP/Blueprints/FirstPersonCharacter_Auto4.uasset'
[2016.09.11-18.35.05:805][642]LogSavePackage:Display: Finished SavePackage ../../../../../../Users/SeanBootCamp/Documents/SubEarth/debug/SubEarth/Saved/Autosaves/Game/FirstPersonCPP/Blueprints/FirstPersonCharacter_Auto4.uasset
[2016.09.11-18.35.05:805][642]LogFileHelpers: Auto-saving content packages took 0.153
[2016.09.11-20.23.28:641][150]LogBlueprintUserMessages: Early PlayInEditor Detection: Level '/Game/FirstPersonCPP/Maps/FirstPersonExampleMap.FirstPersonExampleMap:PersistentLevel' has LevelScriptBlueprint '/Game/FirstPersonCPP/Maps/FirstPersonExampleMap.FirstPersonExampleMap:PersistentLevel.FirstPersonExampleMap' with GeneratedClass '/Game/FirstPersonCPP/Maps/FirstPersonExampleMap.FirstPersonExampleMap_C' with ClassGeneratedBy '/Game/FirstPersonCPP/Maps/FirstPersonExampleMap.FirstPersonExampleMap:PersistentLevel.FirstPersonExampleMap'
[2016.09.11-20.23.28:655][150]LogPlayLevel: PlayLevel: No blueprints needed recompiling
[2016.09.11-20.23.28:664][150]PIE: New page: PIE session: FirstPersonExampleMap (Sep 11, 2016, 5:23:28 AM)
[2016.09.11-20.23.28:667][150]LogPlayLevel: Creating play world package: /Game/FirstPersonCPP/Maps/UEDPIE_0_FirstPersonExampleMap
[2016.09.11-20.23.28:892][150]LogPlayLevel: PIE: StaticDuplicateObject took: (0.223359s)
[2016.09.11-20.23.28:930][150]LogAIModule: Creating AISystem for world FirstPersonExampleMap
[2016.09.11-20.23.28:962][150]LogPlayLevel: PIE: World Init took: (0.069520s)
[2016.09.11-20.23.28:977][150]LogPlayLevel: PIE: Created PIE world by copying editor world from /Game/FirstPersonCPP/Maps/FirstPersonExampleMap.FirstPersonExampleMap to /Game/FirstPersonCPP/Maps/UEDPIE_0_FirstPersonExampleMap.FirstPersonExampleMap (0.309568s)
[2016.09.11-20.23.29:809][150]LogInit: XAudio2 using 'Speakers (Display Audio)' : 2 channels at 44.1 kHz using 16 bits per sample (channel mask 0x3)
[2016.09.11-20.23.29:910][150]LogInit: FAudioDevice initialized.
[2016.09.11-20.23.29:953][150]LogWorld: Game class is 'SubEarthGameMode'
[2016.09.11-20.23.29:964][150]LogWorld: Bringing World /Game/FirstPersonCPP/Maps/UEDPIE_0_FirstPersonExampleMap.FirstPersonExampleMap up for play (max tick rate 60) at 2016.09.11-13.23.29
[2016.09.11-20.23.29:965][150]LogWorld: Bringing up level for play took: 0.010975
[2016.09.11-20.23.29:969][150]LogGameMode:Display: Match State Changed from EnteringMap to WaitingToStart
[2016.09.11-20.23.29:969][150]LogGameState: Match State Changed from EnteringMap to WaitingToStart
[2016.09.11-20.23.29:969][150]LogGameMode:Display: Match State Changed from WaitingToStart to InProgress
[2016.09.11-20.23.29:973][150]LogGameState: Match State Changed from WaitingToStart to InProgress
[2016.09.11-20.23.29:975][150]PIE: Info Play in editor start time for /Game/FirstPersonCPP/Maps/UEDPIE_0_FirstPersonExampleMap 1.562
[2016.09.11-20.23.29:975][150]LogBlueprintUserMessages: Late PlayInEditor Detection: Level '/Game/FirstPersonCPP/Maps/FirstPersonExampleMap.FirstPersonExampleMap:PersistentLevel' has LevelScriptBlueprint '/Game/FirstPersonCPP/Maps/FirstPersonExampleMap.FirstPersonExampleMap:PersistentLevel.FirstPersonExampleMap' with GeneratedClass '/Game/FirstPersonCPP/Maps/FirstPersonExampleMap.FirstPersonExampleMap_C' with ClassGeneratedBy '/Game/FirstPersonCPP/Maps/FirstPersonExampleMap.FirstPersonExampleMap:PersistentLevel.FirstPersonExampleMap'
[2016.09.11-20.25.02:841][943]LogBlueprintUserMessages: Early EndPlayMap Detection: Level '/Game/FirstPersonCPP/Maps/FirstPersonExampleMap.FirstPersonExampleMap:PersistentLevel' has LevelScriptBlueprint '/Game/FirstPersonCPP/Maps/FirstPersonExampleMap.FirstPersonExampleMap:PersistentLevel.FirstPersonExampleMap' with GeneratedClass '/Game/FirstPersonCPP/Maps/FirstPersonExampleMap.FirstPersonExampleMap_C' with ClassGeneratedBy '/Game/FirstPersonCPP/Maps/FirstPersonExampleMap.FirstPersonExampleMap:PersistentLevel.FirstPersonExampleMap'
[2016.09.11-20.25.03:043][943]LogBlueprintUserMessages: Late EndPlayMap Detection: Level '/Game/FirstPersonCPP/Maps/FirstPersonExampleMap.FirstPersonExampleMap:PersistentLevel' has LevelScriptBlueprint '/Game/FirstPersonCPP/Maps/FirstPersonExampleMap.FirstPersonExampleMap:PersistentLevel.FirstPersonExampleMap' with GeneratedClass '/Game/FirstPersonCPP/Maps/FirstPersonExampleMap.FirstPersonExampleMap_C' with ClassGeneratedBy '/Game/FirstPersonCPP/Maps/FirstPersonExampleMap.FirstPersonExampleMap:PersistentLevel.FirstPersonExampleMap'
[2016.09.11-20.25.04:502][990]LogRenderer: Reallocating scene render targets to support 1552x1236 (Frame:13037).
[2016.09.11-20.25.24:808][972]LogBlueprintUserMessages: Early PlayInEditor Detection: Level '/Game/FirstPersonCPP/Maps/FirstPersonExampleMap.FirstPersonExampleMap:PersistentLevel' has LevelScriptBlueprint '/Game/FirstPersonCPP/Maps/FirstPersonExampleMap.FirstPersonExampleMap:PersistentLevel.FirstPersonExampleMap' with GeneratedClass '/Game/FirstPersonCPP/Maps/FirstPersonExampleMap.FirstPersonExampleMap_C' with ClassGeneratedBy '/Game/FirstPersonCPP/Maps/FirstPersonExampleMap.FirstPersonExampleMap:PersistentLevel.FirstPersonExampleMap'
[2016.09.11-20.25.24:808][972]LogPlayLevel: PlayLevel: No blueprints needed recompiling
[2016.09.11-20.25.24:809][972]PIE: New page: PIE session: FirstPersonExampleMap (Sep 11, 2016, 5:25:24 AM)
[2016.09.11-20.25.24:809][972]LogPlayLevel: Creating play world package: /Game/FirstPersonCPP/Maps/UEDPIE_0_FirstPersonExampleMap
[2016.09.11-20.25.24:858][972]LogPlayLevel: PIE: StaticDuplicateObject took: (0.049412s)
[2016.09.11-20.25.24:861][972]LogAIModule: Creating AISystem for world FirstPersonExampleMap
[2016.09.11-20.25.24:862][972]LogPlayLevel: PIE: World Init took: (0.003434s)
[2016.09.11-20.25.24:863][972]LogPlayLevel: PIE: Created PIE world by copying editor world from /Game/FirstPersonCPP/Maps/FirstPersonExampleMap.FirstPersonExampleMap to /Game/FirstPersonCPP/Maps/UEDPIE_0_FirstPersonExampleMap.FirstPersonExampleMap (0.053726s)
[2016.09.11-20.25.24:934][972]LogInit: XAudio2 using 'Speakers (Display Audio)' : 2 channels at 44.1 kHz using 16 bits per sample (channel mask 0x3)
[2016.09.11-20.25.24:941][972]LogInit: FAudioDevice initialized.
[2016.09.11-20.25.24:972][972]LogWorld: Game class is 'SubEarthGameMode'
[2016.09.11-20.25.24:983][972]LogWorld: Bringing World /Game/FirstPersonCPP/Maps/UEDPIE_0_FirstPersonExampleMap.FirstPersonExampleMap up for play (max tick rate 60) at 2016.09.11-13.25.24
[2016.09.11-20.25.24:984][972]LogWorld: Bringing up level for play took: 0.009340
[2016.09.11-20.25.24:986][972]LogGameMode:Display: Match State Changed from EnteringMap to WaitingToStart
[2016.09.11-20.25.24:986][972]LogGameState: Match State Changed from EnteringMap to WaitingToStart
[2016.09.11-20.25.24:986][972]LogGameMode:Display: Match State Changed from WaitingToStart to InProgress
[2016.09.11-20.25.24:986][972]LogGameState: Match State Changed from WaitingToStart to InProgress
[2016.09.11-20.25.24:986][972]PIE: Info Play in editor start time for /Game/FirstPersonCPP/Maps/UEDPIE_0_FirstPersonExampleMap 0.571
[2016.09.11-20.25.24:987][972]LogBlueprintUserMessages: Late PlayInEditor Detection: Level '/Game/FirstPersonCPP/Maps/FirstPersonExampleMap.FirstPersonExampleMap:PersistentLevel' has LevelScriptBlueprint '/Game/FirstPersonCPP/Maps/FirstPersonExampleMap.FirstPersonExampleMap:PersistentLevel.FirstPersonExampleMap' with GeneratedClass '/Game/FirstPersonCPP/Maps/FirstPersonExampleMap.FirstPersonExampleMap_C' with ClassGeneratedBy '/Game/FirstPersonCPP/Maps/FirstPersonExampleMap.FirstPersonExampleMap:PersistentLevel.FirstPersonExampleMap'
[2016.09.11-20.25.50:677][370]LogBlueprintUserMessages: Early EndPlayMap Detection: Level '/Game/FirstPersonCPP/Maps/FirstPersonExampleMap.FirstPersonExampleMap:PersistentLevel' has LevelScriptBlueprint '/Game/FirstPersonCPP/Maps/FirstPersonExampleMap.FirstPersonExampleMap:PersistentLevel.FirstPersonExampleMap' with GeneratedClass '/Game/FirstPersonCPP/Maps/FirstPersonExampleMap.FirstPersonExampleMap_C' with ClassGeneratedBy '/Game/FirstPersonCPP/Maps/FirstPersonExampleMap.FirstPersonExampleMap:PersistentLevel.FirstPersonExampleMap'
[2016.09.11-20.25.50:874][370]LogBlueprintUserMessages: Late EndPlayMap Detection: Level '/Game/FirstPersonCPP/Maps/FirstPersonExampleMap.FirstPersonExampleMap:PersistentLevel' has LevelScriptBlueprint '/Game/FirstPersonCPP/Maps/FirstPersonExampleMap.FirstPersonExampleMap:PersistentLevel.FirstPersonExampleMap' with GeneratedClass '/Game/FirstPersonCPP/Maps/FirstPersonExampleMap.FirstPersonExampleMap_C' with ClassGeneratedBy '/Game/FirstPersonCPP/Maps/FirstPersonExampleMap.FirstPersonExampleMap:PersistentLevel.FirstPersonExampleMap'
[2016.09.11-20.42.41:508][329]LogHotReload: New module detected: UE4Editor-SubEarth-4564.dll
[2016.09.11-20.42.43:835][337]LogHotReload: Starting Hot-Reload from IDE
[2016.09.11-20.42.53:920][337]LogClass: Could not find existing class SubEarthCharacter in package /Script/SubEarth for HotReload, assuming new class
[2016.09.11-20.42.54:343][337]LogHotReload: Re-instancing SubEarthCharacter after hot-reload.
[2016.09.11-20.42.58:060][337]LogContentBrowser: Native class hierarchy updated for 'SubEarth' in 0.0400 seconds. Added 4 classes and 2 folders.
[2016.09.11-20.42.58:068][337]Display: HotReload successful (1 functions remapped  0 scriptstructs remapped)
[2016.09.11-20.43.05:384][337]LogContentBrowser: Native class hierarchy populated in 0.1174 seconds. Added 2147 classes and 421 folders.
[2016.09.11-20.43.05:489][337]Display: HotReload took 21.7s.
[2016.09.11-20.43.15:940][365]LogFileHelpers: Editor autosave (incl. sublevels) for '/Game/FirstPersonCPP/Maps/FirstPersonExampleMap' took 0.925
[2016.09.11-20.43.15:959][365]OBJ SavePackage: Generating thumbnails for [0] asset(s) in package [/Game/FirstPersonCPP/Blueprints/FirstPersonCharacter] ([1] browsable assets)...
[2016.09.11-20.43.15:959][365]OBJ SavePackage: Finished generating thumbnails for package [/Game/FirstPersonCPP/Blueprints/FirstPersonCharacter]
[2016.09.11-20.43.16:061][365]LogSavePackage: Save=86.55ms
[2016.09.11-20.43.16:061][365]LogSavePackage: Moving '../../../../../../Users/SeanBootCamp/Documents/SubEarth/debug/SubEarth/Saved/FirstPersonCharacter_Auto54A48D5BA4F2591EFE35651B5F55C52EC.tmp' to '../../../../../../Users/SeanBootCamp/Documents/SubEarth/debug/SubEarth/Saved/Autosaves/Game/FirstPersonCPP/Blueprints/FirstPersonCharacter_Auto5.uasset'
[2016.09.11-20.43.16:068][365]LogSavePackage:Display: Finished SavePackage ../../../../../../Users/SeanBootCamp/Documents/SubEarth/debug/SubEarth/Saved/Autosaves/Game/FirstPersonCPP/Blueprints/FirstPersonCharacter_Auto5.uasset
[2016.09.11-20.43.16:070][365]LogFileHelpers: Auto-saving content packages took 0.128
[2016.09.11-20.43.45:852][552]LogBlueprintUserMessages: Early PlayInEditor Detection: Level '/Game/FirstPersonCPP/Maps/FirstPersonExampleMap.FirstPersonExampleMap:PersistentLevel' has LevelScriptBlueprint '/Game/FirstPersonCPP/Maps/FirstPersonExampleMap.FirstPersonExampleMap:PersistentLevel.FirstPersonExampleMap' with GeneratedClass '/Game/FirstPersonCPP/Maps/FirstPersonExampleMap.FirstPersonExampleMap_C' with ClassGeneratedBy '/Game/FirstPersonCPP/Maps/FirstPersonExampleMap.FirstPersonExampleMap:PersistentLevel.FirstPersonExampleMap'
[2016.09.11-20.43.45:868][552]LogPlayLevel: PlayLevel: No blueprints needed recompiling
[2016.09.11-20.43.45:899][552]PIE: New page: PIE session: FirstPersonExampleMap (Sep 11, 2016, 5:43:45 AM)
[2016.09.11-20.43.45:909][552]LogPlayLevel: Creating play world package: /Game/FirstPersonCPP/Maps/UEDPIE_0_FirstPersonExampleMap
[2016.09.11-20.43.46:220][552]LogPlayLevel: PIE: StaticDuplicateObject took: (0.308695s)
[2016.09.11-20.43.46:358][552]LogAIModule: Creating AISystem for world FirstPersonExampleMap
[2016.09.11-20.43.46:389][552]LogPlayLevel: PIE: World Init took: (0.168434s)
[2016.09.11-20.43.46:396][552]LogPlayLevel: PIE: Created PIE world by copying editor world from /Game/FirstPersonCPP/Maps/FirstPersonExampleMap.FirstPersonExampleMap to /Game/FirstPersonCPP/Maps/UEDPIE_0_FirstPersonExampleMap.FirstPersonExampleMap (0.488175s)
[2016.09.11-20.43.47:048][552]LogInit: XAudio2 using 'Speakers (Display Audio)' : 2 channels at 44.1 kHz using 16 bits per sample (channel mask 0x3)
[2016.09.11-20.43.47:074][552]LogInit: FAudioDevice initialized.
[2016.09.11-20.43.47:184][552]LogWorld: Game class is 'SubEarthGameMode'
[2016.09.11-20.43.47:256][552]LogWorld: Bringing World /Game/FirstPersonCPP/Maps/UEDPIE_0_FirstPersonExampleMap.FirstPersonExampleMap up for play (max tick rate 60) at 2016.09.11-13.43.47
[2016.09.11-20.43.47:270][552]LogWorld: Bringing up level for play took: 0.074705
[2016.09.11-20.43.47:367][552]LogGameMode:Display: Match State Changed from EnteringMap to WaitingToStart
[2016.09.11-20.43.47:368][552]LogGameState: Match State Changed from EnteringMap to WaitingToStart
[2016.09.11-20.43.47:368][552]LogGameMode:Display: Match State Changed from WaitingToStart to InProgress
[2016.09.11-20.43.47:413][552]LogGameState: Match State Changed from WaitingToStart to InProgress
[2016.09.11-20.43.47:428][552]PIE: Info Play in editor start time for /Game/FirstPersonCPP/Maps/UEDPIE_0_FirstPersonExampleMap 0.964
[2016.09.11-20.43.47:433][552]LogBlueprintUserMessages: Late PlayInEditor Detection: Level '/Game/FirstPersonCPP/Maps/FirstPersonExampleMap.FirstPersonExampleMap:PersistentLevel' has LevelScriptBlueprint '/Game/FirstPersonCPP/Maps/FirstPersonExampleMap.FirstPersonExampleMap:PersistentLevel.FirstPersonExampleMap' with GeneratedClass '/Game/FirstPersonCPP/Maps/FirstPersonExampleMap.FirstPersonExampleMap_C' with ClassGeneratedBy '/Game/FirstPersonCPP/Maps/FirstPersonExampleMap.FirstPersonExampleMap:PersistentLevel.FirstPersonExampleMap'
[2016.09.11-20.43.57:808][798]LogBlueprintUserMessages: Early EndPlayMap Detection: Level '/Game/FirstPersonCPP/Maps/FirstPersonExampleMap.FirstPersonExampleMap:PersistentLevel' has LevelScriptBlueprint '/Game/FirstPersonCPP/Maps/FirstPersonExampleMap.FirstPersonExampleMap:PersistentLevel.FirstPersonExampleMap' with GeneratedClass '/Game/FirstPersonCPP/Maps/FirstPersonExampleMap.FirstPersonExampleMap_C' with ClassGeneratedBy '/Game/FirstPersonCPP/Maps/FirstPersonExampleMap.FirstPersonExampleMap:PersistentLevel.FirstPersonExampleMap'
[2016.09.11-20.43.58:181][798]LogBlueprintUserMessages: Late EndPlayMap Detection: Level '/Game/FirstPersonCPP/Maps/FirstPersonExampleMap.FirstPersonExampleMap:PersistentLevel' has LevelScriptBlueprint '/Game/FirstPersonCPP/Maps/FirstPersonExampleMap.FirstPersonExampleMap:PersistentLevel.FirstPersonExampleMap' with GeneratedClass '/Game/FirstPersonCPP/Maps/FirstPersonExampleMap.FirstPersonExampleMap_C' with ClassGeneratedBy '/Game/FirstPersonCPP/Maps/FirstPersonExampleMap.FirstPersonExampleMap:PersistentLevel.FirstPersonExampleMap'
[2016.09.11-21.04.33:273][757]LogSavePackage: Save=18046.20ms
[2016.09.11-21.04.33:338][757]LogSavePackage: Moving '../../../../../../Users/SeanBootCamp/Documents/SubEarth/debug/SubEarth/Saved/FirstPersonExampleMap51D057554079967F83C015ACF9985C71.tmp' to '../../../../../../Users/SeanBootCamp/Documents/SubEarth/debug/SubEarth/Content/FirstPersonCPP/Maps/FirstPersonExampleMap.umap'
[2016.09.11-21.04.33:431][757]LogSavePackage:Display: Finished SavePackage ../../../../../../Users/SeanBootCamp/Documents/SubEarth/debug/SubEarth/Content/FirstPersonCPP/Maps/FirstPersonExampleMap.umap
[2016.09.11-21.05.12:207][251]LogHotReload: New module detected: UE4Editor-SubEarth-5114.dll
[2016.09.11-21.05.15:573][323]LogHotReload: Starting Hot-Reload from IDE
[2016.09.11-21.05.16:661][323]LogClass: Could not find existing class SubEarthCharacter in package /Script/SubEarth for HotReload, assuming new class
[2016.09.11-21.05.16:771][323]LogHotReload: Re-instancing SubEarthCharacter after hot-reload.
[2016.09.11-21.05.19:458][323]LogContentBrowser: Native class hierarchy updated for 'SubEarth' in 0.0666 seconds. Added 4 classes and 2 folders.
[2016.09.11-21.05.19:464][323]Display: HotReload successful (1 functions remapped  0 scriptstructs remapped)
[2016.09.11-21.05.22:634][323]LogContentBrowser: Native class hierarchy populated in 0.1351 seconds. Added 2147 classes and 421 folders.
[2016.09.11-21.05.22:703][323]Display: HotReload took  7.1s.
[2016.09.11-21.07.05:390][785]LogHotReload: New module detected: UE4Editor-SubEarth-4541.dll
[2016.09.11-21.07.07:680][793]LogHotReload: Starting Hot-Reload from IDE
[2016.09.11-21.07.38:715][793]LogCrashTracker: 


[2016.09.11-21.07.38:715][793]LogCrashTracker: 


[2016.09.11-21.07.38:716][793]LogWindows:Error: === Critical error: ===
[2016.09.11-21.07.38:716][793]LogWindows:Error: 
[2016.09.11-21.07.38:716][793]LogWindows:Error: Fatal error!
[2016.09.11-21.07.38:716][793]LogWindows:Error: 
[2016.09.11-21.07.38:716][793]LogWindows:Error: Unhandled Exception: EXCEPTION_ACCESS_VIOLATION reading address 0xffffffff
[2016.09.11-21.07.38:716][793]LogWindows:Error: 
[2016.09.11-21.07.38:716][793]LogWindows:Error: UE4Editor-CoreUObject.dll!UObjectPropertyBase::Identical() [d:\build\++ue4+release-4.13+compile\sync\engine\source\runtime\coreuobject\private\uobject\propertybaseobject.cpp:60]
[2016.09.11-21.07.38:718][793]LogWindows:Error: UE4Editor-CoreUObject.dll!UStruct::SerializeTaggedProperties() [d:\build\++ue4+release-4.13+compile\sync\engine\source\runtime\coreuobject\private\uobject\class.cpp:1119]
[2016.09.11-21.07.38:718][793]LogWindows:Error: UE4Editor-CoreUObject.dll!UObject::SerializeScriptProperties() [d:\build\++ue4+release-4.13+compile\sync\engine\source\runtime\coreuobject\private\uobject\obj.cpp:1079]
[2016.09.11-21.07.38:718][793]LogWindows:Error: UE4Editor-CoreUObject.dll!UObject::Serialize() [d:\build\++ue4+release-4.13+compile\sync\engine\source\runtime\coreuobject\private\uobject\obj.cpp:1018]
[2016.09.11-21.07.38:718][793]LogWindows:Error: UE4Editor-CoreUObject.dll!StaticDuplicateObjectEx() [d:\build\++ue4+release-4.13+compile\sync\engine\source\runtime\coreuobject\private\uobject\uobjectglobals.cpp:1989]
[2016.09.11-21.07.38:718][793]LogWindows:Error: UE4Editor-CoreUObject.dll!StaticDuplicateObject() [d:\build\++ue4+release-4.13+compile\sync\engine\source\runtime\coreuobject\private\uobject\uobjectglobals.cpp:1895]
[2016.09.11-21.07.38:719][793]LogWindows:Error: UE4Editor-CoreUObject.dll!UClassGenerateCDODuplicatesForHotReload() [d:\build\++ue4+release-4.13+compile\sync\engine\source\runtime\coreuobject\private\uobject\uobjectbase.cpp:717]
[2016.09.11-21.07.38:719][793]LogWindows:Error: UE4Editor-CoreUObject.dll!ProcessNewlyLoadedUObjects() [d:\build\++ue4+release-4.13+compile\sync\engine\source\runtime\coreuobject\private\uobject\uobjectbase.cpp:817]
[2016.09.11-21.07.38:719][793]LogWindows:Error: UE4Editor-CoreUObject.dll!TBaseStaticDelegateInstance<void __cdecl(void)>::ExecuteIfSafe() [d:\build\++ue4+release-4.13+compile\sync\engine\source\runtime\core\public\delegates\delegateinstancesimpl.h:1017]
[2016.09.11-21.07.38:719][793]LogWindows:Error: UE4Editor-Core.dll!TBaseMulticastDelegate<void>::Broadcast() [d:\build\++ue4+release-4.13+compile\sync\engine\source\runtime\core\public\delegates\delegatesignatureimpl.inl:921]
[2016.09.11-21.07.38:719][793]LogWindows:Error: UE4Editor-Core.dll!FModuleManager::LoadModuleWithFailureReason() [d:\build\++ue4+release-4.13+compile\sync\engine\source\runtime\core\private\modules\modulemanager.cpp:461]
[2016.09.11-21.07.38:720][793]LogWindows:Error: UE4Editor-Core.dll!FModuleManager::LoadModule() [d:\build\++ue4+release-4.13+compile\sync\engine\source\runtime\core\private\modules\modulemanager.cpp:322]
[2016.09.11-21.07.38:720][793]LogWindows:Error: UE4Editor-HotReload.dll!FHotReloadModule::DoHotReloadInternal() [d:\build\++ue4+release-4.13+compile\sync\engine\source\developer\hotreload\private\hotreload.cpp:828]
[2016.09.11-21.07.38:720][793]LogWindows:Error: UE4Editor-HotReload.dll!FHotReloadModule::DoHotReloadFromIDE() [d:\build\++ue4+release-4.13+compile\sync\engine\source\developer\hotreload\private\hotreload.cpp:1453]
[2016.09.11-21.07.38:720][793]LogWindows:Error: UE4Editor-HotReload.dll!FHotReloadModule::Tick() [d:\build\++ue4+release-4.13+compile\sync\engine\source\developer\hotreload\private\hotreload.cpp:1386]
[2016.09.11-21.07.38:721][793]LogWindows:Error: UE4Editor-Core.dll!FTicker::Tick() [d:\build\++ue4+release-4.13+compile\sync\engine\source\runtime\core\private\containers\ticker.cpp:79]
[2016.09.11-21.07.38:721][793]LogWindows:Error: UE4Editor.exe!FEngineLoop::Tick() [d:\build\++ue4+release-4.13+compile\sync\engine\source\runtime\launch\private\launchengineloop.cpp:2938]
[2016.09.11-21.07.38:721][793]LogWindows:Error: UE4Editor.exe!GuardedMain() [d:\build\++ue4+release-4.13+compile\sync\engine\source\runtime\launch\private\launch.cpp:156]
[2016.09.11-21.07.38:721][793]LogWindows:Error: UE4Editor.exe!GuardedMainWrapper() [d:\build\++ue4+release-4.13+compile\sync\engine\source\runtime\launch\private\windows\launchwindows.cpp:126]
[2016.09.11-21.07.38:721][793]LogWindows:Error: UE4Editor.exe!WinMain() [d:\build\++ue4+release-4.13+compile\sync\engine\source\runtime\launch\private\windows\launchwindows.cpp:202]
[2016.09.11-21.07.38:721][793]LogWindows:Error: UE4Editor.exe!__scrt_common_main_seh() [f:\dd\vctools\crt\vcstartup\src\startup\exe_common.inl:264]
[2016.09.11-21.07.38:722][793]LogWindows:Error: kernel32.dll
[2016.09.11-21.07.38:722][793]LogWindows:Error: ntdll.dll
[2016.09.11-21.07.38:722][793]LogWindows:Error: ntdll.dll
[2016.09.11-21.07.38:722][793]LogWindows:Error: 
[2016.09.11-21.07.38:819][793]LogExit: Executing StaticShutdownAfterError
[2016.09.11-21.07.39:158][793]LogWindows: FPlatformMisc::RequestExit(1)
[2016.09.11-21.07.39:160][793]Log file closed, 09/11/16 14:07:39
