Log file open, 09/11/16 14:13:27
LogInit:Display: Running engine for game: SubEarth
LogPlatformFile: Not using cached read wrapper
LogInit:Display: RandInit(-440297021) SRandInit(-440297021).
LogTaskGraph: Started task graph with 5 named threads and 6 total threads with 1 sets of task threads.
LogStats: Stats thread started at 0.388263
LogPluginManager: Loaded Plugin Paper2D, From C:/Program Files (x86)/Epic Games/4.13/Engine/Plugins/2D/Paper2D/Paper2D.uplugin
LogPluginManager: Loaded Plugin LightPropagationVolume, From C:/Program Files (x86)/Epic Games/4.13/Engine/Plugins/Blendables/LightPropagationVolume/LightPropagationVolume.uplugin
LogPluginManager: Loaded Plugin BlankPlugin, From C:/Program Files (x86)/Epic Games/4.13/Engine/Plugins/Developer/BlankPlugin/BlankPlugin.uplugin
LogPluginManager: Loaded Plugin CodeLiteSourceCodeAccess, From C:/Program Files (x86)/Epic Games/4.13/Engine/Plugins/Developer/CodeLiteSourceCodeAccess/CodeLiteSourceCodeAccess.uplugin
LogPluginManager: Loaded Plugin GitSourceControl, From C:/Program Files (x86)/Epic Games/4.13/Engine/Plugins/Developer/GitSourceControl/GitSourceControl.uplugin
LogPluginManager: Loaded Plugin KDevelopSourceCodeAccess, From C:/Program Files (x86)/Epic Games/4.13/Engine/Plugins/Developer/KDevelopSourceCodeAccess/KDevelopSourceCodeAccess.uplugin
LogPluginManager: Loaded Plugin NullSourceCodeAccess, From C:/Program Files (x86)/Epic Games/4.13/Engine/Plugins/Developer/NullSourceCodeAccess/NullSourceCodeAccess.uplugin
LogPluginManager: Loaded Plugin OneSkyLocalizationService, From C:/Program Files (x86)/Epic Games/4.13/Engine/Plugins/Developer/OneSkyLocalizationService/OneSkyLocalizationService.uplugin
LogPluginManager: Loaded Plugin PerforceSourceControl, From C:/Program Files (x86)/Epic Games/4.13/Engine/Plugins/Developer/PerforceSourceControl/PerforceSourceControl.uplugin
LogPluginManager: Loaded Plugin SubversionSourceControl, From C:/Program Files (x86)/Epic Games/4.13/Engine/Plugins/Developer/SubversionSourceControl/SubversionSourceControl.uplugin
LogPluginManager: Loaded Plugin UObjectPlugin, From C:/Program Files (x86)/Epic Games/4.13/Engine/Plugins/Developer/UObjectPlugin/UObjectPlugin.uplugin
LogPluginManager: Loaded Plugin VisualStudioSourceCodeAccess, From C:/Program Files (x86)/Epic Games/4.13/Engine/Plugins/Developer/VisualStudioSourceCodeAccess/VisualStudioSourceCodeAccess.uplugin
LogPluginManager: Loaded Plugin XCodeSourceCodeAccess, From C:/Program Files (x86)/Epic Games/4.13/Engine/Plugins/Developer/XCodeSourceCodeAccess/XCodeSourceCodeAccess.uplugin
LogPluginManager: Loaded Plugin EpicSurvey, From C:/Program Files (x86)/Epic Games/4.13/Engine/Plugins/Editor/EpicSurvey/EpicSurvey.uplugin
LogPluginManager: Loaded Plugin MacGraphicsSwitching, From C:/Program Files (x86)/Epic Games/4.13/Engine/Plugins/Editor/MacGraphicsSwitching/MacGraphicsSwitching.uplugin
LogPluginManager: Loaded Plugin MobileLauncherProfileWizard, From C:/Program Files (x86)/Epic Games/4.13/Engine/Plugins/Editor/MobileLauncherProfileWizard/MobileLauncherProfileWizard.uplugin
LogPluginManager: Loaded Plugin PluginBrowser, From C:/Program Files (x86)/Epic Games/4.13/Engine/Plugins/Editor/PluginBrowser/PluginBrowser.uplugin
LogPluginManager: Loaded Plugin SpeedTreeImporter, From C:/Program Files (x86)/Epic Games/4.13/Engine/Plugins/Editor/SpeedTreeImporter/SpeedTreeImporter.uplugin
LogPluginManager: Loaded Plugin SuperSearchEditor, From C:/Program Files (x86)/Epic Games/4.13/Engine/Plugins/Editor/SuperSearchEditor/SuperSearchEditor.uplugin
LogPluginManager: Loaded Plugin AlembicImporter, From C:/Program Files (x86)/Epic Games/4.13/Engine/Plugins/Experimental/AlembicImporter/AlembicImporter.uplugin
LogPluginManager: Loaded Plugin BlueprintStats, From C:/Program Files (x86)/Epic Games/4.13/Engine/Plugins/Experimental/BlueprintStats/BlueprintStats.uplugin
LogPluginManager: Loaded Plugin CharacterAI, From C:/Program Files (x86)/Epic Games/4.13/Engine/Plugins/Experimental/CharacterAI/CharacterAI.uplugin
LogPluginManager: Loaded Plugin CodeEditor, From C:/Program Files (x86)/Epic Games/4.13/Engine/Plugins/Experimental/CodeEditor/CodeEditor.uplugin
LogPluginManager: Loaded Plugin CodeView, From C:/Program Files (x86)/Epic Games/4.13/Engine/Plugins/Experimental/CodeView/CodeView.uplugin
LogPluginManager: Loaded Plugin HTML5Networking, From C:/Program Files (x86)/Epic Games/4.13/Engine/Plugins/Experimental/HTML5Networking/HTML5Networking.uplugin
LogPluginManager: Loaded Plugin LiveEditor, From C:/Program Files (x86)/Epic Games/4.13/Engine/Plugins/Experimental/LiveEditor/LiveEditor.uplugin
LogPluginManager: Loaded Plugin OSVR, From C:/Program Files (x86)/Epic Games/4.13/Engine/Plugins/Experimental/OSVR/OSVR.uplugin
LogPluginManager: Loaded Plugin Phya, From C:/Program Files (x86)/Epic Games/4.13/Engine/Plugins/Experimental/Phya/Phya.uplugin
LogPluginManager: Loaded Plugin SignificanceManager, From C:/Program Files (x86)/Epic Games/4.13/Engine/Plugins/Experimental/SignificanceManager/SignificanceManager.uplugin
LogPluginManager: Loaded Plugin SimpleHMD, From C:/Program Files (x86)/Epic Games/4.13/Engine/Plugins/Experimental/SimpleHMD/SimpleHMD.uplugin
LogPluginManager: Loaded Plugin StereoPanorama, From C:/Program Files (x86)/Epic Games/4.13/Engine/Plugins/Experimental/StereoPanorama/StereoPanorama.uplugin
LogPluginManager: Loaded Plugin StructBox, From C:/Program Files (x86)/Epic Games/4.13/Engine/Plugins/Experimental/StructBox/StructBox.uplugin
LogPluginManager: Loaded Plugin AndroidMedia, From C:/Program Files (x86)/Epic Games/4.13/Engine/Plugins/Media/AndroidMedia/AndroidMedia.uplugin
LogPluginManager: Loaded Plugin AvfMedia, From C:/Program Files (x86)/Epic Games/4.13/Engine/Plugins/Media/AvfMedia/AvfMedia.uplugin
LogPluginManager: Loaded Plugin MediaPlayerEditor, From C:/Program Files (x86)/Epic Games/4.13/Engine/Plugins/Media/MediaPlayerEditor/MediaPlayerEditor.uplugin
LogPluginManager: Loaded Plugin WmfMedia, From C:/Program Files (x86)/Epic Games/4.13/Engine/Plugins/Media/WmfMedia/WmfMedia.uplugin
LogPluginManager: Loaded Plugin MessagingDebugger, From C:/Program Files (x86)/Epic Games/4.13/Engine/Plugins/Messaging/MessagingDebugger/MessagingDebugger.uplugin
LogPluginManager: Loaded Plugin TcpMessaging, From C:/Program Files (x86)/Epic Games/4.13/Engine/Plugins/Messaging/TcpMessaging/TcpMessaging.uplugin
LogPluginManager: Loaded Plugin UdpMessaging, From C:/Program Files (x86)/Epic Games/4.13/Engine/Plugins/Messaging/UdpMessaging/UdpMessaging.uplugin
LogPluginManager: Loaded Plugin LevelSequenceEditor, From C:/Program Files (x86)/Epic Games/4.13/Engine/Plugins/MovieScene/LevelSequenceEditor/LevelSequenceEditor.uplugin
LogPluginManager: Loaded Plugin MatineeToLevelSequence, From C:/Program Files (x86)/Epic Games/4.13/Engine/Plugins/MovieScene/MatineeToLevelSequence/MatineeToLevelSequence.uplugin
LogPluginManager: Loaded Plugin NetcodeUnitTest, From C:/Program Files (x86)/Epic Games/4.13/Engine/Plugins/NetcodeUnitTest/NetcodeUnitTest/NetcodeUnitTest.uplugin
LogPluginManager: Loaded Plugin NUTUnrealEngine4, From C:/Program Files (x86)/Epic Games/4.13/Engine/Plugins/NetcodeUnitTest/NUTUnrealEngine4/NUTUnrealEngine4.uplugin
LogPluginManager: Loaded Plugin OnlineSubsystemGooglePlay, From C:/Program Files (x86)/Epic Games/4.13/Engine/Plugins/Online/Android/OnlineSubsystemGooglePlay/OnlineSubsystemGooglePlay.uplugin
LogPluginManager: Loaded Plugin OnlineSubsystemIOS, From C:/Program Files (x86)/Epic Games/4.13/Engine/Plugins/Online/IOS/OnlineSubsystemIOS/OnlineSubsystemIOS.uplugin
LogPluginManager: Loaded Plugin OnlineFramework, From C:/Program Files (x86)/Epic Games/4.13/Engine/Plugins/Online/OnlineFramework/OnlineFramework.uplugin
LogPluginManager: Loaded Plugin OnlineSubsystem, From C:/Program Files (x86)/Epic Games/4.13/Engine/Plugins/Online/OnlineSubsystem/OnlineSubsystem.uplugin
LogPluginManager: Loaded Plugin OnlineSubsystemAmazon, From C:/Program Files (x86)/Epic Games/4.13/Engine/Plugins/Online/OnlineSubsystemAmazon/OnlineSubsystemAmazon.uplugin
LogPluginManager: Loaded Plugin OnlineSubsystemFacebook, From C:/Program Files (x86)/Epic Games/4.13/Engine/Plugins/Online/OnlineSubsystemFacebook/OnlineSubsystemFacebook.uplugin
LogPluginManager: Loaded Plugin OnlineSubsystemNull, From C:/Program Files (x86)/Epic Games/4.13/Engine/Plugins/Online/OnlineSubsystemNull/OnlineSubsystemNull.uplugin
LogPluginManager: Loaded Plugin OnlineSubsystemOculus, From C:/Program Files (x86)/Epic Games/4.13/Engine/Plugins/Online/OnlineSubsystemOculus/OnlineSubsystemOculus.uplugin
LogPluginManager: Loaded Plugin OnlineSubsystemSteam, From C:/Program Files (x86)/Epic Games/4.13/Engine/Plugins/Online/OnlineSubsystemSteam/OnlineSubsystemSteam.uplugin
LogPluginManager: Loaded Plugin OnlineSubsystemUtils, From C:/Program Files (x86)/Epic Games/4.13/Engine/Plugins/Online/OnlineSubsystemUtils/OnlineSubsystemUtils.uplugin
LogPluginManager: Loaded Plugin IOSTapJoy, From C:/Program Files (x86)/Epic Games/4.13/Engine/Plugins/Runtime/Advertising/IOSTapJoy/IOSTapJoy.uplugin
LogPluginManager: Loaded Plugin AnalyticsBlueprintLibrary, From C:/Program Files (x86)/Epic Games/4.13/Engine/Plugins/Runtime/Analytics/AnalyticsBlueprintLibrary/AnalyticsBlueprintLibrary.uplugin
LogPluginManager: Loaded Plugin AnalyticsMulticast, From C:/Program Files (x86)/Epic Games/4.13/Engine/Plugins/Runtime/Analytics/AnalyticsMulticast/AnalyticsMulticast.uplugin
LogPluginManager: Loaded Plugin Apsalar, From C:/Program Files (x86)/Epic Games/4.13/Engine/Plugins/Runtime/Analytics/Apsalar/Apsalar.uplugin
LogPluginManager: Loaded Plugin FileLogging, From C:/Program Files (x86)/Epic Games/4.13/Engine/Plugins/Runtime/Analytics/FileLogging/FileLogging.uplugin
LogPluginManager: Loaded Plugin Flurry, From C:/Program Files (x86)/Epic Games/4.13/Engine/Plugins/Runtime/Analytics/Flurry/Flurry.uplugin
LogPluginManager: Loaded Plugin AndroidDeviceProfileSelector, From C:/Program Files (x86)/Epic Games/4.13/Engine/Plugins/Runtime/AndroidDeviceProfileSelector/AndroidDeviceProfileSelector.uplugin
LogPluginManager: Loaded Plugin AndroidMoviePlayer, From C:/Program Files (x86)/Epic Games/4.13/Engine/Plugins/Runtime/AndroidMoviePlayer/AndroidMoviePlayer.uplugin
LogPluginManager: Loaded Plugin AppleMoviePlayer, From C:/Program Files (x86)/Epic Games/4.13/Engine/Plugins/Runtime/AppleMoviePlayer/AppleMoviePlayer.uplugin
LogPluginManager: Loaded Plugin ArchVisCharacter, From C:/Program Files (x86)/Epic Games/4.13/Engine/Plugins/Runtime/ArchVisCharacter/ArchVisCharacter.uplugin
LogPluginManager: Loaded Plugin CableComponent, From C:/Program Files (x86)/Epic Games/4.13/Engine/Plugins/Runtime/CableComponent/CableComponent.uplugin
LogPluginManager: Loaded Plugin CustomMeshComponent, From C:/Program Files (x86)/Epic Games/4.13/Engine/Plugins/Runtime/CustomMeshComponent/CustomMeshComponent.uplugin
LogPluginManager: Loaded Plugin ExampleDeviceProfileSelector, From C:/Program Files (x86)/Epic Games/4.13/Engine/Plugins/Runtime/ExampleDeviceProfileSelector/ExampleDeviceProfileSelector.uplugin
LogPluginManager: Loaded Plugin GearVR, From C:/Program Files (x86)/Epic Games/4.13/Engine/Plugins/Runtime/GearVR/GearVR.uplugin
LogPluginManager: Loaded Plugin GoogleVRController, From C:/Program Files (x86)/Epic Games/4.13/Engine/Plugins/Runtime/GoogleVR/GoogleVRController/GoogleVRController.uplugin
LogPluginManager: Loaded Plugin GoogleVRHMD, From C:/Program Files (x86)/Epic Games/4.13/Engine/Plugins/Runtime/GoogleVR/GoogleVRHMD/GoogleVRHMD.uplugin
LogPluginManager: Loaded Plugin IOSDeviceProfileSelector, From C:/Program Files (x86)/Epic Games/4.13/Engine/Plugins/Runtime/IOSDeviceProfileSelector/IOSDeviceProfileSelector.uplugin
LogPluginManager: Loaded Plugin LeapMotion, From C:/Program Files (x86)/Epic Games/4.13/Engine/Plugins/Runtime/LeapMotion/LeapMotion.uplugin
LogPluginManager: Loaded Plugin LinuxDeviceProfileSelector, From C:/Program Files (x86)/Epic Games/4.13/Engine/Plugins/Runtime/LinuxDeviceProfileSelector/LinuxDeviceProfileSelector.uplugin
LogPluginManager: Loaded Plugin LiveEditorListenServer, From C:/Program Files (x86)/Epic Games/4.13/Engine/Plugins/Runtime/LiveEditorListenServer/LiveEditorListenServer.uplugin
LogPluginManager: Loaded Plugin OculusAudio, From C:/Program Files (x86)/Epic Games/4.13/Engine/Plugins/Runtime/OculusAudio/OculusAudio.uplugin
LogPluginManager: Loaded Plugin OculusInput, From C:/Program Files (x86)/Epic Games/4.13/Engine/Plugins/Runtime/OculusInput/OculusInput.uplugin
LogPluginManager: Loaded Plugin OculusLibrary, From C:/Program Files (x86)/Epic Games/4.13/Engine/Plugins/Runtime/OculusLibrary/OculusLibrary.uplugin
LogPluginManager: Loaded Plugin OculusRift, From C:/Program Files (x86)/Epic Games/4.13/Engine/Plugins/Runtime/OculusRift/OculusRift.uplugin
LogPluginManager: Loaded Plugin Oodle, From C:/Program Files (x86)/Epic Games/4.13/Engine/Plugins/Runtime/PacketHandlers/CompressionComponents/Oodle/Oodle.uplugin
LogPluginManager: Loaded Plugin ProceduralMeshComponent, From C:/Program Files (x86)/Epic Games/4.13/Engine/Plugins/Runtime/ProceduralMeshComponent/ProceduralMeshComponent.uplugin
LogPluginManager: Loaded Plugin SoundMod, From C:/Program Files (x86)/Epic Games/4.13/Engine/Plugins/Runtime/SoundMod/SoundMod.uplugin
LogPluginManager: Loaded Plugin SoundVisualizations, From C:/Program Files (x86)/Epic Games/4.13/Engine/Plugins/Runtime/SoundVisualizations/SoundVisualizations.uplugin
LogPluginManager: Loaded Plugin SteamController, From C:/Program Files (x86)/Epic Games/4.13/Engine/Plugins/Runtime/Steam/SteamController/SteamController.uplugin
LogPluginManager: Loaded Plugin SteamVR, From C:/Program Files (x86)/Epic Games/4.13/Engine/Plugins/Runtime/Steam/SteamVR/SteamVR.uplugin
LogPluginManager: Loaded Plugin WebBrowserWidget, From C:/Program Files (x86)/Epic Games/4.13/Engine/Plugins/Runtime/WebBrowserWidget/WebBrowserWidget.uplugin
LogPluginManager: Loaded Plugin WindowsDeviceProfileSelector, From C:/Program Files (x86)/Epic Games/4.13/Engine/Plugins/Runtime/WindowsDeviceProfileSelector/WindowsDeviceProfileSelector.uplugin
LogPluginManager: Loaded Plugin WindowsMoviePlayer, From C:/Program Files (x86)/Epic Games/4.13/Engine/Plugins/Runtime/WindowsMoviePlayer/WindowsMoviePlayer.uplugin
LogPluginManager: Loaded Plugin ScriptPlugin, From C:/Program Files (x86)/Epic Games/4.13/Engine/Plugins/ScriptPlugin/ScriptPlugin.uplugin
LogPluginManager: Loaded Plugin SlateRemote, From C:/Program Files (x86)/Epic Games/4.13/Engine/Plugins/Slate/SlateRemote/SlateRemote.uplugin
LogInit: Using libcurl 7.47.1
LogInit:  - built for x86_64-pc-win32
LogInit:  - supports SSL with WinSSL
LogInit:  - other features:
LogInit:      CURL_VERSION_SSL
LogInit:      CURL_VERSION_IPV6
LogInit:      CURL_VERSION_ASYNCHDNS
LogInit:      CURL_VERSION_LARGEFILE
LogInit:      CURL_VERSION_IDN
LogInit:  CurlRequestOptions (configurable via config and command line):
LogInit:  - bVerifyPeer = false  - Libcurl will NOT verify peer certificate
LogInit:  - bUseHttpProxy = false  - Libcurl will NOT use HTTP proxy
LogInit:  - bDontReuseConnections = false  - Libcurl will reuse connections
LogInit:  - CertBundlePath = nullptr  - Libcurl will use whatever was configured at build time.
LogInit: Build: ++UE4+Release-4.13-CL-3106830
LogInit: Engine Version: 4.13.0-3106830+++UE4+Release-4.13
LogInit: Compatible Engine Version: 4.13.0-3106830+++UE4+Release-4.13
LogInit: Net CL: 3106830
LogDevObjectVersion: Number of dev versions registered: 13
LogDevObjectVersion:   Dev-Blueprints (B0D832E4-1F89-4F0D-ACCF-7EB736FD4AA2): 5
LogDevObjectVersion:   Dev-Build (E1C64328-A22C-4D53-A36C-8E866417BD8C): 0
LogDevObjectVersion:   Dev-Core (375EC13C-06E4-48FB-B500-84F0262A717E): 1
LogDevObjectVersion:   Dev-Editor (E4B068ED-F494-42E9-A231-DA0B2E46BB41): 6
LogDevObjectVersion:   Dev-Framework (CFFC743F-43B0-4480-9391-14DF171D2073): 12
LogDevObjectVersion:   Dev-Mobile (B02B49B5-BB20-44E9-A304-32B752E40360): 0
LogDevObjectVersion:   Dev-Networking (A4E4105C-59A1-49B5-A7C5-40C4547EDFEE): 0
LogDevObjectVersion:   Dev-Online (39C831C9-5AE6-47DC-9A44-9C173E1C8E7C): 0
LogDevObjectVersion:   Dev-Physics (78F01B33-EBEA-4F98-B9B4-84EACCB95AA2): 0
LogDevObjectVersion:   Dev-Platform (6631380F-2D4D-43E0-8009-CF276956A95A): 0
LogDevObjectVersion:   Dev-Rendering (12F88B9F-8875-4AFC-A67C-D90C383ABD29): 4
LogDevObjectVersion:   Dev-Sequencer (7B5AE74C-D270-4C10-A958-57980B212A5A): 0
LogDevObjectVersion:   Dev-VR (D7296918-1DD6-4BDD-9DE2-64A83CC13884): 0
LogInit: Compiled (64-bit): Aug 30 2016 18:11:39
LogInit: Compiled with Visual C++: 19.00.23026.00
LogInit: Build Configuration: Development
LogInit: Branch Name: ++UE4+Release-4.13
LogInit: Command line: 
LogInit: Base directory: C:/Program Files (x86)/Epic Games/4.13/Engine/Binaries/Win64/
LogInit: Installed Engine Build: 1
LogInit: Presizing for max 8388607 objects, including 0 objects not considered by GC, pre-allocating 0 bytes for permanent pool.
LogInit: Object subsystem initialized
[2016.09.11-21.13.28:013][  0]LogInit: Selected Device Profile: [Windows]
[2016.09.11-21.13.28:013][  0]LogInit: Applying CVar settings loaded from the selected device profile: [Windows]
[2016.09.11-21.13.28:056][  0]LogInit: Computer: SEANBOOTCAMP-PC
[2016.09.11-21.13.28:056][  0]LogInit: User: SeanBootCamp
[2016.09.11-21.13.28:056][  0]LogInit: CPU Page size=65536, Cores=2
[2016.09.11-21.13.28:056][  0]LogInit: High frequency timer resolution =1.757890 MHz
[2016.09.11-21.13.28:057][  0]LogMemory: Memory total: Physical=3.9GB (4GB approx)
[2016.09.11-21.13.28:057][  0]LogMemory: Platform Memory Stats for Windows
[2016.09.11-21.13.28:057][  0]LogMemory: Process Physical Memory: 255.90 MB used, 255.90 MB peak
[2016.09.11-21.13.28:057][  0]LogMemory: Process Virtual Memory: 267.02 MB used, 267.02 MB peak
[2016.09.11-21.13.28:057][  0]LogMemory: Physical Memory: 3892.99 MB used, 4006.73 MB total
[2016.09.11-21.13.28:057][  0]LogMemory: Virtual Memory: 596.02 MB used, 8388608.00 MB total
[2016.09.11-21.13.28:210][  0]LogTextLocalizationManager: No specific translations for ('en-US') exist, so ('en') translations will be used.
[2016.09.11-21.13.33:207][  0]LogD3D11RHI: D3D11 adapters:
[2016.09.11-21.13.33:224][  0]LogD3D11RHI:    0. 'Intel(R) HD Graphics 3000' (Feature Level 10_0)
[2016.09.11-21.13.33:224][  0]LogD3D11RHI:       64/0/1632 MB DedicatedVideo/DedicatedSystem/SharedSystem, Outputs:1, VendorId:0x8086
[2016.09.11-21.13.33:224][  0]LogD3D11RHI: Chosen D3D11 Adapter: 0
[2016.09.11-21.13.33:234][  0]LogD3D11RHI: Creating new Direct3DDevice
[2016.09.11-21.13.33:234][  0]LogD3D11RHI:     GPU DeviceId: 0x116 (for the marketing name, search the web for "GPU Device Id")
[2016.09.11-21.13.33:234][  0]LogWindows: EnumDisplayDevices:
[2016.09.11-21.13.33:236][  0]LogWindows:    0. 'Intel(R) HD Graphics 3000' (P:1 D:1)
[2016.09.11-21.13.33:236][  0]LogWindows:    1. 'Intel(R) HD Graphics 3000' (P:0 D:0)
[2016.09.11-21.13.33:236][  0]LogWindows:    2. 'RDPDD Chained DD' (P:0 D:0)
[2016.09.11-21.13.33:237][  0]LogWindows:    3. 'RDP Encoder Mirror Driver' (P:0 D:0)
[2016.09.11-21.13.33:237][  0]LogWindows:    4. 'RDP Reflector Display Driver' (P:0 D:0)
[2016.09.11-21.13.33:237][  0]LogWindows: DebugString: GetVideoDriverDetailsInvalid PrimaryIsNotTheChoosenAdapter GetVideoDriverDetailsInvalid PrimaryIsNotTheChoosenAdapter GetVideoDriverDetailsInvalid PrimaryIsNotTheChoosenAdapter FoundDriverCount:2 
[2016.09.11-21.13.33:238][  0]LogD3D11RHI:     Adapter Name: Intel(R) HD Graphics 3000
[2016.09.11-21.13.33:238][  0]LogD3D11RHI:   Driver Version: 9.17.10.4229 (internal:9.17.10.4229, unified:9.17.10.4229)
[2016.09.11-21.13.33:238][  0]LogD3D11RHI:      Driver Date: 5-26-2015
[2016.09.11-21.13.33:238][  0]LogRHI: Texture pool is 616 MB (70% of 880 MB)
[2016.09.11-21.13.33:244][  0]LogD3D11RHI: Async texture creation enabled
[2016.09.11-21.13.33:270][  0]LogD3D11RHI: GPU Timing Frequency: 12.500000 (Debug: 2 1)
[2016.09.11-21.13.33:271][  0]LogShaderCompilers: Guid format shader working directory is -21 characters bigger than the processId version (../../../../../../Users/SeanBootCamp/Documents/SubEarth/debug/SubEarth/Intermediate/Shaders/WorkingDirectory/8408/).
[2016.09.11-21.13.33:271][  0]LogShaderCompilers: Cleaned the shader compiler working directory 'C:/Users/SEANBO~1/AppData/Local/Temp/UnrealShaderWorkingDir/3BA3C97246CC54358136088811F46206/'.
[2016.09.11-21.13.33:271][  0]LogShaderCompilers:Display: Using Local Shader Compiler.
[2016.09.11-21.13.41:430][  0]LogTemp:Display: Loaded TP AllDesktopTargetPlatform
[2016.09.11-21.13.41:455][  0]LogTemp:Display: Loaded TP WindowsClientTargetPlatform
[2016.09.11-21.13.41:483][  0]LogTemp:Display: Loaded TP WindowsNoEditorTargetPlatform
[2016.09.11-21.13.41:506][  0]LogTemp:Display: Loaded TP WindowsServerTargetPlatform
[2016.09.11-21.13.41:533][  0]LogTemp:Display: Loaded TP WindowsTargetPlatform
[2016.09.11-21.13.41:559][  0]LogTemp:Display: Loaded TP AndroidTargetPlatform
[2016.09.11-21.13.41:581][  0]LogTemp:Display: Loaded TP Android_ASTCTargetPlatform
[2016.09.11-21.13.41:601][  0]LogTemp:Display: Loaded TP Android_ATCTargetPlatform
[2016.09.11-21.13.41:622][  0]LogTemp:Display: Loaded TP Android_DXTTargetPlatform
[2016.09.11-21.13.41:648][  0]LogTemp:Display: Loaded TP Android_ETC1TargetPlatform
[2016.09.11-21.13.41:675][  0]LogTemp:Display: Loaded TP Android_ETC2TargetPlatform
[2016.09.11-21.13.41:720][  0]LogTemp:Display: Loaded TP Android_MultiTargetPlatform
[2016.09.11-21.13.41:720][  0]LogTemp:Display: Loaded TP Android_PVRTCTargetPlatform
[2016.09.11-21.13.41:724][  0]LogTemp:Display: Loaded TP HTML5TargetPlatform
[2016.09.11-21.13.41:770][  0]LogTemp:Display: Loaded TP IOSTargetPlatform
[2016.09.11-21.13.41:783][  0]LogTemp:Display: Loaded TP TVOSTargetPlatform
[2016.09.11-21.13.41:802][  0]LogTemp:Display: Loaded TP LinuxClientTargetPlatform
[2016.09.11-21.13.41:821][  0]LogTemp:Display: Loaded TP LinuxNoEditorTargetPlatform
[2016.09.11-21.13.41:841][  0]LogTemp:Display: Loaded TP LinuxServerTargetPlatform
[2016.09.11-21.13.41:863][  0]LogTemp:Display: Loaded TP LinuxTargetPlatform
[2016.09.11-21.13.41:863][  0]LogTargetPlatformManager:Display: Building Assets For Windows
[2016.09.11-21.13.42:283][  0]LogDerivedDataCache:Display: Max Cache Size: 512 MB
[2016.09.11-21.13.44:694][  0]LogDerivedDataCache: Loaded boot cache 2.41s 58MB C:/Users/SeanBootCamp/AppData/Local/UnrealEngine/4.13/DerivedDataCache/Boot.ddc.
[2016.09.11-21.13.44:694][  0]LogDerivedDataCache:Display: Loaded Boot cache: C:/Users/SeanBootCamp/AppData/Local/UnrealEngine/4.13/DerivedDataCache/Boot.ddc
[2016.09.11-21.13.44:697][  0]LogDerivedDataCache: FDerivedDataBackendGraph:  Pak pak cache file ../../../../../../Users/SeanBootCamp/Documents/SubEarth/debug/SubEarth/DerivedDataCache/DDC.ddp not found, will not use a pak cache.
[2016.09.11-21.13.44:697][  0]LogDerivedDataCache: Unable to find inner node Pak for hierarchical cache Hierarchy.
[2016.09.11-21.13.44:697][  0]LogDerivedDataCache: FDerivedDataBackendGraph:  CompressedPak pak cache file ../../../../../../Users/SeanBootCamp/Documents/SubEarth/debug/SubEarth/DerivedDataCache/Compressed.ddp not found, will not use a pak cache.
[2016.09.11-21.13.44:697][  0]LogDerivedDataCache: Unable to find inner node CompressedPak for hierarchical cache Hierarchy.
[2016.09.11-21.13.44:753][  0]LogDerivedDataCache:Display: Pak cache opened for reading ../../../Engine/DerivedDataCache/Compressed.ddp.
[2016.09.11-21.13.44:765][  0]LogDerivedDataCache: Using Local data cache path C:/Users/SeanBootCamp/AppData/Local/UnrealEngine/Common/DerivedDataCache: Writable
[2016.09.11-21.13.49:119][  0]LogInit: Selected Device Profile: [Windows]
[2016.09.11-21.13.49:127][  0]LogMaterial: Uniform references updated for custom material expression Custom.
[2016.09.11-21.13.49:131][  0]LogContentStreaming: Texture pool size is 0.00 MB
[2016.09.11-21.13.49:425][  0]LogMeshUtilities: No automatic mesh reduction module available
[2016.09.11-21.13.49:425][  0]LogMeshUtilities: No automatic mesh merging module available
[2016.09.11-21.13.49:425][  0]LogMeshUtilities: No distributed automatic mesh merging module available
[2016.09.11-21.13.50:347][  0]LogNetVersion: GetLocalNetworkVersion: CL: 3106830, ProjectName: subearth, ProjectVersion: , EngineNetworkVersion: 1, GameNetworkVersion: 0, NetworkChecksum: 377010212
[2016.09.11-21.13.50:417][  0]LogAssetRegistry: FAssetRegistry took 0.0201 seconds to start up
[2016.09.11-21.13.50:471][  0]LogPackageLocalizationCache: Processed 3 localized package path(s) for 2 prioritized culture(s) in 0.046316 seconds
[2016.09.11-21.13.50:482][  0]LogUObjectArray: 29777 objects as part of root set at end of initial load.
[2016.09.11-21.13.50:482][  0]LogUObjectAllocator: 6124704 out of 0 bytes used by permanent object pool.
[2016.09.11-21.13.50:482][  0]LogUObjectArray: CloseDisregardForGC: 0/0 objects in disregard for GC pool
[2016.09.11-21.13.50:517][  0]LogInit: WinSock: version 1.1 (2.2), MaxSocks=32767, MaxUdp=65467
[2016.09.11-21.13.51:260][  0]LogSlate: SlateFontCache - WITH_FREETYPE: 1, WITH_HARFBUZZ: 1
[2016.09.11-21.13.51:260][  0]LogSlate: SlateFontCache - WITH_FREETYPE: 1, WITH_HARFBUZZ: 1
[2016.09.11-21.13.58:382][  0]LogUdpMessaging: Initializing bridge on interface 0.0.0.0:0 to multicast group 230.0.0.1:6666.
[2016.09.11-21.14.00:225][  0]SourceControl: Info Source control is disabled
[2016.09.11-21.14.00:430][  0]SourceControl: Info Source control is disabled
[2016.09.11-21.14.00:464][  0]SourceControl: Info Source control is disabled
[2016.09.11-21.14.00:496][  0]SourceControl: Info Source control is disabled
[2016.09.11-21.14.01:420][  0]LogEngine: Initializing Engine...
[2016.09.11-21.14.01:427][  0]LogHMD: Failed to initialize OpenVR with code 110
[2016.09.11-21.14.01:887][  0]LogAIModule: Creating AISystem for world Untitled
[2016.09.11-21.14.02:103][  0]LogInit: XAudio2 using 'Speakers (Display Audio)' : 2 channels at 44.1 kHz using 16 bits per sample (channel mask 0x3)
[2016.09.11-21.14.02:276][  0]LogInit: FAudioDevice initialized.
[2016.09.11-21.14.02:366][  0]LogDerivedDataCache: Saved boot cache 0.09s 58MB C:/Users/SeanBootCamp/AppData/Local/UnrealEngine/4.13/DerivedDataCache/Boot.ddc.
[2016.09.11-21.14.02:388][  0]LogInit: Texture streaming: Enabled
[2016.09.11-21.14.02:663][  0]LogInit: Transaction tracking system initialized
[2016.09.11-21.14.02:845][  0]BlueprintLog: New page: Editor Load
[2016.09.11-21.14.03:608][  0]LocalizationService: Info Localization service is disabled
[2016.09.11-21.14.04:773][  0]LogConsoleResponse:Display: 
[2016.09.11-21.14.05:237][  0]LogFileCache: Scanning file cache for directory 'C:/Users/SeanBootCamp/Documents/SubEarth/debug/SubEarth/Content/' took 0.01s
[2016.09.11-21.14.05:238][  0]LogCook:Display: Max memory allowance for cook 16384mb min free memory 0mb
[2016.09.11-21.14.05:238][  0]LogCook:Display: Mobile HDR setting 0
[2016.09.11-21.14.06:354][  0]SourceControl: Info Source control is disabled
[2016.09.11-21.14.06:405][  0]Cmd: MAP LOAD FILE="../../../../../../Users/SeanBootCamp/Documents/SubEarth/debug/SubEarth/Content/FirstPersonCPP/Maps/FirstPersonExampleMap.umap" TEMPLATE=0 SHOWPROGRESS=1 FEATURELEVEL=2
[2016.09.11-21.14.06:428][  0]LightingResults: New page: Lighting Build
[2016.09.11-21.14.06:605][  0]MapCheck: New page: Map Check
[2016.09.11-21.14.06:605][  0]LightingResults: New page: Lighting Build
[2016.09.11-21.14.07:308][  0]LogAIModule: Creating AISystem for world FirstPersonExampleMap
[2016.09.11-21.14.07:514][  0]LogEditorServer: Finished looking for orphan Actors (0.002 secs)
[2016.09.11-21.14.07:536][  0]Cmd: MAP CHECKDEP NOCLEARLOG
[2016.09.11-21.14.07:654][  0]MapCheck: Info Map check complete: 0 Error(s), 0 Warning(s), took 116.542ms to complete.
[2016.09.11-21.14.07:654][  0]LogFileHelpers: Loading map 'FirstPersonExampleMap' took 1.284
[2016.09.11-21.14.08:135][  0]LogCollectionManager: Loaded 0 collections in 0.004204 seconds
[2016.09.11-21.14.08:213][  0]LogFileCache: Scanning file cache for directory 'C:/Users/SeanBootCamp/Documents/SubEarth/debug/SubEarth/Saved/Collections/' took 0.01s
[2016.09.11-21.14.08:213][  0]LogFileCache: Scanning file cache for directory 'C:/Users/SeanBootCamp/Documents/SubEarth/debug/SubEarth/Content/Developers/SeanBootCamp/Collections/' took 0.00s
[2016.09.11-21.14.08:213][  0]LogFileCache: Scanning file cache for directory 'C:/Users/SeanBootCamp/Documents/SubEarth/debug/SubEarth/Content/Collections/' took 0.00s
[2016.09.11-21.14.08:213][  0]LogCollectionManager: Rebuilt the GUID cache for 0 collections in 0.000004 seconds
[2016.09.11-21.14.08:247][  0]LogContentBrowser: Native class hierarchy populated in 0.0292 seconds. Added 2145 classes and 417 folders.
[2016.09.11-21.14.08:270][  0]LogStats: UGameplayTagsManager::ConstructGameplayTagTree: Construct from data asset -  0.000 s
[2016.09.11-21.14.08:270][  0]LogStats: UGameplayTagsManager::ConstructGameplayTagTree: GameplayTagTreeChangedEvent.Broadcast -  0.000 s
[2016.09.11-21.14.08:273][  0]LogContentBrowser: Native class hierarchy updated for 'GameplayTags' in 0.0017 seconds. Added 12 classes and 0 folders.
[2016.09.11-21.14.08:290][  0]LogContentBrowser: Native class hierarchy updated for 'WidgetCarousel' in 0.0019 seconds. Added 0 classes and 0 folders.
[2016.09.11-21.14.08:736][  0]LogContentBrowser: Native class hierarchy updated for 'AddContentDialog' in 0.0040 seconds. Added 0 classes and 0 folders.
[2016.09.11-21.14.08:828][  0]LogContentBrowser: Native class hierarchy updated for 'SceneOutliner' in 0.0043 seconds. Added 1 classes and 2 folders.
[2016.09.11-21.14.08:904][  0]LogCrashTracker: Crashtracker disabled due to settings.
[2016.09.11-21.14.09:043][  0]LogUObjectGlobals:Warning: Failed to find object 'Class None.'
[2016.09.11-21.14.09:331][  0]LogContentBrowser: Native class hierarchy updated for 'HierarchicalLODOutliner' in 0.0069 seconds. Added 1 classes and 2 folders.
[2016.09.11-21.14.09:332][  0]LogLoad: (Engine Initialization) Total time: 44.38 seconds
[2016.09.11-21.14.09:332][  0]LogLoad: (Engine Initialization) Total Blueprint compile time: 0.33 seconds
[2016.09.11-21.14.09:333][  0]LogExternalProfiler: Found external profiler: VSPerf
[2016.09.11-21.14.09:333][  0]LogExternalProfiler: Using external profiler: VSPerf
[2016.09.11-21.14.09:353][  0]LogOcInput: OculusInput pre-init called
[2016.09.11-21.14.09:387][  0]LogContentStreaming: Texture pool size now 400 MB
[2016.09.11-21.14.09:933][  0]LogRenderer: Reallocating scene render targets to support 796x388 (Frame:2).
[2016.09.11-21.14.14:630][  5]LogAssetRegistry: Asset discovery search completed in 24.2323 seconds
[2016.09.11-21.14.14:630][  5]LogCollectionManager: Rebuilt the object cache for 0 collections in 0.000002 seconds (found 0 objects)
[2016.09.11-21.14.14:630][  5]LogCollectionManager: Fixed up redirectors for 0 collections in 0.000073 seconds (updated 0 objects)
[2016.09.11-21.14.15:944][ 39]LogRenderer: Reallocating scene render targets to support 796x796 (Frame:5).
[2016.09.11-21.14.17:512][ 54]LogBlueprintUserMessages: Early PlayInEditor Detection: Level '/Game/FirstPersonCPP/Maps/FirstPersonExampleMap.FirstPersonExampleMap:PersistentLevel' has LevelScriptBlueprint '/Game/FirstPersonCPP/Maps/FirstPersonExampleMap.FirstPersonExampleMap:PersistentLevel.FirstPersonExampleMap' with GeneratedClass '/Game/FirstPersonCPP/Maps/FirstPersonExampleMap.FirstPersonExampleMap_C' with ClassGeneratedBy '/Game/FirstPersonCPP/Maps/FirstPersonExampleMap.FirstPersonExampleMap:PersistentLevel.FirstPersonExampleMap'
[2016.09.11-21.14.17:512][ 54]LogPlayLevel: PlayLevel: No blueprints needed recompiling
[2016.09.11-21.14.17:526][ 54]PIE: New page: PIE session: FirstPersonExampleMap (Sep 11, 2016, 6:14:17 AM)
[2016.09.11-21.14.17:527][ 54]LogPlayLevel: Creating play world package: /Game/FirstPersonCPP/Maps/UEDPIE_0_FirstPersonExampleMap
[2016.09.11-21.14.17:734][ 54]LogPlayLevel: PIE: StaticDuplicateObject took: (0.207256s)
[2016.09.11-21.14.17:750][ 54]LogAIModule: Creating AISystem for world FirstPersonExampleMap
[2016.09.11-21.14.17:758][ 54]LogPlayLevel: PIE: World Init took: (0.021394s)
[2016.09.11-21.14.17:761][ 54]LogPlayLevel: PIE: Created PIE world by copying editor world from /Game/FirstPersonCPP/Maps/FirstPersonExampleMap.FirstPersonExampleMap to /Game/FirstPersonCPP/Maps/UEDPIE_0_FirstPersonExampleMap.FirstPersonExampleMap (0.234839s)
[2016.09.11-21.14.18:069][ 54]LogInit: XAudio2 using 'Speakers (Display Audio)' : 2 channels at 44.1 kHz using 16 bits per sample (channel mask 0x3)
[2016.09.11-21.14.18:241][ 54]LogInit: FAudioDevice initialized.
[2016.09.11-21.14.18:371][ 54]LogWorld: Game class is 'SubEarthGameMode'
[2016.09.11-21.14.18:391][ 54]LogWorld: Bringing World /Game/FirstPersonCPP/Maps/UEDPIE_0_FirstPersonExampleMap.FirstPersonExampleMap up for play (max tick rate 60) at 2016.09.11-14.14.18
[2016.09.11-21.14.18:394][ 54]LogWorld: Bringing up level for play took: 0.018738
[2016.09.11-21.14.18:453][ 54]LogContentBrowser: Native class hierarchy updated for 'MovieSceneCapture' in 0.0043 seconds. Added 11 classes and 0 folders.
[2016.09.11-21.14.18:454][ 54]LogGameMode:Display: Match State Changed from EnteringMap to WaitingToStart
[2016.09.11-21.14.18:454][ 54]LogGameState: Match State Changed from EnteringMap to WaitingToStart
[2016.09.11-21.14.18:454][ 54]LogGameMode:Display: Match State Changed from WaitingToStart to InProgress
[2016.09.11-21.14.18:455][ 54]LogTemp: ASubEarthCharacter started
[2016.09.11-21.14.18:455][ 54]LogGameState: Match State Changed from WaitingToStart to InProgress
[2016.09.11-21.14.18:456][ 54]PIE: Info Play in editor start time for /Game/FirstPersonCPP/Maps/UEDPIE_0_FirstPersonExampleMap 1.931
[2016.09.11-21.14.18:456][ 54]LogBlueprintUserMessages: Late PlayInEditor Detection: Level '/Game/FirstPersonCPP/Maps/FirstPersonExampleMap.FirstPersonExampleMap:PersistentLevel' has LevelScriptBlueprint '/Game/FirstPersonCPP/Maps/FirstPersonExampleMap.FirstPersonExampleMap:PersistentLevel.FirstPersonExampleMap' with GeneratedClass '/Game/FirstPersonCPP/Maps/FirstPersonExampleMap.FirstPersonExampleMap_C' with ClassGeneratedBy '/Game/FirstPersonCPP/Maps/FirstPersonExampleMap.FirstPersonExampleMap:PersistentLevel.FirstPersonExampleMap'
[2016.09.11-21.14.24:798][156]LogBlueprintUserMessages: Early EndPlayMap Detection: Level '/Game/FirstPersonCPP/Maps/FirstPersonExampleMap.FirstPersonExampleMap:PersistentLevel' has LevelScriptBlueprint '/Game/FirstPersonCPP/Maps/FirstPersonExampleMap.FirstPersonExampleMap:PersistentLevel.FirstPersonExampleMap' with GeneratedClass '/Game/FirstPersonCPP/Maps/FirstPersonExampleMap.FirstPersonExampleMap_C' with ClassGeneratedBy '/Game/FirstPersonCPP/Maps/FirstPersonExampleMap.FirstPersonExampleMap:PersistentLevel.FirstPersonExampleMap'
[2016.09.11-21.14.24:940][156]LogBlueprintUserMessages: Late EndPlayMap Detection: Level '/Game/FirstPersonCPP/Maps/FirstPersonExampleMap.FirstPersonExampleMap:PersistentLevel' has LevelScriptBlueprint '/Game/FirstPersonCPP/Maps/FirstPersonExampleMap.FirstPersonExampleMap:PersistentLevel.FirstPersonExampleMap' with GeneratedClass '/Game/FirstPersonCPP/Maps/FirstPersonExampleMap.FirstPersonExampleMap_C' with ClassGeneratedBy '/Game/FirstPersonCPP/Maps/FirstPersonExampleMap.FirstPersonExampleMap:PersistentLevel.FirstPersonExampleMap'
[2016.09.11-21.14.34:761][535]LogEditorViewport: Clicking on Actor (LMB): StaticMeshActor (Floor)
[2016.09.11-21.14.36:676][556]LogBlueprintUserMessages: Early PlayInEditor Detection: Level '/Game/FirstPersonCPP/Maps/FirstPersonExampleMap.FirstPersonExampleMap:PersistentLevel' has LevelScriptBlueprint '/Game/FirstPersonCPP/Maps/FirstPersonExampleMap.FirstPersonExampleMap:PersistentLevel.FirstPersonExampleMap' with GeneratedClass '/Game/FirstPersonCPP/Maps/FirstPersonExampleMap.FirstPersonExampleMap_C' with ClassGeneratedBy '/Game/FirstPersonCPP/Maps/FirstPersonExampleMap.FirstPersonExampleMap:PersistentLevel.FirstPersonExampleMap'
[2016.09.11-21.14.36:677][556]LogPlayLevel: PlayLevel: No blueprints needed recompiling
[2016.09.11-21.14.36:678][556]PIE: New page: PIE session: FirstPersonExampleMap (Sep 11, 2016, 6:14:36 AM)
[2016.09.11-21.14.36:679][556]LogPlayLevel: Creating play world package: /Game/FirstPersonCPP/Maps/UEDPIE_0_FirstPersonExampleMap
[2016.09.11-21.14.36:796][556]LogPlayLevel: PIE: StaticDuplicateObject took: (0.116902s)
[2016.09.11-21.14.36:801][556]LogAIModule: Creating AISystem for world FirstPersonExampleMap
[2016.09.11-21.14.36:805][556]LogPlayLevel: PIE: World Init took: (0.007791s)
[2016.09.11-21.14.36:808][556]LogPlayLevel: PIE: Created PIE world by copying editor world from /Game/FirstPersonCPP/Maps/FirstPersonExampleMap.FirstPersonExampleMap to /Game/FirstPersonCPP/Maps/UEDPIE_0_FirstPersonExampleMap.FirstPersonExampleMap (0.129374s)
[2016.09.11-21.14.36:950][556]LogInit: XAudio2 using 'Speakers (Display Audio)' : 2 channels at 44.1 kHz using 16 bits per sample (channel mask 0x3)
[2016.09.11-21.14.36:972][556]LogInit: FAudioDevice initialized.
[2016.09.11-21.14.37:019][556]LogWorld: Game class is 'SubEarthGameMode'
[2016.09.11-21.14.37:040][556]LogWorld: Bringing World /Game/FirstPersonCPP/Maps/UEDPIE_0_FirstPersonExampleMap.FirstPersonExampleMap up for play (max tick rate 60) at 2016.09.11-14.14.37
[2016.09.11-21.14.37:043][556]LogWorld: Bringing up level for play took: 0.022394
[2016.09.11-21.14.37:048][556]LogGameMode:Display: Match State Changed from EnteringMap to WaitingToStart
[2016.09.11-21.14.37:049][556]LogGameState: Match State Changed from EnteringMap to WaitingToStart
[2016.09.11-21.14.37:049][556]LogGameMode:Display: Match State Changed from WaitingToStart to InProgress
[2016.09.11-21.14.37:050][556]LogTemp: ASubEarthCharacter started
[2016.09.11-21.14.37:051][556]LogGameState: Match State Changed from WaitingToStart to InProgress
[2016.09.11-21.14.37:052][556]PIE: Info Play in editor start time for /Game/FirstPersonCPP/Maps/UEDPIE_0_FirstPersonExampleMap 0.527
[2016.09.11-21.14.37:053][556]LogBlueprintUserMessages: Late PlayInEditor Detection: Level '/Game/FirstPersonCPP/Maps/FirstPersonExampleMap.FirstPersonExampleMap:PersistentLevel' has LevelScriptBlueprint '/Game/FirstPersonCPP/Maps/FirstPersonExampleMap.FirstPersonExampleMap:PersistentLevel.FirstPersonExampleMap' with GeneratedClass '/Game/FirstPersonCPP/Maps/FirstPersonExampleMap.FirstPersonExampleMap_C' with ClassGeneratedBy '/Game/FirstPersonCPP/Maps/FirstPersonExampleMap.FirstPersonExampleMap:PersistentLevel.FirstPersonExampleMap'
[2016.09.11-21.14.48:923][762]LogBlueprintUserMessages: Early EndPlayMap Detection: Level '/Game/FirstPersonCPP/Maps/FirstPersonExampleMap.FirstPersonExampleMap:PersistentLevel' has LevelScriptBlueprint '/Game/FirstPersonCPP/Maps/FirstPersonExampleMap.FirstPersonExampleMap:PersistentLevel.FirstPersonExampleMap' with GeneratedClass '/Game/FirstPersonCPP/Maps/FirstPersonExampleMap.FirstPersonExampleMap_C' with ClassGeneratedBy '/Game/FirstPersonCPP/Maps/FirstPersonExampleMap.FirstPersonExampleMap:PersistentLevel.FirstPersonExampleMap'
[2016.09.11-21.14.49:105][762]LogBlueprintUserMessages: Late EndPlayMap Detection: Level '/Game/FirstPersonCPP/Maps/FirstPersonExampleMap.FirstPersonExampleMap:PersistentLevel' has LevelScriptBlueprint '/Game/FirstPersonCPP/Maps/FirstPersonExampleMap.FirstPersonExampleMap:PersistentLevel.FirstPersonExampleMap' with GeneratedClass '/Game/FirstPersonCPP/Maps/FirstPersonExampleMap.FirstPersonExampleMap_C' with ClassGeneratedBy '/Game/FirstPersonCPP/Maps/FirstPersonExampleMap.FirstPersonExampleMap:PersistentLevel.FirstPersonExampleMap'
[2016.09.11-21.17.41:159][311]Cmd: QUIT_EDITOR
[2016.09.11-21.17.41:282][311]LogExit: Preparing to exit.
[2016.09.11-21.17.41:583][311]LogDirectoryWatcher: A directory notification for 'C:/Users/SeanBootCamp/Documents/SubEarth/debug/SubEarth/Content/' was aborted.
[2016.09.11-21.17.41:617][311]LogExit: Editor shut down
[2016.09.11-21.17.41:618][311]LogExit: Transaction tracking system shut down
[2016.09.11-21.17.41:941][311]LogObj: Freed 0b from 0 cluster array pools.
[2016.09.11-21.17.41:941][311]LogExit: Object subsystem successfully closed.
[2016.09.11-21.17.42:009][311]LogD3D11RHI: Shutdown
[2016.09.11-21.17.42:011][311]LogD3D11RHI: CleanupD3DDevice
[2016.09.11-21.17.42:090][311]LogD3D11RHI: ~FD3D11DynamicRHI
[2016.09.11-21.17.42:221][311]LogModuleManager: Shutting down and abandoning module MovieSceneCapture (235)
[2016.09.11-21.17.42:221][311]LogModuleManager: Shutting down and abandoning module HierarchicalLODOutliner (234)
[2016.09.11-21.17.42:221][311]LogModuleManager: Shutting down and abandoning module CrashTracker (233)
[2016.09.11-21.17.42:222][311]LogModuleManager: Shutting down and abandoning module SceneOutliner (232)
[2016.09.11-21.17.42:222][311]LogModuleManager: Shutting down and abandoning module WidgetCarousel (231)
[2016.09.11-21.17.42:222][311]LogModuleManager: Shutting down and abandoning module AddContentDialog (230)
[2016.09.11-21.17.42:223][311]LogDirectoryWatcher: A directory notification for 'C:/Program Files (x86)/Epic Games/4.13/FeaturePacks/' was aborted.
[2016.09.11-21.17.42:226][311]LogModuleManager: Shutting down and abandoning module GameplayTags (229)
[2016.09.11-21.17.42:226][311]LogModuleManager: Shutting down and abandoning module EditorWidgets (228)
[2016.09.11-21.17.42:226][311]LogModuleManager: Shutting down and abandoning module CollectionManager (227)
[2016.09.11-21.17.42:227][311]LogDirectoryWatcher: A directory notification for 'C:/Users/SeanBootCamp/Documents/SubEarth/debug/SubEarth/Content/Collections/' was aborted.
[2016.09.11-21.17.42:227][311]LogDirectoryWatcher: A directory notification for 'C:/Users/SeanBootCamp/Documents/SubEarth/debug/SubEarth/Content/Developers/SeanBootCamp/Collections/' was aborted.
[2016.09.11-21.17.42:227][311]LogDirectoryWatcher: A directory notification for 'C:/Users/SeanBootCamp/Documents/SubEarth/debug/SubEarth/Saved/Collections/' was aborted.
[2016.09.11-21.17.42:227][311]LogModuleManager: Shutting down and abandoning module StatsViewer (226)
[2016.09.11-21.17.42:229][311]LogModuleManager: Shutting down and abandoning module FoliageEdit (225)
[2016.09.11-21.17.42:232][311]LogModuleManager: Shutting down and abandoning module LandscapeEditor (224)
[2016.09.11-21.17.42:234][311]LogModuleManager: Shutting down and abandoning module SceneDepthPickerMode (223)
[2016.09.11-21.17.42:234][311]LogModuleManager: Shutting down and abandoning module ActorPickerMode (222)
[2016.09.11-21.17.42:234][311]LogModuleManager: Shutting down and abandoning module GeometryMode (221)
[2016.09.11-21.17.42:234][311]LogModuleManager: Shutting down and abandoning module TextureAlignMode (220)
[2016.09.11-21.17.42:234][311]LogModuleManager: Shutting down and abandoning module BspMode (219)
[2016.09.11-21.17.42:236][311]LogModuleManager: Shutting down and abandoning module HardwareSurvey (218)
[2016.09.11-21.17.42:238][311]LogModuleManager: Shutting down and abandoning module SequenceRecorderSections (217)
[2016.09.11-21.17.42:240][311]LogModuleManager: Shutting down and abandoning module SequenceRecorder (216)
[2016.09.11-21.17.42:245][311]LogModuleManager: Shutting down and abandoning module AutomationWorker (215)
[2016.09.11-21.17.42:247][311]LogModuleManager: Shutting down and abandoning module MatineeToLevelSequence (214)
[2016.09.11-21.17.42:249][311]LogModuleManager: Shutting down and abandoning module PlacementMode (213)
[2016.09.11-21.17.42:251][311]LogModuleManager: Shutting down and abandoning module LevelSequenceEditor (212)
[2016.09.11-21.17.42:267][311]LogModuleManager: Shutting down and abandoning module WmfMediaFactory (211)
[2016.09.11-21.17.42:267][311]LogModuleManager: Shutting down and abandoning module WmfMediaEditor (210)
[2016.09.11-21.17.42:267][311]LogModuleManager: Shutting down and abandoning module AvfMediaFactory (209)
[2016.09.11-21.17.42:267][311]LogModuleManager: Shutting down and abandoning module AvfMediaEditor (208)
[2016.09.11-21.17.42:267][311]LogModuleManager: Shutting down and abandoning module Media (207)
[2016.09.11-21.17.42:267][311]LogModuleManager: Shutting down and abandoning module AndroidMediaFactory (206)
[2016.09.11-21.17.42:267][311]LogModuleManager: Shutting down and abandoning module AndroidMediaEditor (205)
[2016.09.11-21.17.42:267][311]LogModuleManager: Shutting down and abandoning module CharacterAI (204)
[2016.09.11-21.17.42:267][311]LogModuleManager: Shutting down and abandoning module SmartSnapping (203)
[2016.09.11-21.17.42:267][311]LogModuleManager: Shutting down and abandoning module SessionServices (202)
[2016.09.11-21.17.42:267][311]LogModuleManager: Shutting down and abandoning module ViewportSnapping (201)
[2016.09.11-21.17.42:267][311]LogModuleManager: Shutting down and abandoning module ViewportInteraction (200)
[2016.09.11-21.17.42:267][311]LogModuleManager: Shutting down and abandoning module LogVisualizer (199)
[2016.09.11-21.17.42:273][311]LogModuleManager: Shutting down and abandoning module GameProjectGeneration (198)
[2016.09.11-21.17.42:277][311]LogModuleManager: Shutting down and abandoning module IntroTutorials (197)
[2016.09.11-21.17.42:278][311]LogModuleManager: Shutting down and abandoning module EditorLiveStreaming (196)
[2016.09.11-21.17.42:278][311]LogModuleManager: Shutting down and abandoning module IOSPlatformEditor (195)
[2016.09.11-21.17.42:279][311]LogModuleManager: Shutting down and abandoning module HTML5PlatformEditor (194)
[2016.09.11-21.17.42:279][311]LogModuleManager: Shutting down and abandoning module AndroidDeviceDetection (193)
[2016.09.11-21.17.43:009][311]LogModuleManager: Shutting down and abandoning module AndroidPlatformEditor (192)
[2016.09.11-21.17.43:012][311]LogModuleManager: Shutting down and abandoning module IOSRuntimeSettings (191)
[2016.09.11-21.17.43:012][311]LogModuleManager: Shutting down and abandoning module AndroidRuntimeSettings (190)
[2016.09.11-21.17.43:012][311]LogModuleManager: Shutting down and abandoning module NiagaraEditor (189)
[2016.09.11-21.17.43:026][311]LogModuleManager: Shutting down and abandoning module MergeActors (188)
[2016.09.11-21.17.43:054][311]LogModuleManager: Shutting down and abandoning module SizeMap (187)
[2016.09.11-21.17.43:061][311]LogModuleManager: Shutting down and abandoning module TreeMap (186)
[2016.09.11-21.17.43:071][311]LogModuleManager: Shutting down and abandoning module ReferenceViewer (185)
[2016.09.11-21.17.43:071][311]LogModuleManager: Shutting down and abandoning module LocalizationService (184)
[2016.09.11-21.17.43:086][311]LogModuleManager: Shutting down and abandoning module LocalizationDashboard (183)
[2016.09.11-21.17.43:089][311]LogModuleManager: Shutting down and abandoning module HardwareTargeting (182)
[2016.09.11-21.17.43:092][311]LogModuleManager: Shutting down and abandoning module DeviceProfileEditor (181)
[2016.09.11-21.17.43:104][311]LogModuleManager: Shutting down and abandoning module UndoHistory (180)
[2016.09.11-21.17.43:109][311]LogModuleManager: Shutting down and abandoning module UserFeedback (179)
[2016.09.11-21.17.43:109][311]LogModuleManager: Shutting down and abandoning module XmlParser (178)
[2016.09.11-21.17.43:110][311]LogModuleManager: Shutting down and abandoning module Blutility (177)
[2016.09.11-21.17.43:112][311]LogModuleManager: Shutting down and abandoning module ProjectTargetPlatformEditor (176)
[2016.09.11-21.17.43:117][311]LogModuleManager: Shutting down and abandoning module ProjectSettingsViewer (175)
[2016.09.11-21.17.43:117][311]LogModuleManager: Shutting down and abandoning module InputBindingEditor (174)
[2016.09.11-21.17.43:141][311]LogModuleManager: Shutting down and abandoning module EditorSettingsViewer (173)
[2016.09.11-21.17.43:141][311]LogModuleManager: Shutting down and abandoning module SettingsEditor (172)
[2016.09.11-21.17.43:151][311]LogModuleManager: Shutting down and abandoning module ProjectLauncher (171)
[2016.09.11-21.17.43:157][311]LogModuleManager: Shutting down and abandoning module SessionFrontend (170)
[2016.09.11-21.17.43:163][311]LogModuleManager: Shutting down and abandoning module ProfilerClient (169)
[2016.09.11-21.17.43:176][311]LogModuleManager: Shutting down and abandoning module TargetDeviceServices (168)
[2016.09.11-21.17.43:176][311]LogModuleManager: Shutting down and abandoning module DeviceManager (167)
[2016.09.11-21.17.43:284][311]LogModuleManager: Shutting down and abandoning module AutomationController (166)
[2016.09.11-21.17.43:290][311]LogModuleManager: Shutting down and abandoning module AutomationWindow (165)
[2016.09.11-21.17.43:309][311]LogModuleManager: Shutting down and abandoning module Layers (164)
[2016.09.11-21.17.43:339][311]LogModuleManager: Shutting down and abandoning module ComponentVisualizers (163)
[2016.09.11-21.17.43:339][311]LogModuleManager: Shutting down and abandoning module DetailCustomizations (162)
[2016.09.11-21.17.43:350][311]LogModuleManager: Shutting down and abandoning module PackagesDialog (161)
[2016.09.11-21.17.43:360][311]LogModuleManager: Shutting down and abandoning module AnimGraph (160)
[2016.09.11-21.17.43:362][311]LogModuleManager: Shutting down and abandoning module Persona (159)
[2016.09.11-21.17.43:386][311]LogModuleManager: Shutting down and abandoning module Kismet (158)
[2016.09.11-21.17.43:395][311]LogModuleManager: Shutting down and abandoning module GraphEditor (157)
[2016.09.11-21.17.43:432][311]LogModuleManager: Shutting down and abandoning module ClassViewer (156)
[2016.09.11-21.17.43:436][311]LogModuleManager: Shutting down and abandoning module Toolbox (155)
[2016.09.11-21.17.43:438][311]LogModuleManager: Shutting down and abandoning module ModuleUI (154)
[2016.09.11-21.17.43:441][311]LogModuleManager: Shutting down and abandoning module MovieSceneTools (153)
[2016.09.11-21.17.43:449][311]LogModuleManager: Shutting down and abandoning module OutputLog (152)
[2016.09.11-21.17.43:449][311]LogModuleManager: Shutting down and abandoning module GammaUI (151)
[2016.09.11-21.17.43:454][311]LogModuleManager: Shutting down and abandoning module Documentation (150)
[2016.09.11-21.17.43:454][311]LogModuleManager: Shutting down and abandoning module Niagara (149)
[2016.09.11-21.17.43:456][311]LogModuleManager: Shutting down and abandoning module StreamingPauseRendering (148)
[2016.09.11-21.17.43:456][311]LogModuleManager: Shutting down and abandoning module AnalyticsET (147)
[2016.09.11-21.17.43:456][311]LogModuleManager: Shutting down and abandoning module PortalServices (146)
[2016.09.11-21.17.43:456][311]LogModuleManager: Shutting down and abandoning module PortalRpc (145)
[2016.09.11-21.17.43:456][311]LogModuleManager: Shutting down and abandoning module MessagingRpc (144)
[2016.09.11-21.17.43:456][311]LogModuleManager: Shutting down and abandoning module GameplayDebugger (143)
[2016.09.11-21.17.43:465][311]LogModuleManager: Shutting down and abandoning module AITestSuite (142)
[2016.09.11-21.17.43:469][311]LogModuleManager: Shutting down and abandoning module AIModule (141)
[2016.09.11-21.17.43:469][311]LogModuleManager: Shutting down and abandoning module ProfilerService (140)
[2016.09.11-21.17.43:497][311]LogModuleManager: Shutting down and abandoning module TaskGraph (139)
[2016.09.11-21.17.43:511][311]LogModuleManager: Shutting down and abandoning module SlateRemote (138)
[2016.09.11-21.17.43:511][311]LogModuleManager: Shutting down and abandoning module SteamVRController (137)
[2016.09.11-21.17.43:511][311]LogModuleManager: Shutting down and abandoning module SteamVR (136)
[2016.09.11-21.17.43:511][311]LogModuleManager: Shutting down and abandoning module ProceduralMeshComponentEditor (135)
[2016.09.11-21.17.43:514][311]LogModuleManager: Shutting down and abandoning module ProceduralMeshComponent (134)
[2016.09.11-21.17.43:514][311]LogModuleManager: Shutting down and abandoning module OculusLibrary (133)
[2016.09.11-21.17.43:514][311]LogModuleManager: Shutting down and abandoning module OculusInput (132)
[2016.09.11-21.17.43:514][311]LogModuleManager: Shutting down and abandoning module CustomMeshComponent (131)
[2016.09.11-21.17.43:514][311]LogModuleManager: Shutting down and abandoning module CableComponent (130)
[2016.09.11-21.17.43:514][311]LogModuleManager: Shutting down and abandoning module ArchVisCharacter (129)
[2016.09.11-21.17.43:514][311]LogModuleManager: Shutting down and abandoning module MediaPlayerEditor (127)
[2016.09.11-21.17.43:536][311]LogModuleManager: Shutting down and abandoning module HTML5Networking (126)
[2016.09.11-21.17.43:536][311]LogModuleManager: Shutting down and abandoning module GeometryCacheEd (125)
[2016.09.11-21.17.43:536][311]LogModuleManager: Shutting down and abandoning module GeometryCache (124)
[2016.09.11-21.17.43:536][311]LogModuleManager: Shutting down and abandoning module AlembicLibrary (123)
[2016.09.11-21.17.43:536][311]LogModuleManager: Shutting down and abandoning module AlembicImporter (122)
[2016.09.11-21.17.43:537][311]LogModuleManager: Shutting down and abandoning module SuperSearch (121)
[2016.09.11-21.17.43:537][311]LogModuleManager: Shutting down and abandoning module SuperSearchEditor (120)
[2016.09.11-21.17.43:537][311]LogModuleManager: Shutting down and abandoning module SpeedTreeImporter (119)
[2016.09.11-21.17.43:537][311]LogModuleManager: Shutting down and abandoning module PluginBrowser (118)
[2016.09.11-21.17.43:543][311]LogModuleManager: Shutting down and abandoning module MobileLauncherProfileWizard (117)
[2016.09.11-21.17.43:554][311]LogModuleManager: Shutting down and abandoning module EpicSurvey (116)
[2016.09.11-21.17.43:555][311]LogModuleManager: Shutting down and abandoning module DesktopPlatform (115)
[2016.09.11-21.17.43:559][311]LogModuleManager: Shutting down and abandoning module VisualStudioSourceCodeAccess (114)
[2016.09.11-21.17.43:561][311]LogModuleManager: Shutting down and abandoning module UObjectPlugin (113)
[2016.09.11-21.17.43:561][311]LogModuleManager: Shutting down and abandoning module SubversionSourceControl (112)
[2016.09.11-21.17.43:565][311]LogModuleManager: Shutting down and abandoning module PerforceSourceControl (111)
[2016.09.11-21.17.43:576][311]LogModuleManager: Shutting down and abandoning module SourceControl (110)
[2016.09.11-21.17.43:581][311]LogModuleManager: Shutting down and abandoning module GitSourceControl (109)
[2016.09.11-21.17.43:583][311]LogModuleManager: Shutting down and abandoning module LightPropagationVolumeEditor (108)
[2016.09.11-21.17.43:583][311]LogModuleManager: Shutting down and abandoning module PaperTiledImporter (107)
[2016.09.11-21.17.43:584][311]LogModuleManager: Shutting down and abandoning module PaperSpriteSheetImporter (106)
[2016.09.11-21.17.43:584][311]LogModuleManager: Shutting down and abandoning module MeshPaint (105)
[2016.09.11-21.17.43:584][311]LogModuleManager: Shutting down and abandoning module FbxAutomationBuilderModule (104)
[2016.09.11-21.17.43:586][311]LogModuleManager: Shutting down and abandoning module PixelInspectorModule (103)
[2016.09.11-21.17.43:590][311]LogModuleManager: Shutting down and abandoning module HotReload (102)
[2016.09.11-21.17.43:592][311]LogDirectoryWatcher: A directory notification for 'C:/Users/SeanBootCamp/Documents/SubEarth/debug/SubEarth/Binaries/Win64' was aborted.
[2016.09.11-21.17.43:596][311]LogModuleManager: Shutting down and abandoning module MainFrame (101)
[2016.09.11-21.17.43:596][311]LogModuleManager: Shutting down and abandoning module LevelEditor (100)
[2016.09.11-21.17.43:598][311]LogModuleManager: Shutting down and abandoning module ContentBrowser (99)
[2016.09.11-21.17.43:599][311]LogModuleManager: Shutting down and abandoning module Paper2DEditor (98)
[2016.09.11-21.17.43:609][311]LogModuleManager: Shutting down and abandoning module SubEarth (97)
[2016.09.11-21.17.43:609][311]LogModuleManager: Shutting down and abandoning module UdpMessaging (96)
[2016.09.11-21.17.43:709][311]LogModuleManager: Shutting down and abandoning module TcpMessaging (95)
[2016.09.11-21.17.43:712][311]LogModuleManager: Shutting down and abandoning module LightPropagationVolumeRuntime (94)
[2016.09.11-21.17.43:712][311]LogModuleManager: Shutting down and abandoning module Paper2D (93)
[2016.09.11-21.17.43:714][311]LogModuleManager: Shutting down and abandoning module WindowsMoviePlayer (92)
[2016.09.11-21.17.43:722][311]LogModuleManager: Shutting down and abandoning module WmfMedia (91)
[2016.09.11-21.17.43:727][311]LogModuleManager: Shutting down and abandoning module MediaAssets (90)
[2016.09.11-21.17.43:727][311]LogModuleManager: Shutting down and abandoning module GameLiveStreaming (89)
[2016.09.11-21.17.43:729][311]LogModuleManager: Shutting down and abandoning module GameplayTagsEditor (88)
[2016.09.11-21.17.43:730][311]LogModuleManager: Shutting down and abandoning module VREditor (87)
[2016.09.11-21.17.43:730][311]LogModuleManager: Shutting down and abandoning module GameplayTasksEditor (86)
[2016.09.11-21.17.43:730][311]LogModuleManager: Shutting down and abandoning module PropertyEditor (85)
[2016.09.11-21.17.43:732][311]LogModuleManager: Shutting down and abandoning module BehaviorTreeEditor (84)
[2016.09.11-21.17.43:746][311]LogModuleManager: Shutting down and abandoning module FunctionalTesting (83)
[2016.09.11-21.17.43:746][311]LogModuleManager: Shutting down and abandoning module CollisionAnalyzer (82)
[2016.09.11-21.17.43:754][311]LogModuleManager: Shutting down and abandoning module Sequencer (81)
[2016.09.11-21.17.43:763][311]LogModuleManager: Shutting down and abandoning module WorkspaceMenuStructure (80)
[2016.09.11-21.17.43:763][311]LogModuleManager: Shutting down and abandoning module MessageLog (79)
[2016.09.11-21.17.43:765][311]LogModuleManager: Shutting down and abandoning module AssetTools (78)
[2016.09.11-21.17.43:774][311]LogModuleManager: Shutting down and abandoning module UMGEditor (77)
[2016.09.11-21.17.43:784][311]LogModuleManager: Shutting down and abandoning module UMG (76)
[2016.09.11-21.17.43:788][311]LogModuleManager: Shutting down and abandoning module SlateReflector (75)
[2016.09.11-21.17.43:798][311]LogModuleManager: Shutting down and abandoning module Slate (74)
[2016.09.11-21.17.43:798][311]LogModuleManager: Shutting down and abandoning module EditorStyle (73)
[2016.09.11-21.17.43:804][311]LogModuleManager: Shutting down and abandoning module SourceCodeAccess (72)
[2016.09.11-21.17.43:804][311]LogModuleManager: Shutting down and abandoning module HeadMountedDisplay (71)
[2016.09.11-21.17.43:804][311]LogModuleManager: Shutting down and abandoning module XAudio2 (70)
[2016.09.11-21.17.43:804][311]LogModuleManager: Shutting down and abandoning module Networking (68)
[2016.09.11-21.17.43:804][311]LogModuleManager: Shutting down and abandoning module Core (67)
[2016.09.11-21.17.43:804][311]LogModuleManager: Shutting down and abandoning module DirectoryWatcher (66)
[2016.09.11-21.17.43:804][311]LogDirectoryWatcher: A directory notification for '../../../Engine/Content/' was aborted.
[2016.09.11-21.17.43:804][311]LogDirectoryWatcher: A directory notification for '../../../../../../Users/SeanBootCamp/Documents/SubEarth/debug/SubEarth/Content/' was aborted.
[2016.09.11-21.17.43:804][311]LogDirectoryWatcher: A directory notification for '../../../Engine/Plugins/2D/Paper2D/Content/' was aborted.
[2016.09.11-21.17.43:805][311]LogModuleManager: Shutting down and abandoning module AssetRegistry (65)
[2016.09.11-21.17.43:886][311]LogModuleManager: Shutting down and abandoning module KismetCompiler (64)
[2016.09.11-21.17.43:886][311]LogModuleManager: Shutting down and abandoning module PhysXFormats (63)
[2016.09.11-21.17.43:888][311]LogModuleManager: Shutting down and abandoning module MeshUtilities (62)
[2016.09.11-21.17.43:894][311]LogModuleManager: Shutting down and abandoning module DerivedDataCache (61)
[2016.09.11-21.17.43:924][311]LogDerivedDataCache: Shutdown
[2016.09.11-21.17.43:924][311]LogModuleManager: Shutting down and abandoning module VulkanShaderFormat (60)
[2016.09.11-21.17.43:925][311]LogModuleManager: Shutting down and abandoning module ShaderFormatOpenGL (59)
[2016.09.11-21.17.43:926][311]LogModuleManager: Shutting down and abandoning module ShaderFormatD3D (58)
[2016.09.11-21.17.43:928][311]LogModuleManager: Shutting down and abandoning module MetalShaderFormat (57)
[2016.09.11-21.17.43:930][311]LogModuleManager: Shutting down and abandoning module TextureFormatUncompressed (56)
[2016.09.11-21.17.43:930][311]LogModuleManager: Shutting down and abandoning module TextureFormatPVR (55)
[2016.09.11-21.17.43:931][311]LogModuleManager: Shutting down and abandoning module TextureFormatDXT (54)
[2016.09.11-21.17.43:931][311]LogModuleManager: Shutting down and abandoning module TextureFormatIntelISPCTexComp (53)
[2016.09.11-21.17.43:932][311]LogModuleManager: Shutting down and abandoning module ImageWrapper (52)
[2016.09.11-21.17.43:933][311]LogModuleManager: Shutting down and abandoning module TextureFormatASTC (51)
[2016.09.11-21.17.43:933][311]LogModuleManager: Shutting down and abandoning module TextureFormatAndroid (50)
[2016.09.11-21.17.43:933][311]LogModuleManager: Shutting down and abandoning module AudioFormatOpus (49)
[2016.09.11-21.17.43:934][311]LogModuleManager: Shutting down and abandoning module AudioFormatOgg (48)
[2016.09.11-21.17.43:934][311]LogModuleManager: Shutting down and abandoning module AudioFormatADPCM (47)
[2016.09.11-21.17.43:934][311]LogModuleManager: Shutting down and abandoning module LinuxTargetPlatform (46)
[2016.09.11-21.17.43:934][311]LogModuleManager: Shutting down and abandoning module LinuxServerTargetPlatform (45)
[2016.09.11-21.17.43:935][311]LogModuleManager: Shutting down and abandoning module LinuxNoEditorTargetPlatform (44)
[2016.09.11-21.17.43:936][311]LogModuleManager: Shutting down and abandoning module LinuxClientTargetPlatform (43)
[2016.09.11-21.17.43:938][311]LogModuleManager: Shutting down and abandoning module TVOSTargetPlatform (42)
[2016.09.11-21.17.43:938][311]LogModuleManager: Shutting down and abandoning module Messaging (41)
[2016.09.11-21.17.43:938][311]LogModuleManager: Shutting down and abandoning module IOSTargetPlatform (40)
[2016.09.11-21.17.43:938][311]LogModuleManager: Shutting down and abandoning module HTML5TargetPlatform (39)
[2016.09.11-21.17.43:938][311]LogModuleManager: Shutting down and abandoning module Android_PVRTCTargetPlatform (38)
[2016.09.11-21.17.43:938][311]LogModuleManager: Shutting down and abandoning module Android_MultiTargetPlatform (37)
[2016.09.11-21.17.43:938][311]LogModuleManager: Shutting down and abandoning module Android_ETC2TargetPlatform (36)
[2016.09.11-21.17.43:938][311]LogModuleManager: Shutting down and abandoning module Android_ETC1TargetPlatform (35)
[2016.09.11-21.17.43:938][311]LogModuleManager: Shutting down and abandoning module Android_DXTTargetPlatform (34)
[2016.09.11-21.17.43:938][311]LogModuleManager: Shutting down and abandoning module Android_ATCTargetPlatform (33)
[2016.09.11-21.17.43:938][311]LogModuleManager: Shutting down and abandoning module Android_ASTCTargetPlatform (32)
[2016.09.11-21.17.43:938][311]LogModuleManager: Shutting down and abandoning module AndroidTargetPlatform (31)
[2016.09.11-21.17.43:938][311]LogModuleManager: Shutting down and abandoning module WindowsTargetPlatform (30)
[2016.09.11-21.17.43:938][311]LogModuleManager: Shutting down and abandoning module WindowsServerTargetPlatform (29)
[2016.09.11-21.17.43:939][311]LogModuleManager: Shutting down and abandoning module WindowsNoEditorTargetPlatform (28)
[2016.09.11-21.17.43:939][311]LogModuleManager: Shutting down and abandoning module WindowsClientTargetPlatform (27)
[2016.09.11-21.17.43:941][311]LogModuleManager: Shutting down and abandoning module AllDesktopTargetPlatform (26)
[2016.09.11-21.17.43:941][311]LogModuleManager: Shutting down and abandoning module TargetPlatform (25)
[2016.09.11-21.17.43:941][311]LogModuleManager: Shutting down and abandoning module InputCore (24)
[2016.09.11-21.17.43:941][311]LogModuleManager: Shutting down and abandoning module Settings (23)
[2016.09.11-21.17.43:941][311]LogModuleManager: Shutting down and abandoning module OculusRift (22)
[2016.09.11-21.17.43:943][311]LogModuleManager: Shutting down and abandoning module GearVR (21)
[2016.09.11-21.17.43:943][311]LogModuleManager: Shutting down and abandoning module ExampleDeviceProfileSelector (20)
[2016.09.11-21.17.43:943][311]LogModuleManager: Shutting down and abandoning module OnlineBlueprintSupport (19)
[2016.09.11-21.17.43:943][311]LogModuleManager: Shutting down and abandoning module OnlineSubsystem (17)
[2016.09.11-21.17.43:947][311]LogOnline:Display: Unloading online subsystem: NULL
[2016.09.11-21.17.43:950][311]LogModuleManager: Shutting down and abandoning module HTTP (16)
[2016.09.11-21.17.43:950][311]LogHttp:Display: Http module shutting down, but needs to wait on 1 outstanding Http requests:
[2016.09.11-21.17.43:950][311]LogHttp:Display: 	verb=[POST] url=[https://datarouter.ol.epicgames.com/datarouter/api/v1/public/data?SessionID=%7B7925C46D-46DE-F90E-A8C1-5E9D8C9AA623%7D&AppID=UEEditor.Rocket.Release&AppVersion=%2B%2BUE4%2BRelease-4.13-CL-3106830&UserID=2b09482d4475ab5e8c093989fff4fdb5%7C125236e265d44e8f9bd4d57e766db7b0%7C445190b9-8e19-4410-aae3-01558175044d&AppEnvironment=datacollector-binary&UploadType=eteventstream] status=Processing
[2016.09.11-21.17.43:981][311]LogModuleManager: Shutting down and abandoning module XMPP (15)
[2016.09.11-21.17.43:985][311]LogModuleManager: Shutting down and abandoning module TextureCompressor (14)
[2016.09.11-21.17.43:990][311]LogModuleManager: Shutting down and abandoning module ShaderCore (13)
[2016.09.11-21.17.43:990][311]LogModuleManager: Shutting down and abandoning module Landscape (12)
[2016.09.11-21.17.43:990][311]LogModuleManager: Shutting down and abandoning module SlateRHIRenderer (11)
[2016.09.11-21.17.43:994][311]LogModuleManager: Shutting down and abandoning module OpenGLDrv (10)
[2016.09.11-21.17.43:997][311]LogModuleManager: Shutting down and abandoning module D3D11RHI (9)
[2016.09.11-21.17.43:997][311]LogModuleManager: Shutting down and abandoning module AnimGraphRuntime (8)
[2016.09.11-21.17.43:997][311]LogModuleManager: Shutting down and abandoning module Renderer (7)
[2016.09.11-21.17.43:997][311]LogModuleManager: Shutting down and abandoning module Engine (6)
[2016.09.11-21.17.43:997][311]LogModuleManager: Shutting down and abandoning module CoreUObject (5)
[2016.09.11-21.17.43:997][311]LogModuleManager: Shutting down and abandoning module NetworkFile (4)
[2016.09.11-21.17.43:997][311]LogModuleManager: Shutting down and abandoning module StreamingFile (3)
[2016.09.11-21.17.43:998][311]LogModuleManager: Shutting down and abandoning module SandboxFile (2)
[2016.09.11-21.17.43:998][311]LogModuleManager: Shutting down and abandoning module PakFile (1)
[2016.09.11-21.17.44:006][311]LogExit: Exiting.
[2016.09.11-21.17.44:051][311]Log file closed, 09/11/16 14:17:44
